000 (13918798.000.000) 2026-04-07 11:18:08 Job submitted from host: <172.30.1.200:9618?addrs=172.30.1.200-9618&alias=tamsa2&noUDP&sock=schedd_2583_4d37>
    DAG Node: boost_DY
...
000 (13918799.000.000) 2026-04-07 11:18:08 Job submitted from host: <172.30.1.200:9618?addrs=172.30.1.200-9618&alias=tamsa2&noUDP&sock=schedd_2583_4d37>
    DAG Node: boost_FLV
...
000 (13918800.000.000) 2026-04-07 11:18:08 Job submitted from host: <172.30.1.200:9618?addrs=172.30.1.200-9618&alias=tamsa2&noUDP&sock=schedd_2583_4d37>
    DAG Node: boost_sr
...
000 (13918801.000.000) 2026-04-07 11:18:08 Job submitted from host: <172.30.1.200:9618?addrs=172.30.1.200-9618&alias=tamsa2&noUDP&sock=schedd_2583_4d37>
    DAG Node: resolve_DY
...
000 (13918802.000.000) 2026-04-07 11:18:08 Job submitted from host: <172.30.1.200:9618?addrs=172.30.1.200-9618&alias=tamsa2&noUDP&sock=schedd_2583_4d37>
    DAG Node: resolve_FLV
...
000 (13918803.000.000) 2026-04-07 11:18:08 Job submitted from host: <172.30.1.200:9618?addrs=172.30.1.200-9618&alias=tamsa2&noUDP&sock=schedd_2583_4d37>
    DAG Node: resolve_sr
...
001 (13918802.000.000) 2026-04-07 11:19:09 Job executing on host: <172.30.1.212:9618?addrs=172.30.1.212-9618&alias=node-w12.localdomain&noUDP&sock=startd_4176_f795>
	SlotName: slot1_30@node-w12.localdomain
	CondorScratchDir = "/var/lib/condor/execute/dir_320653"
	Cpus = 1
	Disk = 2098176
	GPUs = 0
	Memory = 4096
...
001 (13918799.000.000) 2026-04-07 11:19:09 Job executing on host: <172.30.1.216:9618?addrs=172.30.1.216-9618&alias=node-w16.localdomain&noUDP&sock=startd_4199_be43>
	SlotName: slot1_20@node-w16.localdomain
	CondorScratchDir = "/var/lib/condor/execute/dir_3051407"
	Cpus = 1
	Disk = 2098176
	GPUs = 0
	Memory = 4096
...
001 (13918798.000.000) 2026-04-07 11:19:09 Job executing on host: <172.30.1.201:9618?addrs=172.30.1.201-9618&alias=node-w1.localdomain&noUDP&sock=startd_4216_675f>
	SlotName: slot1_29@node-w1.localdomain
	CondorScratchDir = "/var/lib/condor/execute/dir_3536041"
	Cpus = 1
	Disk = 2098176
	GPUs = 0
	Memory = 4096
...
001 (13918800.000.000) 2026-04-07 11:19:09 Job executing on host: <172.30.1.216:9618?addrs=172.30.1.216-9618&alias=node-w16.localdomain&noUDP&sock=startd_4199_be43>
	SlotName: slot1_50@node-w16.localdomain
	CondorScratchDir = "/var/lib/condor/execute/dir_3051408"
	Cpus = 1
	Disk = 2098176
	GPUs = 0
	Memory = 4096
...
001 (13918801.000.000) 2026-04-07 11:19:09 Job executing on host: <172.30.1.213:9618?addrs=172.30.1.213-9618&alias=node-w13.localdomain&noUDP&sock=startd_4207_3b05>
	SlotName: slot1_37@node-w13.localdomain
	CondorScratchDir = "/var/lib/condor/execute/dir_2714089"
	Cpus = 1
	Disk = 2098176
	GPUs = 0
	Memory = 4096
...
001 (13918803.000.000) 2026-04-07 11:19:09 Job executing on host: <172.30.1.215:9618?addrs=172.30.1.215-9618&alias=node-w15.localdomain&noUDP&sock=startd_4205_dbd5>
	SlotName: slot1_44@node-w15.localdomain
	CondorScratchDir = "/var/lib/condor/execute/dir_3631072"
	Cpus = 1
	Disk = 2098176
	GPUs = 0
	Memory = 4096
...
005 (13918803.000.000) 2026-04-07 11:51:51 Job terminated.
	(1) Normal termination (return value 0)
		Usr 0 00:12:41, Sys 0 00:01:14  -  Run Remote Usage
		Usr 0 00:00:00, Sys 0 00:00:00  -  Run Local Usage
		Usr 0 00:12:41, Sys 0 00:01:14  -  Total Remote Usage
		Usr 0 00:00:00, Sys 0 00:00:00  -  Total Local Usage
	0  -  Run Bytes Sent By Job
	0  -  Run Bytes Received By Job
	0  -  Total Bytes Sent By Job
	0  -  Total Bytes Received By Job
	Partitionable Resources :    Usage  Request Allocated 
	   Cpus                 :     0.73        1         1 
	   Disk (KB)            :     2     2097152   2098176 
	   GPUs                 :                           0 
	   Memory (MB)          :   154        4096      4096 
	   TimeExecute (s)      :  1962                       
	   TimeSlotBusy (s)     :  1963                       

	Job terminated of its own accord at 2026-04-07T02:51:51Z with exit-code 0.
...
005 (13918802.000.000) 2026-04-07 12:01:32 Job terminated.
	(1) Normal termination (return value 0)
		Usr 0 00:15:37, Sys 0 00:01:18  -  Run Remote Usage
		Usr 0 00:00:00, Sys 0 00:00:00  -  Run Local Usage
		Usr 0 00:15:37, Sys 0 00:01:18  -  Total Remote Usage
		Usr 0 00:00:00, Sys 0 00:00:00  -  Total Local Usage
	0  -  Run Bytes Sent By Job
	0  -  Run Bytes Received By Job
	0  -  Total Bytes Sent By Job
	0  -  Total Bytes Received By Job
	Partitionable Resources :    Usage  Request Allocated 
	   Cpus                 :     0.79        1         1 
	   Disk (KB)            :     2     2097152   2098176 
	   GPUs                 :                           0 
	   Memory (MB)          :   156        4096      4096 
	   TimeExecute (s)      :  2543                       
	   TimeSlotBusy (s)     :  2544                       

	Job terminated of its own accord at 2026-04-07T03:01:32Z with exit-code 0.
...
005 (13918799.000.000) 2026-04-07 12:09:39 Job terminated.
	(1) Normal termination (return value 0)
		Usr 0 00:18:38, Sys 0 00:01:29  -  Run Remote Usage
		Usr 0 00:00:00, Sys 0 00:00:00  -  Run Local Usage
		Usr 0 00:18:38, Sys 0 00:01:29  -  Total Remote Usage
		Usr 0 00:00:00, Sys 0 00:00:00  -  Total Local Usage
	0  -  Run Bytes Sent By Job
	0  -  Run Bytes Received By Job
	0  -  Total Bytes Sent By Job
	0  -  Total Bytes Received By Job
	Partitionable Resources :    Usage  Request Allocated 
	   Cpus                 :        0        1         1 
	   Disk (KB)            :        2  2097152   2098176 
	   GPUs                 :                           0 
	   Memory (MB)          :      184     4096      4096 
	   TimeExecute (s)      :     3030                    
	   TimeSlotBusy (s)     :     3031                    

	Job terminated of its own accord at 2026-04-07T03:09:39Z with exit-code 0.
...
005 (13918801.000.000) 2026-04-07 12:11:13 Job terminated.
	(1) Normal termination (return value 0)
		Usr 0 00:15:56, Sys 0 00:01:24  -  Run Remote Usage
		Usr 0 00:00:00, Sys 0 00:00:00  -  Run Local Usage
		Usr 0 00:15:56, Sys 0 00:01:24  -  Total Remote Usage
		Usr 0 00:00:00, Sys 0 00:00:00  -  Total Local Usage
	0  -  Run Bytes Sent By Job
	0  -  Run Bytes Received By Job
	0  -  Total Bytes Sent By Job
	0  -  Total Bytes Received By Job
	Partitionable Resources :    Usage  Request Allocated 
	   Cpus                 :     0.72        1         1 
	   Disk (KB)            :     2     2097152   2098176 
	   GPUs                 :                           0 
	   Memory (MB)          :   154        4096      4096 
	   TimeExecute (s)      :  3124                       
	   TimeSlotBusy (s)     :  3125                       

	Job terminated of its own accord at 2026-04-07T03:11:13Z with exit-code 0.
...
005 (13918800.000.000) 2026-04-07 12:15:17 Job terminated.
	(1) Normal termination (return value 0)
		Usr 0 00:11:23, Sys 0 00:00:52  -  Run Remote Usage
		Usr 0 00:00:00, Sys 0 00:00:00  -  Run Local Usage
		Usr 0 00:11:23, Sys 0 00:00:52  -  Total Remote Usage
		Usr 0 00:00:00, Sys 0 00:00:00  -  Total Local Usage
	0  -  Run Bytes Sent By Job
	0  -  Run Bytes Received By Job
	0  -  Total Bytes Sent By Job
	0  -  Total Bytes Received By Job
	Partitionable Resources :    Usage  Request Allocated 
	   Cpus                 :     0.96        1         1 
	   Disk (KB)            :     2     2097152   2098176 
	   GPUs                 :                           0 
	   Memory (MB)          :   166        4096      4096 
	   TimeExecute (s)      :  3368                       
	   TimeSlotBusy (s)     :  3369                       

	Job terminated of its own accord at 2026-04-07T03:15:17Z with exit-code 0.
...
005 (13918798.000.000) 2026-04-07 12:28:15 Job terminated.
	(1) Normal termination (return value 0)
		Usr 0 00:10:46, Sys 0 00:00:51  -  Run Remote Usage
		Usr 0 00:00:00, Sys 0 00:00:00  -  Run Local Usage
		Usr 0 00:10:46, Sys 0 00:00:51  -  Total Remote Usage
		Usr 0 00:00:00, Sys 0 00:00:00  -  Total Local Usage
	0  -  Run Bytes Sent By Job
	0  -  Run Bytes Received By Job
	0  -  Total Bytes Sent By Job
	0  -  Total Bytes Received By Job
	Partitionable Resources :    Usage  Request Allocated 
	   Cpus                 :     0.18        1         1 
	   Disk (KB)            :     2     2097152   2098176 
	   GPUs                 :                           0 
	   Memory (MB)          :   158        4096      4096 
	   TimeExecute (s)      :  4146                       
	   TimeSlotBusy (s)     :  4147                       

	Job terminated of its own accord at 2026-04-07T03:28:15Z with exit-code 0.
...
000 (13918806.000.000) 2026-04-07 12:28:23 Job submitted from host: <172.30.1.200:9618?addrs=172.30.1.200-9618&alias=tamsa2&noUDP&sock=schedd_2583_4d37>
    DAG Node: organize
...
001 (13918806.000.000) 2026-04-07 12:28:24 Job executing on host: <172.30.1.201:9618?addrs=172.30.1.201-9618&alias=node-w1.localdomain&noUDP&sock=startd_4216_675f>
	SlotName: slot1_29@node-w1.localdomain
	CondorScratchDir = "/var/lib/condor/execute/dir_3573504"
	Cpus = 1
	Disk = 2098176
	GPUs = 0
	Memory = 4096
...
005 (13918806.000.000) 2026-04-07 12:28:33 Job terminated.
	(1) Normal termination (return value 0)
		Usr 0 00:00:00, Sys 0 00:00:00  -  Run Remote Usage
		Usr 0 00:00:00, Sys 0 00:00:00  -  Run Local Usage
		Usr 0 00:00:00, Sys 0 00:00:00  -  Total Remote Usage
		Usr 0 00:00:00, Sys 0 00:00:00  -  Total Local Usage
	0  -  Run Bytes Sent By Job
	0  -  Run Bytes Received By Job
	0  -  Total Bytes Sent By Job
	0  -  Total Bytes Received By Job
	Partitionable Resources :    Usage  Request Allocated 
	   Cpus                 :        0        1         1 
	   Disk (KB)            :        2  2097152   2098176 
	   GPUs                 :                           0 
	   Memory (MB)          :        0     4096      4096 
	   TimeExecute (s)      :        9                    
	   TimeSlotBusy (s)     :        9                    

	Job terminated of its own accord at 2026-04-07T03:28:33Z with exit-code 0.
...
