000 (14959326.000.000) 2026-06-10 19:28:33 Job submitted from host: <172.30.1.200:9618?addrs=172.30.1.200-9618&alias=tamsa2&noUDP&sock=schedd_2474_8965>
    DAG Node: boost_DY
...
000 (14959327.000.000) 2026-06-10 19:28:33 Job submitted from host: <172.30.1.200:9618?addrs=172.30.1.200-9618&alias=tamsa2&noUDP&sock=schedd_2474_8965>
    DAG Node: boost_FLV
...
000 (14959328.000.000) 2026-06-10 19:28:33 Job submitted from host: <172.30.1.200:9618?addrs=172.30.1.200-9618&alias=tamsa2&noUDP&sock=schedd_2474_8965>
    DAG Node: boost_sr
...
000 (14959329.000.000) 2026-06-10 19:28:33 Job submitted from host: <172.30.1.200:9618?addrs=172.30.1.200-9618&alias=tamsa2&noUDP&sock=schedd_2474_8965>
    DAG Node: resolve_DY
...
000 (14959330.000.000) 2026-06-10 19:28:33 Job submitted from host: <172.30.1.200:9618?addrs=172.30.1.200-9618&alias=tamsa2&noUDP&sock=schedd_2474_8965>
    DAG Node: resolve_FLV
...
000 (14959331.000.000) 2026-06-10 19:28:33 Job submitted from host: <172.30.1.200:9618?addrs=172.30.1.200-9618&alias=tamsa2&noUDP&sock=schedd_2474_8965>
    DAG Node: resolve_sr
...
001 (14959327.000.000) 2026-06-10 19:28:54 Job executing on host: <172.30.1.221:9618?addrs=172.30.1.221-9618&alias=node-w21.localdomain&noUDP&sock=startd_2680681_c666>
	SlotName: slot1_30@node-w21.localdomain
	CondorScratchDir = "/var/lib/condor/execute/dir_14740"
	Cpus = 1
	Disk = 2098176
	GPUs = 0
	Memory = 4096
...
001 (14959326.000.000) 2026-06-10 19:28:54 Job executing on host: <172.30.1.221:9618?addrs=172.30.1.221-9618&alias=node-w21.localdomain&noUDP&sock=startd_2680681_c666>
	SlotName: slot1_3@node-w21.localdomain
	CondorScratchDir = "/var/lib/condor/execute/dir_14739"
	Cpus = 1
	Disk = 2098176
	GPUs = 0
	Memory = 4096
...
001 (14959328.000.000) 2026-06-10 19:28:54 Job executing on host: <172.30.1.221:9618?addrs=172.30.1.221-9618&alias=node-w21.localdomain&noUDP&sock=startd_2680681_c666>
	SlotName: slot1_31@node-w21.localdomain
	CondorScratchDir = "/var/lib/condor/execute/dir_14741"
	Cpus = 1
	Disk = 2098176
	GPUs = 0
	Memory = 4096
...
001 (14959329.000.000) 2026-06-10 19:28:54 Job executing on host: <172.30.1.217:9618?addrs=172.30.1.217-9618&alias=node-w17.localdomain&noUDP&sock=startd_419933_b01d>
	SlotName: slot1_28@node-w17.localdomain
	CondorScratchDir = "/var/lib/condor/execute/dir_1521455"
	Cpus = 1
	Disk = 2098176
	GPUs = 0
	Memory = 4096
...
001 (14959330.000.000) 2026-06-10 19:28:54 Job executing on host: <172.30.1.217:9618?addrs=172.30.1.217-9618&alias=node-w17.localdomain&noUDP&sock=startd_419933_b01d>
	SlotName: slot1_29@node-w17.localdomain
	CondorScratchDir = "/var/lib/condor/execute/dir_1521456"
	Cpus = 1
	Disk = 2098176
	GPUs = 0
	Memory = 4096
...
001 (14959331.000.000) 2026-06-10 19:28:54 Job executing on host: <172.30.1.217:9618?addrs=172.30.1.217-9618&alias=node-w17.localdomain&noUDP&sock=startd_419933_b01d>
	SlotName: slot1_30@node-w17.localdomain
	CondorScratchDir = "/var/lib/condor/execute/dir_1521457"
	Cpus = 1
	Disk = 2098176
	GPUs = 0
	Memory = 4096
...
006 (14959326.000.000) 2026-06-10 19:29:07 Image size of job updated: 161948
	159  -  MemoryUsage of job (MB)
	161948  -  ResidentSetSize of job (KB)
...
006 (14959327.000.000) 2026-06-10 19:29:07 Image size of job updated: 207560
	203  -  MemoryUsage of job (MB)
	207560  -  ResidentSetSize of job (KB)
...
006 (14959328.000.000) 2026-06-10 19:29:07 Image size of job updated: 161196
	158  -  MemoryUsage of job (MB)
	161196  -  ResidentSetSize of job (KB)
...
006 (14959331.000.000) 2026-06-10 19:29:07 Image size of job updated: 162668
	159  -  MemoryUsage of job (MB)
	162668  -  ResidentSetSize of job (KB)
...
006 (14959330.000.000) 2026-06-10 19:29:07 Image size of job updated: 159764
	157  -  MemoryUsage of job (MB)
	159764  -  ResidentSetSize of job (KB)
...
006 (14959329.000.000) 2026-06-10 19:29:07 Image size of job updated: 160540
	157  -  MemoryUsage of job (MB)
	160540  -  ResidentSetSize of job (KB)
...
006 (14959327.000.000) 2026-06-10 19:34:07 Image size of job updated: 242704
	203  -  MemoryUsage of job (MB)
	207592  -  ResidentSetSize of job (KB)
...
006 (14959328.000.000) 2026-06-10 19:34:07 Image size of job updated: 422960
	158  -  MemoryUsage of job (MB)
	161196  -  ResidentSetSize of job (KB)
...
006 (14959330.000.000) 2026-06-10 19:34:07 Image size of job updated: 169084
	157  -  MemoryUsage of job (MB)
	159764  -  ResidentSetSize of job (KB)
...
006 (14959326.000.000) 2026-06-10 19:34:07 Image size of job updated: 171436
	159  -  MemoryUsage of job (MB)
	161948  -  ResidentSetSize of job (KB)
...
006 (14959331.000.000) 2026-06-10 19:34:07 Image size of job updated: 166164
	159  -  MemoryUsage of job (MB)
	162668  -  ResidentSetSize of job (KB)
...
006 (14959329.000.000) 2026-06-10 19:34:07 Image size of job updated: 168748
	159  -  MemoryUsage of job (MB)
	162408  -  ResidentSetSize of job (KB)
...
006 (14959328.000.000) 2026-06-10 19:39:08 Image size of job updated: 422960
	159  -  MemoryUsage of job (MB)
	162552  -  ResidentSetSize of job (KB)
...
006 (14959330.000.000) 2026-06-10 19:39:08 Image size of job updated: 190424
	158  -  MemoryUsage of job (MB)
	161564  -  ResidentSetSize of job (KB)
...
006 (14959331.000.000) 2026-06-10 19:39:08 Image size of job updated: 189556
	159  -  MemoryUsage of job (MB)
	162668  -  ResidentSetSize of job (KB)
...
006 (14959329.000.000) 2026-06-10 19:39:08 Image size of job updated: 183468
	162  -  MemoryUsage of job (MB)
	165260  -  ResidentSetSize of job (KB)
...
006 (14959327.000.000) 2026-06-10 19:44:08 Image size of job updated: 244996
	203  -  MemoryUsage of job (MB)
	207592  -  ResidentSetSize of job (KB)
...
006 (14959328.000.000) 2026-06-10 19:44:08 Image size of job updated: 438488
	206  -  MemoryUsage of job (MB)
	210564  -  ResidentSetSize of job (KB)
...
006 (14959326.000.000) 2026-06-10 19:44:08 Image size of job updated: 179636
	159  -  MemoryUsage of job (MB)
	161948  -  ResidentSetSize of job (KB)
...
006 (14959331.000.000) 2026-06-10 19:44:09 Image size of job updated: 189556
	162  -  MemoryUsage of job (MB)
	165364  -  ResidentSetSize of job (KB)
...
006 (14959328.000.000) 2026-06-10 19:49:08 Image size of job updated: 438488
	206  -  MemoryUsage of job (MB)
	210688  -  ResidentSetSize of job (KB)
...
006 (14959326.000.000) 2026-06-10 19:49:08 Image size of job updated: 180644
	159  -  MemoryUsage of job (MB)
	161948  -  ResidentSetSize of job (KB)
...
006 (14959331.000.000) 2026-06-10 19:49:09 Image size of job updated: 197452
	163  -  MemoryUsage of job (MB)
	165908  -  ResidentSetSize of job (KB)
...
006 (14959330.000.000) 2026-06-10 19:49:09 Image size of job updated: 193684
	158  -  MemoryUsage of job (MB)
	161564  -  ResidentSetSize of job (KB)
...
005 (14959328.000.000) 2026-06-10 19:53:42 Job terminated.
	(1) Normal termination (return value 0)
		Usr 0 00:18:46, Sys 0 00:01:07  -  Run Remote Usage
		Usr 0 00:00:00, Sys 0 00:00:00  -  Run Local Usage
		Usr 0 00:18:46, Sys 0 00:01:07  -  Total Remote Usage
		Usr 0 00:00:00, Sys 0 00:00:00  -  Total Local Usage
	0  -  Run Bytes Sent By Job
	0  -  Run Bytes Received By Job
	0  -  Total Bytes Sent By Job
	0  -  Total Bytes Received By Job
	Partitionable Resources :    Usage  Request Allocated 
	   Cpus                 :     0.21        1         1 
	   Disk (KB)            :     2     2097152   2098176 
	   GPUs                 :                           0 
	   Memory (MB)          :   206        4096      4096 
	   TimeExecute (s)      :  1488                       
	   TimeSlotBusy (s)     :  1488                       

	Job terminated of its own accord at 2026-06-10T10:53:42Z with exit-code 0.
...
006 (14959326.000.000) 2026-06-10 19:54:09 Image size of job updated: 180644
	168  -  MemoryUsage of job (MB)
	171148  -  ResidentSetSize of job (KB)
...
006 (14959331.000.000) 2026-06-10 19:54:10 Image size of job updated: 197452
	170  -  MemoryUsage of job (MB)
	173164  -  ResidentSetSize of job (KB)
...
006 (14959330.000.000) 2026-06-10 19:54:10 Image size of job updated: 193684
	159  -  MemoryUsage of job (MB)
	162416  -  ResidentSetSize of job (KB)
...
006 (14959329.000.000) 2026-06-10 19:54:10 Image size of job updated: 183468
	174  -  MemoryUsage of job (MB)
	178004  -  ResidentSetSize of job (KB)
...
005 (14959330.000.000) 2026-06-10 19:56:59 Job terminated.
	(1) Normal termination (return value 0)
		Usr 0 00:19:51, Sys 0 00:01:13  -  Run Remote Usage
		Usr 0 00:00:00, Sys 0 00:00:00  -  Run Local Usage
		Usr 0 00:19:51, Sys 0 00:01:13  -  Total Remote Usage
		Usr 0 00:00:00, Sys 0 00:00:00  -  Total Local Usage
	0  -  Run Bytes Sent By Job
	0  -  Run Bytes Received By Job
	0  -  Total Bytes Sent By Job
	0  -  Total Bytes Received By Job
	Partitionable Resources :    Usage  Request Allocated 
	   Cpus                 :     0.70        1         1 
	   Disk (KB)            :     2     2097152   2098176 
	   GPUs                 :                           0 
	   Memory (MB)          :   159        4096      4096 
	   TimeExecute (s)      :  1685                       
	   TimeSlotBusy (s)     :  1685                       

	Job terminated of its own accord at 2026-06-10T10:56:59Z with exit-code 0.
...
006 (14959326.000.000) 2026-06-10 19:59:09 Image size of job updated: 180644
	168  -  MemoryUsage of job (MB)
	171244  -  ResidentSetSize of job (KB)
...
006 (14959329.000.000) 2026-06-10 20:04:10 Image size of job updated: 184384
	174  -  MemoryUsage of job (MB)
	178004  -  ResidentSetSize of job (KB)
...
006 (14959327.000.000) 2026-06-10 20:04:10 Image size of job updated: 250440
	203  -  MemoryUsage of job (MB)
	207592  -  ResidentSetSize of job (KB)
...
006 (14959326.000.000) 2026-06-10 20:04:10 Image size of job updated: 183260
	168  -  MemoryUsage of job (MB)
	171244  -  ResidentSetSize of job (KB)
...
005 (14959326.000.000) 2026-06-10 20:08:33 Job terminated.
	(1) Normal termination (return value 0)
		Usr 0 00:29:33, Sys 0 00:01:46  -  Run Remote Usage
		Usr 0 00:00:00, Sys 0 00:00:00  -  Run Local Usage
		Usr 0 00:29:33, Sys 0 00:01:46  -  Total Remote Usage
		Usr 0 00:00:00, Sys 0 00:00:00  -  Total Local Usage
	0  -  Run Bytes Sent By Job
	0  -  Run Bytes Received By Job
	0  -  Total Bytes Sent By Job
	0  -  Total Bytes Received By Job
	Partitionable Resources :    Usage  Request Allocated 
	   Cpus                 :     0.51        1         1 
	   Disk (KB)            :     2     2097152   2098176 
	   GPUs                 :                           0 
	   Memory (MB)          :   168        4096      4096 
	   TimeExecute (s)      :  2379                       
	   TimeSlotBusy (s)     :  2379                       

	Job terminated of its own accord at 2026-06-10T11:08:33Z with exit-code 0.
...
005 (14959327.000.000) 2026-06-10 20:10:20 Job terminated.
	(1) Normal termination (return value 0)
		Usr 0 00:31:01, Sys 0 00:01:49  -  Run Remote Usage
		Usr 0 00:00:00, Sys 0 00:00:00  -  Run Local Usage
		Usr 0 00:31:01, Sys 0 00:01:49  -  Total Remote Usage
		Usr 0 00:00:00, Sys 0 00:00:00  -  Total Local Usage
	0  -  Run Bytes Sent By Job
	0  -  Run Bytes Received By Job
	0  -  Total Bytes Sent By Job
	0  -  Total Bytes Received By Job
	Partitionable Resources :    Usage  Request Allocated 
	   Cpus                 :     0.69        1         1 
	   Disk (KB)            :     2     2097152   2098176 
	   GPUs                 :                           0 
	   Memory (MB)          :   203        4096      4096 
	   TimeExecute (s)      :  2486                       
	   TimeSlotBusy (s)     :  2486                       

	Job terminated of its own accord at 2026-06-10T11:10:20Z with exit-code 0.
...
005 (14959329.000.000) 2026-06-10 20:14:45 Job terminated.
	(1) Normal termination (return value 0)
		Usr 0 00:32:57, Sys 0 00:02:01  -  Run Remote Usage
		Usr 0 00:00:00, Sys 0 00:00:00  -  Run Local Usage
		Usr 0 00:32:57, Sys 0 00:02:01  -  Total Remote Usage
		Usr 0 00:00:00, Sys 0 00:00:00  -  Total Local Usage
	0  -  Run Bytes Sent By Job
	0  -  Run Bytes Received By Job
	0  -  Total Bytes Sent By Job
	0  -  Total Bytes Received By Job
	Partitionable Resources :    Usage  Request Allocated 
	   Cpus                 :     0.88        1         1 
	   Disk (KB)            :     2     2097152   2098176 
	   GPUs                 :                           0 
	   Memory (MB)          :   174        4096      4096 
	   TimeExecute (s)      :  2751                       
	   TimeSlotBusy (s)     :  2751                       

	Job terminated of its own accord at 2026-06-10T11:14:45Z with exit-code 0.
...
005 (14959331.000.000) 2026-06-10 20:17:31 Job terminated.
	(1) Normal termination (return value 0)
		Usr 0 00:33:30, Sys 0 00:02:02  -  Run Remote Usage
		Usr 0 00:00:00, Sys 0 00:00:00  -  Run Local Usage
		Usr 0 00:33:30, Sys 0 00:02:02  -  Total Remote Usage
		Usr 0 00:00:00, Sys 0 00:00:00  -  Total Local Usage
	0  -  Run Bytes Sent By Job
	0  -  Run Bytes Received By Job
	0  -  Total Bytes Sent By Job
	0  -  Total Bytes Received By Job
	Partitionable Resources :    Usage  Request Allocated 
	   Cpus                 :     0.67        1         1 
	   Disk (KB)            :     2     2097152   2098176 
	   GPUs                 :                           0 
	   Memory (MB)          :   170        4096      4096 
	   TimeExecute (s)      :  2917                       
	   TimeSlotBusy (s)     :  2917                       

	Job terminated of its own accord at 2026-06-10T11:17:31Z with exit-code 0.
...
000 (14959909.000.000) 2026-06-10 20:17:37 Job submitted from host: <172.30.1.200:9618?addrs=172.30.1.200-9618&alias=tamsa2&noUDP&sock=schedd_2474_8965>
    DAG Node: organize
...
001 (14959909.000.000) 2026-06-10 20:17:39 Job executing on host: <172.30.1.215:9618?addrs=172.30.1.215-9618&alias=node-w15.localdomain&noUDP&sock=startd_1576221_147d>
	SlotName: slot1_22@node-w15.localdomain
	CondorScratchDir = "/var/lib/condor/execute/dir_3318486"
	Cpus = 1
	Disk = 2098176
	GPUs = 0
	Memory = 4096
...
006 (14959909.000.000) 2026-06-10 20:17:49 Image size of job updated: 13504
	0  -  MemoryUsage of job (MB)
	0  -  ResidentSetSize of job (KB)
...
005 (14959909.000.000) 2026-06-10 20:17:49 Job terminated.
	(1) Normal termination (return value 0)
		Usr 0 00:00:00, Sys 0 00:00:00  -  Run Remote Usage
		Usr 0 00:00:00, Sys 0 00:00:00  -  Run Local Usage
		Usr 0 00:00:00, Sys 0 00:00:00  -  Total Remote Usage
		Usr 0 00:00:00, Sys 0 00:00:00  -  Total Local Usage
	0  -  Run Bytes Sent By Job
	0  -  Run Bytes Received By Job
	0  -  Total Bytes Sent By Job
	0  -  Total Bytes Received By Job
	Partitionable Resources :    Usage  Request Allocated 
	   Cpus                 :        0        1         1 
	   Disk (KB)            :        2  2097152   2098176 
	   GPUs                 :                           0 
	   Memory (MB)          :        0     4096      4096 
	   TimeExecute (s)      :       11                    
	   TimeSlotBusy (s)     :       11                    

	Job terminated of its own accord at 2026-06-10T11:17:49Z with exit-code 0.
...
000 (15035936.000.000) 2026-06-12 16:56:05 Job submitted from host: <172.30.1.200:9618?addrs=172.30.1.200-9618&alias=tamsa2&noUDP&sock=schedd_2474_8965>
    DAG Node: boost_DY
...
000 (15035937.000.000) 2026-06-12 16:56:05 Job submitted from host: <172.30.1.200:9618?addrs=172.30.1.200-9618&alias=tamsa2&noUDP&sock=schedd_2474_8965>
    DAG Node: boost_FLV
...
000 (15035938.000.000) 2026-06-12 16:56:05 Job submitted from host: <172.30.1.200:9618?addrs=172.30.1.200-9618&alias=tamsa2&noUDP&sock=schedd_2474_8965>
    DAG Node: boost_sr
...
000 (15035939.000.000) 2026-06-12 16:56:05 Job submitted from host: <172.30.1.200:9618?addrs=172.30.1.200-9618&alias=tamsa2&noUDP&sock=schedd_2474_8965>
    DAG Node: resolve_DY
...
000 (15035940.000.000) 2026-06-12 16:56:05 Job submitted from host: <172.30.1.200:9618?addrs=172.30.1.200-9618&alias=tamsa2&noUDP&sock=schedd_2474_8965>
    DAG Node: resolve_FLV
...
000 (15035941.000.000) 2026-06-12 16:56:05 Job submitted from host: <172.30.1.200:9618?addrs=172.30.1.200-9618&alias=tamsa2&noUDP&sock=schedd_2474_8965>
    DAG Node: resolve_sr
...
001 (15035936.000.000) 2026-06-12 16:56:16 Job executing on host: <172.30.1.216:9618?addrs=172.30.1.216-9618&alias=node-w16.localdomain&noUDP&sock=startd_3754957_c1ad>
	SlotName: slot1_4@node-w16.localdomain
	CondorScratchDir = "/var/lib/condor/execute/dir_2410591"
	Cpus = 1
	Disk = 2098176
	GPUs = 0
	Memory = 4096
...
001 (15035937.000.000) 2026-06-12 16:56:16 Job executing on host: <172.30.1.216:9618?addrs=172.30.1.216-9618&alias=node-w16.localdomain&noUDP&sock=startd_3754957_c1ad>
	SlotName: slot1_6@node-w16.localdomain
	CondorScratchDir = "/var/lib/condor/execute/dir_2410592"
	Cpus = 1
	Disk = 2098176
	GPUs = 0
	Memory = 4096
...
001 (15035938.000.000) 2026-06-12 16:56:16 Job executing on host: <172.30.1.216:9618?addrs=172.30.1.216-9618&alias=node-w16.localdomain&noUDP&sock=startd_3754957_c1ad>
	SlotName: slot1_8@node-w16.localdomain
	CondorScratchDir = "/var/lib/condor/execute/dir_2410593"
	Cpus = 1
	Disk = 2098176
	GPUs = 0
	Memory = 4096
...
001 (15035940.000.000) 2026-06-12 16:56:16 Job executing on host: <172.30.1.216:9618?addrs=172.30.1.216-9618&alias=node-w16.localdomain&noUDP&sock=startd_3754957_c1ad>
	SlotName: slot1_10@node-w16.localdomain
	CondorScratchDir = "/var/lib/condor/execute/dir_2410595"
	Cpus = 1
	Disk = 2098176
	GPUs = 0
	Memory = 4096
...
001 (15035941.000.000) 2026-06-12 16:56:16 Job executing on host: <172.30.1.216:9618?addrs=172.30.1.216-9618&alias=node-w16.localdomain&noUDP&sock=startd_3754957_c1ad>
	SlotName: slot1_11@node-w16.localdomain
	CondorScratchDir = "/var/lib/condor/execute/dir_2410596"
	Cpus = 1
	Disk = 2098176
	GPUs = 0
	Memory = 4096
...
001 (15035939.000.000) 2026-06-12 16:56:16 Job executing on host: <172.30.1.216:9618?addrs=172.30.1.216-9618&alias=node-w16.localdomain&noUDP&sock=startd_3754957_c1ad>
	SlotName: slot1_9@node-w16.localdomain
	CondorScratchDir = "/var/lib/condor/execute/dir_2410594"
	Cpus = 1
	Disk = 2098176
	GPUs = 0
	Memory = 4096
...
006 (15035937.000.000) 2026-06-12 16:56:29 Image size of job updated: 138760
	136  -  MemoryUsage of job (MB)
	138760  -  ResidentSetSize of job (KB)
...
006 (15035936.000.000) 2026-06-12 16:56:29 Image size of job updated: 138200
	135  -  MemoryUsage of job (MB)
	138200  -  ResidentSetSize of job (KB)
...
006 (15035940.000.000) 2026-06-12 16:56:29 Image size of job updated: 138208
	135  -  MemoryUsage of job (MB)
	138208  -  ResidentSetSize of job (KB)
...
006 (15035938.000.000) 2026-06-12 16:56:29 Image size of job updated: 138220
	135  -  MemoryUsage of job (MB)
	138220  -  ResidentSetSize of job (KB)
...
006 (15035941.000.000) 2026-06-12 16:56:29 Image size of job updated: 140900
	138  -  MemoryUsage of job (MB)
	140900  -  ResidentSetSize of job (KB)
...
006 (15035939.000.000) 2026-06-12 16:56:30 Image size of job updated: 143932
	141  -  MemoryUsage of job (MB)
	143932  -  ResidentSetSize of job (KB)
...
006 (15035940.000.000) 2026-06-12 17:01:29 Image size of job updated: 173560
	135  -  MemoryUsage of job (MB)
	138208  -  ResidentSetSize of job (KB)
...
006 (15035938.000.000) 2026-06-12 17:01:29 Image size of job updated: 276988
	271  -  MemoryUsage of job (MB)
	276780  -  ResidentSetSize of job (KB)
...
006 (15035937.000.000) 2026-06-12 17:01:29 Image size of job updated: 192316
	156  -  MemoryUsage of job (MB)
	159728  -  ResidentSetSize of job (KB)
...
006 (15035936.000.000) 2026-06-12 17:01:29 Image size of job updated: 166140
	135  -  MemoryUsage of job (MB)
	138200  -  ResidentSetSize of job (KB)
...
006 (15035941.000.000) 2026-06-12 17:01:29 Image size of job updated: 178128
	138  -  MemoryUsage of job (MB)
	140900  -  ResidentSetSize of job (KB)
...
006 (15035939.000.000) 2026-06-12 17:01:31 Image size of job updated: 171328
	141  -  MemoryUsage of job (MB)
	143932  -  ResidentSetSize of job (KB)
...
005 (15035938.000.000) 2026-06-12 17:06:18 Job terminated.
	(1) Normal termination (return value 0)
		Usr 0 00:07:33, Sys 0 00:00:29  -  Run Remote Usage
		Usr 0 00:00:00, Sys 0 00:00:00  -  Run Local Usage
		Usr 0 00:07:33, Sys 0 00:00:29  -  Total Remote Usage
		Usr 0 00:00:00, Sys 0 00:00:00  -  Total Local Usage
	0  -  Run Bytes Sent By Job
	0  -  Run Bytes Received By Job
	0  -  Total Bytes Sent By Job
	0  -  Total Bytes Received By Job
	Partitionable Resources :    Usage  Request Allocated 
	   Cpus                 :     0.79        1         1 
	   Disk (KB)            :     2     2097152   2098176 
	   GPUs                 :                           0 
	   Memory (MB)          :   271        4096      4096 
	   TimeExecute (s)      :   602                       
	   TimeSlotBusy (s)     :   602                       

	Job terminated of its own accord at 2026-06-12T08:06:18Z with exit-code 0.
...
006 (15035941.000.000) 2026-06-12 17:06:30 Image size of job updated: 178128
	156  -  MemoryUsage of job (MB)
	159560  -  ResidentSetSize of job (KB)
...
006 (15035936.000.000) 2026-06-12 17:06:30 Image size of job updated: 171624
	156  -  MemoryUsage of job (MB)
	159528  -  ResidentSetSize of job (KB)
...
006 (15035940.000.000) 2026-06-12 17:06:30 Image size of job updated: 173560
	157  -  MemoryUsage of job (MB)
	160224  -  ResidentSetSize of job (KB)
...
006 (15035939.000.000) 2026-06-12 17:06:32 Image size of job updated: 173856
	157  -  MemoryUsage of job (MB)
	160104  -  ResidentSetSize of job (KB)
...
006 (15035939.000.000) 2026-06-12 17:11:32 Image size of job updated: 174012
	157  -  MemoryUsage of job (MB)
	160104  -  ResidentSetSize of job (KB)
...
005 (15035940.000.000) 2026-06-12 17:13:53 Job terminated.
	(1) Normal termination (return value 0)
		Usr 0 00:13:05, Sys 0 00:00:51  -  Run Remote Usage
		Usr 0 00:00:00, Sys 0 00:00:00  -  Run Local Usage
		Usr 0 00:13:05, Sys 0 00:00:51  -  Total Remote Usage
		Usr 0 00:00:00, Sys 0 00:00:00  -  Total Local Usage
	0  -  Run Bytes Sent By Job
	0  -  Run Bytes Received By Job
	0  -  Total Bytes Sent By Job
	0  -  Total Bytes Received By Job
	Partitionable Resources :    Usage  Request Allocated 
	   Cpus                 :     0.74        1         1 
	   Disk (KB)            :     2     2097152   2098176 
	   GPUs                 :                           0 
	   Memory (MB)          :   157        4096      4096 
	   TimeExecute (s)      :  1057                       
	   TimeSlotBusy (s)     :  1057                       

	Job terminated of its own accord at 2026-06-12T08:13:53Z with exit-code 0.
...
006 (15035941.000.000) 2026-06-12 17:16:30 Image size of job updated: 178128
	158  -  MemoryUsage of job (MB)
	161192  -  ResidentSetSize of job (KB)
...
006 (15035936.000.000) 2026-06-12 17:16:31 Image size of job updated: 171624
	156  -  MemoryUsage of job (MB)
	159652  -  ResidentSetSize of job (KB)
...
005 (15035936.000.000) 2026-06-12 17:20:05 Job terminated.
	(1) Normal termination (return value 0)
		Usr 0 00:17:45, Sys 0 00:01:10  -  Run Remote Usage
		Usr 0 00:00:00, Sys 0 00:00:00  -  Run Local Usage
		Usr 0 00:17:45, Sys 0 00:01:10  -  Total Remote Usage
		Usr 0 00:00:00, Sys 0 00:00:00  -  Total Local Usage
	0  -  Run Bytes Sent By Job
	0  -  Run Bytes Received By Job
	0  -  Total Bytes Sent By Job
	0  -  Total Bytes Received By Job
	Partitionable Resources :    Usage  Request Allocated 
	   Cpus                 :     0.85        1         1 
	   Disk (KB)            :     2     2097152   2098176 
	   GPUs                 :                           0 
	   Memory (MB)          :   156        4096      4096 
	   TimeExecute (s)      :  1429                       
	   TimeSlotBusy (s)     :  1430                       

	Job terminated of its own accord at 2026-06-12T08:20:05Z with exit-code 0.
...
006 (15035941.000.000) 2026-06-12 17:21:31 Image size of job updated: 178128
	158  -  MemoryUsage of job (MB)
	161228  -  ResidentSetSize of job (KB)
...
006 (15035939.000.000) 2026-06-12 17:21:33 Image size of job updated: 174780
	157  -  MemoryUsage of job (MB)
	160104  -  ResidentSetSize of job (KB)
...
005 (15035937.000.000) 2026-06-12 17:22:37 Job terminated.
	(1) Normal termination (return value 0)
		Usr 0 00:20:40, Sys 0 00:01:19  -  Run Remote Usage
		Usr 0 00:00:00, Sys 0 00:00:00  -  Run Local Usage
		Usr 0 00:20:40, Sys 0 00:01:19  -  Total Remote Usage
		Usr 0 00:00:00, Sys 0 00:00:00  -  Total Local Usage
	0  -  Run Bytes Sent By Job
	0  -  Run Bytes Received By Job
	0  -  Total Bytes Sent By Job
	0  -  Total Bytes Received By Job
	Partitionable Resources :    Usage  Request Allocated 
	   Cpus                 :     0.86        1         1 
	   Disk (KB)            :     2     2097152   2098176 
	   GPUs                 :                           0 
	   Memory (MB)          :   156        4096      4096 
	   TimeExecute (s)      :  1581                       
	   TimeSlotBusy (s)     :  1582                       

	Job terminated of its own accord at 2026-06-12T08:22:37Z with exit-code 0.
...
006 (15035941.000.000) 2026-06-12 17:26:32 Image size of job updated: 178128
	158  -  MemoryUsage of job (MB)
	161660  -  ResidentSetSize of job (KB)
...
006 (15035939.000.000) 2026-06-12 17:31:33 Image size of job updated: 174780
	163  -  MemoryUsage of job (MB)
	165960  -  ResidentSetSize of job (KB)
...
005 (15035941.000.000) 2026-06-12 17:32:17 Job terminated.
	(1) Normal termination (return value 0)
		Usr 0 00:28:47, Sys 0 00:01:49  -  Run Remote Usage
		Usr 0 00:00:00, Sys 0 00:00:00  -  Run Local Usage
		Usr 0 00:28:47, Sys 0 00:01:49  -  Total Remote Usage
		Usr 0 00:00:00, Sys 0 00:00:00  -  Total Local Usage
	0  -  Run Bytes Sent By Job
	0  -  Run Bytes Received By Job
	0  -  Total Bytes Sent By Job
	0  -  Total Bytes Received By Job
	Partitionable Resources :    Usage  Request Allocated 
	   Cpus                 :     0.91        1         1 
	   Disk (KB)            :     2     2097152   2098176 
	   GPUs                 :                           0 
	   Memory (MB)          :   158        4096      4096 
	   TimeExecute (s)      :  2161                       
	   TimeSlotBusy (s)     :  2161                       

	Job terminated of its own accord at 2026-06-12T08:32:17Z with exit-code 0.
...
005 (15035939.000.000) 2026-06-12 17:32:47 Job terminated.
	(1) Normal termination (return value 0)
		Usr 0 00:29:01, Sys 0 00:01:49  -  Run Remote Usage
		Usr 0 00:00:00, Sys 0 00:00:00  -  Run Local Usage
		Usr 0 00:29:01, Sys 0 00:01:49  -  Total Remote Usage
		Usr 0 00:00:00, Sys 0 00:00:00  -  Total Local Usage
	0  -  Run Bytes Sent By Job
	0  -  Run Bytes Received By Job
	0  -  Total Bytes Sent By Job
	0  -  Total Bytes Received By Job
	Partitionable Resources :    Usage  Request Allocated 
	   Cpus                 :     0.87        1         1 
	   Disk (KB)            :     2     2097152   2098176 
	   GPUs                 :                           0 
	   Memory (MB)          :   163        4096      4096 
	   TimeExecute (s)      :  2191                       
	   TimeSlotBusy (s)     :  2191                       

	Job terminated of its own accord at 2026-06-12T08:32:47Z with exit-code 0.
...
000 (15035990.000.000) 2026-06-12 17:32:57 Job submitted from host: <172.30.1.200:9618?addrs=172.30.1.200-9618&alias=tamsa2&noUDP&sock=schedd_2474_8965>
    DAG Node: organize
...
001 (15035990.000.000) 2026-06-12 17:32:58 Job executing on host: <172.30.1.216:9618?addrs=172.30.1.216-9618&alias=node-w16.localdomain&noUDP&sock=startd_3754957_c1ad>
	SlotName: slot1_4@node-w16.localdomain
	CondorScratchDir = "/var/lib/condor/execute/dir_2428768"
	Cpus = 1
	Disk = 2098176
	GPUs = 0
	Memory = 4096
...
006 (15035990.000.000) 2026-06-12 17:33:10 Image size of job updated: 13460
	0  -  MemoryUsage of job (MB)
	0  -  ResidentSetSize of job (KB)
...
005 (15035990.000.000) 2026-06-12 17:33:10 Job terminated.
	(1) Normal termination (return value 0)
		Usr 0 00:00:00, Sys 0 00:00:00  -  Run Remote Usage
		Usr 0 00:00:00, Sys 0 00:00:00  -  Run Local Usage
		Usr 0 00:00:00, Sys 0 00:00:00  -  Total Remote Usage
		Usr 0 00:00:00, Sys 0 00:00:00  -  Total Local Usage
	0  -  Run Bytes Sent By Job
	0  -  Run Bytes Received By Job
	0  -  Total Bytes Sent By Job
	0  -  Total Bytes Received By Job
	Partitionable Resources :    Usage  Request Allocated 
	   Cpus                 :        0        1         1 
	   Disk (KB)            :        2  2097152   2098176 
	   GPUs                 :                           0 
	   Memory (MB)          :        0     4096      4096 
	   TimeExecute (s)      :       12                    
	   TimeSlotBusy (s)     :       12                    

	Job terminated of its own accord at 2026-06-12T08:33:10Z with exit-code 0.
...
000 (15035994.000.000) 2026-06-12 17:48:11 Job submitted from host: <172.30.1.200:9618?addrs=172.30.1.200-9618&alias=tamsa2&noUDP&sock=schedd_2474_8965>
    DAG Node: boost_DY
...
000 (15035996.000.000) 2026-06-12 17:48:11 Job submitted from host: <172.30.1.200:9618?addrs=172.30.1.200-9618&alias=tamsa2&noUDP&sock=schedd_2474_8965>
    DAG Node: boost_FLV
...
000 (15035998.000.000) 2026-06-12 17:48:11 Job submitted from host: <172.30.1.200:9618?addrs=172.30.1.200-9618&alias=tamsa2&noUDP&sock=schedd_2474_8965>
    DAG Node: boost_sr
...
000 (15036001.000.000) 2026-06-12 17:48:11 Job submitted from host: <172.30.1.200:9618?addrs=172.30.1.200-9618&alias=tamsa2&noUDP&sock=schedd_2474_8965>
    DAG Node: resolve_DY
...
000 (15036004.000.000) 2026-06-12 17:48:11 Job submitted from host: <172.30.1.200:9618?addrs=172.30.1.200-9618&alias=tamsa2&noUDP&sock=schedd_2474_8965>
    DAG Node: resolve_FLV
...
000 (15036007.000.000) 2026-06-12 17:48:11 Job submitted from host: <172.30.1.200:9618?addrs=172.30.1.200-9618&alias=tamsa2&noUDP&sock=schedd_2474_8965>
    DAG Node: resolve_sr
...
001 (15035994.000.000) 2026-06-12 17:48:18 Job executing on host: <172.30.1.216:9618?addrs=172.30.1.216-9618&alias=node-w16.localdomain&noUDP&sock=startd_3754957_c1ad>
	SlotName: slot1_4@node-w16.localdomain
	CondorScratchDir = "/var/lib/condor/execute/dir_2428979"
	Cpus = 1
	Disk = 2098176
	GPUs = 0
	Memory = 4096
...
001 (15035996.000.000) 2026-06-12 17:48:18 Job executing on host: <172.30.1.216:9618?addrs=172.30.1.216-9618&alias=node-w16.localdomain&noUDP&sock=startd_3754957_c1ad>
	SlotName: slot1_8@node-w16.localdomain
	CondorScratchDir = "/var/lib/condor/execute/dir_2428981"
	Cpus = 1
	Disk = 2098176
	GPUs = 0
	Memory = 4096
...
001 (15036001.000.000) 2026-06-12 17:48:18 Job executing on host: <172.30.1.216:9618?addrs=172.30.1.216-9618&alias=node-w16.localdomain&noUDP&sock=startd_3754957_c1ad>
	SlotName: slot1_14@node-w16.localdomain
	CondorScratchDir = "/var/lib/condor/execute/dir_2428986"
	Cpus = 1
	Disk = 2098176
	GPUs = 0
	Memory = 4096
...
001 (15035998.000.000) 2026-06-12 17:48:18 Job executing on host: <172.30.1.216:9618?addrs=172.30.1.216-9618&alias=node-w16.localdomain&noUDP&sock=startd_3754957_c1ad>
	SlotName: slot1_10@node-w16.localdomain
	CondorScratchDir = "/var/lib/condor/execute/dir_2428983"
	Cpus = 1
	Disk = 2098176
	GPUs = 0
	Memory = 4096
...
001 (15036007.000.000) 2026-06-12 17:48:18 Job executing on host: <172.30.1.212:9618?addrs=172.30.1.212-9618&alias=node-w12.localdomain&noUDP&sock=startd_4495_c64c>
	SlotName: slot1_9@node-w12.localdomain
	CondorScratchDir = "/var/lib/condor/execute/dir_1304679"
	Cpus = 1
	Disk = 2098176
	GPUs = 0
	Memory = 4096
...
001 (15036004.000.000) 2026-06-12 17:48:19 Job executing on host: <172.30.1.212:9618?addrs=172.30.1.212-9618&alias=node-w12.localdomain&noUDP&sock=startd_4495_c64c>
	SlotName: slot1_16@node-w12.localdomain
	CondorScratchDir = "/var/lib/condor/execute/dir_1304686"
	Cpus = 1
	Disk = 2098176
	GPUs = 0
	Memory = 4096
...
006 (15036007.000.000) 2026-06-12 17:48:32 Image size of job updated: 156960
	154  -  MemoryUsage of job (MB)
	156960  -  ResidentSetSize of job (KB)
...
006 (15035996.000.000) 2026-06-12 17:48:32 Image size of job updated: 166224
	163  -  MemoryUsage of job (MB)
	166224  -  ResidentSetSize of job (KB)
...
006 (15035994.000.000) 2026-06-12 17:48:32 Image size of job updated: 156580
	153  -  MemoryUsage of job (MB)
	156580  -  ResidentSetSize of job (KB)
...
006 (15035998.000.000) 2026-06-12 17:48:32 Image size of job updated: 157028
	154  -  MemoryUsage of job (MB)
	157028  -  ResidentSetSize of job (KB)
...
006 (15036001.000.000) 2026-06-12 17:48:32 Image size of job updated: 156204
	153  -  MemoryUsage of job (MB)
	156204  -  ResidentSetSize of job (KB)
...
006 (15036004.000.000) 2026-06-12 17:48:34 Image size of job updated: 156380
	153  -  MemoryUsage of job (MB)
	156380  -  ResidentSetSize of job (KB)
...
006 (15035996.000.000) 2026-06-12 17:53:32 Image size of job updated: 188564
	163  -  MemoryUsage of job (MB)
	166224  -  ResidentSetSize of job (KB)
...
006 (15036001.000.000) 2026-06-12 17:53:32 Image size of job updated: 158336
	153  -  MemoryUsage of job (MB)
	156204  -  ResidentSetSize of job (KB)
...
006 (15035994.000.000) 2026-06-12 17:53:32 Image size of job updated: 164508
	153  -  MemoryUsage of job (MB)
	156580  -  ResidentSetSize of job (KB)
...
006 (15035998.000.000) 2026-06-12 17:53:32 Image size of job updated: 282104
	154  -  MemoryUsage of job (MB)
	157568  -  ResidentSetSize of job (KB)
...
006 (15036007.000.000) 2026-06-12 17:53:32 Image size of job updated: 168008
	157  -  MemoryUsage of job (MB)
	159980  -  ResidentSetSize of job (KB)
...
006 (15036004.000.000) 2026-06-12 17:53:34 Image size of job updated: 174112
	153  -  MemoryUsage of job (MB)
	156380  -  ResidentSetSize of job (KB)
...
005 (15035998.000.000) 2026-06-12 17:57:40 Job terminated.
	(1) Normal termination (return value 0)
		Usr 0 00:07:24, Sys 0 00:00:29  -  Run Remote Usage
		Usr 0 00:00:00, Sys 0 00:00:00  -  Run Local Usage
		Usr 0 00:07:24, Sys 0 00:00:29  -  Total Remote Usage
		Usr 0 00:00:00, Sys 0 00:00:00  -  Total Local Usage
	0  -  Run Bytes Sent By Job
	0  -  Run Bytes Received By Job
	0  -  Total Bytes Sent By Job
	0  -  Total Bytes Received By Job
	Partitionable Resources :    Usage  Request Allocated 
	   Cpus                 :     0.67        1         1 
	   Disk (KB)            :     2     2097152   2098176 
	   GPUs                 :                           0 
	   Memory (MB)          :   154        4096      4096 
	   TimeExecute (s)      :   562                       
	   TimeSlotBusy (s)     :   562                       

	Job terminated of its own accord at 2026-06-12T08:57:40Z with exit-code 0.
...
006 (15036001.000.000) 2026-06-12 17:58:32 Image size of job updated: 171664
	153  -  MemoryUsage of job (MB)
	156204  -  ResidentSetSize of job (KB)
...
006 (15035994.000.000) 2026-06-12 17:58:32 Image size of job updated: 171364
	153  -  MemoryUsage of job (MB)
	156580  -  ResidentSetSize of job (KB)
...
006 (15036007.000.000) 2026-06-12 17:58:32 Image size of job updated: 169384
	157  -  MemoryUsage of job (MB)
	159980  -  ResidentSetSize of job (KB)
...
006 (15035994.000.000) 2026-06-12 18:03:33 Image size of job updated: 172032
	153  -  MemoryUsage of job (MB)
	156580  -  ResidentSetSize of job (KB)
...
006 (15036007.000.000) 2026-06-12 18:03:33 Image size of job updated: 170388
	157  -  MemoryUsage of job (MB)
	159980  -  ResidentSetSize of job (KB)
...
006 (15036004.000.000) 2026-06-12 18:03:33 Image size of job updated: 175548
	153  -  MemoryUsage of job (MB)
	156380  -  ResidentSetSize of job (KB)
...
005 (15036004.000.000) 2026-06-12 18:03:33 Job terminated.
	(1) Normal termination (return value 0)
		Usr 0 00:12:13, Sys 0 00:00:47  -  Run Remote Usage
		Usr 0 00:00:00, Sys 0 00:00:00  -  Run Local Usage
		Usr 0 00:12:13, Sys 0 00:00:47  -  Total Remote Usage
		Usr 0 00:00:00, Sys 0 00:00:00  -  Total Local Usage
	0  -  Run Bytes Sent By Job
	0  -  Run Bytes Received By Job
	0  -  Total Bytes Sent By Job
	0  -  Total Bytes Received By Job
	Partitionable Resources :    Usage  Request Allocated 
	   Cpus                 :     0.72        1         1 
	   Disk (KB)            :     2     2097152   2098176 
	   GPUs                 :                           0 
	   Memory (MB)          :   153        4096      4096 
	   TimeExecute (s)      :   914                       
	   TimeSlotBusy (s)     :   915                       

	Job terminated of its own accord at 2026-06-12T09:03:33Z with exit-code 0.
...
006 (15036001.000.000) 2026-06-12 18:08:33 Image size of job updated: 171664
	154  -  MemoryUsage of job (MB)
	157580  -  ResidentSetSize of job (KB)
...
006 (15036007.000.000) 2026-06-12 18:08:33 Image size of job updated: 178228
	157  -  MemoryUsage of job (MB)
	159980  -  ResidentSetSize of job (KB)
...
005 (15035994.000.000) 2026-06-12 18:11:23 Job terminated.
	(1) Normal termination (return value 0)
		Usr 0 00:18:09, Sys 0 00:01:13  -  Run Remote Usage
		Usr 0 00:00:00, Sys 0 00:00:00  -  Run Local Usage
		Usr 0 00:18:09, Sys 0 00:01:13  -  Total Remote Usage
		Usr 0 00:00:00, Sys 0 00:00:00  -  Total Local Usage
	0  -  Run Bytes Sent By Job
	0  -  Run Bytes Received By Job
	0  -  Total Bytes Sent By Job
	0  -  Total Bytes Received By Job
	Partitionable Resources :    Usage  Request Allocated 
	   Cpus                 :     0.03        1         1 
	   Disk (KB)            :     2     2097152   2098176 
	   GPUs                 :                           0 
	   Memory (MB)          :   153        4096      4096 
	   TimeExecute (s)      :  1385                       
	   TimeSlotBusy (s)     :  1385                       

	Job terminated of its own accord at 2026-06-12T09:11:23Z with exit-code 0.
...
005 (15035996.000.000) 2026-06-12 18:13:26 Job terminated.
	(1) Normal termination (return value 0)
		Usr 0 00:19:57, Sys 0 00:01:17  -  Run Remote Usage
		Usr 0 00:00:00, Sys 0 00:00:00  -  Run Local Usage
		Usr 0 00:19:57, Sys 0 00:01:17  -  Total Remote Usage
		Usr 0 00:00:00, Sys 0 00:00:00  -  Total Local Usage
	0  -  Run Bytes Sent By Job
	0  -  Run Bytes Received By Job
	0  -  Total Bytes Sent By Job
	0  -  Total Bytes Received By Job
	Partitionable Resources :    Usage  Request Allocated 
	   Cpus                 :     0.71        1         1 
	   Disk (KB)            :     2     2097152   2098176 
	   GPUs                 :                           0 
	   Memory (MB)          :   163        4096      4096 
	   TimeExecute (s)      :  1508                       
	   TimeSlotBusy (s)     :  1508                       

	Job terminated of its own accord at 2026-06-12T09:13:26Z with exit-code 0.
...
006 (15036001.000.000) 2026-06-12 18:13:33 Image size of job updated: 173948
	154  -  MemoryUsage of job (MB)
	157580  -  ResidentSetSize of job (KB)
...
005 (15036007.000.000) 2026-06-12 18:18:37 Job terminated.
	(1) Normal termination (return value 0)
		Usr 0 00:24:25, Sys 0 00:01:35  -  Run Remote Usage
		Usr 0 00:00:00, Sys 0 00:00:00  -  Run Local Usage
		Usr 0 00:24:25, Sys 0 00:01:35  -  Total Remote Usage
		Usr 0 00:00:00, Sys 0 00:00:00  -  Total Local Usage
	0  -  Run Bytes Sent By Job
	0  -  Run Bytes Received By Job
	0  -  Total Bytes Sent By Job
	0  -  Total Bytes Received By Job
	Partitionable Resources :    Usage  Request Allocated 
	   Cpus                 :     0.21        1         1 
	   Disk (KB)            :     2     2097152   2098176 
	   GPUs                 :                           0 
	   Memory (MB)          :   157        4096      4096 
	   TimeExecute (s)      :  1819                       
	   TimeSlotBusy (s)     :  1819                       

	Job terminated of its own accord at 2026-06-12T09:18:37Z with exit-code 0.
...
005 (15036001.000.000) 2026-06-12 18:23:24 Job terminated.
	(1) Normal termination (return value 0)
		Usr 0 00:28:45, Sys 0 00:01:53  -  Run Remote Usage
		Usr 0 00:00:00, Sys 0 00:00:00  -  Run Local Usage
		Usr 0 00:28:45, Sys 0 00:01:53  -  Total Remote Usage
		Usr 0 00:00:00, Sys 0 00:00:00  -  Total Local Usage
	0  -  Run Bytes Sent By Job
	0  -  Run Bytes Received By Job
	0  -  Total Bytes Sent By Job
	0  -  Total Bytes Received By Job
	Partitionable Resources :    Usage  Request Allocated 
	   Cpus                 :     0.85        1         1 
	   Disk (KB)            :     2     2097152   2098176 
	   GPUs                 :                           0 
	   Memory (MB)          :   154        4096      4096 
	   TimeExecute (s)      :  2106                       
	   TimeSlotBusy (s)     :  2106                       

	Job terminated of its own accord at 2026-06-12T09:23:24Z with exit-code 0.
...
000 (15036048.000.000) 2026-06-12 18:23:33 Job submitted from host: <172.30.1.200:9618?addrs=172.30.1.200-9618&alias=tamsa2&noUDP&sock=schedd_2474_8965>
    DAG Node: organize
...
001 (15036048.000.000) 2026-06-12 18:23:39 Job executing on host: <172.30.1.216:9618?addrs=172.30.1.216-9618&alias=node-w16.localdomain&noUDP&sock=startd_3754957_c1ad>
	SlotName: slot1_4@node-w16.localdomain
	CondorScratchDir = "/var/lib/condor/execute/dir_2447699"
	Cpus = 1
	Disk = 2098176
	GPUs = 0
	Memory = 4096
...
006 (15036048.000.000) 2026-06-12 18:23:47 Image size of job updated: 112
	0  -  MemoryUsage of job (MB)
	0  -  ResidentSetSize of job (KB)
...
005 (15036048.000.000) 2026-06-12 18:23:47 Job terminated.
	(1) Normal termination (return value 0)
		Usr 0 00:00:00, Sys 0 00:00:00  -  Run Remote Usage
		Usr 0 00:00:00, Sys 0 00:00:00  -  Run Local Usage
		Usr 0 00:00:00, Sys 0 00:00:00  -  Total Remote Usage
		Usr 0 00:00:00, Sys 0 00:00:00  -  Total Local Usage
	0  -  Run Bytes Sent By Job
	0  -  Run Bytes Received By Job
	0  -  Total Bytes Sent By Job
	0  -  Total Bytes Received By Job
	Partitionable Resources :    Usage  Request Allocated 
	   Cpus                 :     0.03        1         1 
	   Disk (KB)            :     2     2097152   2098176 
	   GPUs                 :                           0 
	   Memory (MB)          :     0        4096      4096 
	   TimeExecute (s)      :     8                       
	   TimeSlotBusy (s)     :     8                       

	Job terminated of its own accord at 2026-06-12T09:23:47Z with exit-code 0.
...
000 (15057788.000.000) 2026-06-13 22:25:19 Job submitted from host: <172.30.1.200:9618?addrs=172.30.1.200-9618&alias=tamsa2&noUDP&sock=schedd_2474_8965>
    DAG Node: boost_DY
...
000 (15057789.000.000) 2026-06-13 22:25:19 Job submitted from host: <172.30.1.200:9618?addrs=172.30.1.200-9618&alias=tamsa2&noUDP&sock=schedd_2474_8965>
    DAG Node: boost_FLV
...
000 (15057790.000.000) 2026-06-13 22:25:19 Job submitted from host: <172.30.1.200:9618?addrs=172.30.1.200-9618&alias=tamsa2&noUDP&sock=schedd_2474_8965>
    DAG Node: boost_sr
...
000 (15057791.000.000) 2026-06-13 22:25:19 Job submitted from host: <172.30.1.200:9618?addrs=172.30.1.200-9618&alias=tamsa2&noUDP&sock=schedd_2474_8965>
    DAG Node: resolve_DY
...
000 (15057792.000.000) 2026-06-13 22:25:19 Job submitted from host: <172.30.1.200:9618?addrs=172.30.1.200-9618&alias=tamsa2&noUDP&sock=schedd_2474_8965>
    DAG Node: resolve_FLV
...
000 (15057793.000.000) 2026-06-13 22:25:19 Job submitted from host: <172.30.1.200:9618?addrs=172.30.1.200-9618&alias=tamsa2&noUDP&sock=schedd_2474_8965>
    DAG Node: resolve_sr
...
001 (15057790.000.000) 2026-06-13 22:25:39 Job executing on host: <172.30.1.216:9618?addrs=172.30.1.216-9618&alias=node-w16.localdomain&noUDP&sock=startd_3754957_c1ad>
	SlotName: slot1_26@node-w16.localdomain
	CondorScratchDir = "/var/lib/condor/execute/dir_3348164"
	Cpus = 1
	Disk = 2098176
	GPUs = 0
	Memory = 4096
...
001 (15057788.000.000) 2026-06-13 22:25:39 Job executing on host: <172.30.1.216:9618?addrs=172.30.1.216-9618&alias=node-w16.localdomain&noUDP&sock=startd_3754957_c1ad>
	SlotName: slot1_2@node-w16.localdomain
	CondorScratchDir = "/var/lib/condor/execute/dir_3348162"
	Cpus = 1
	Disk = 2098176
	GPUs = 0
	Memory = 4096
...
001 (15057789.000.000) 2026-06-13 22:25:39 Job executing on host: <172.30.1.216:9618?addrs=172.30.1.216-9618&alias=node-w16.localdomain&noUDP&sock=startd_3754957_c1ad>
	SlotName: slot1_25@node-w16.localdomain
	CondorScratchDir = "/var/lib/condor/execute/dir_3348163"
	Cpus = 1
	Disk = 2098176
	GPUs = 0
	Memory = 4096
...
001 (15057792.000.000) 2026-06-13 22:25:39 Job executing on host: <172.30.1.212:9618?addrs=172.30.1.212-9618&alias=node-w12.localdomain&noUDP&sock=startd_4495_c64c>
	SlotName: slot1_22@node-w12.localdomain
	CondorScratchDir = "/var/lib/condor/execute/dir_2629632"
	Cpus = 1
	Disk = 2098176
	GPUs = 0
	Memory = 4096
...
001 (15057793.000.000) 2026-06-13 22:25:41 Job executing on host: <172.30.1.213:9618?addrs=172.30.1.213-9618&alias=node-w13.localdomain&noUDP&sock=startd_4483_8b29>
	SlotName: slot1_10@node-w13.localdomain
	CondorScratchDir = "/var/lib/condor/execute/dir_3762141"
	Cpus = 1
	Disk = 2098176
	GPUs = 0
	Memory = 4096
...
001 (15057791.000.000) 2026-06-13 22:25:41 Job executing on host: <172.30.1.213:9618?addrs=172.30.1.213-9618&alias=node-w13.localdomain&noUDP&sock=startd_4483_8b29>
	SlotName: slot1_32@node-w13.localdomain
	CondorScratchDir = "/var/lib/condor/execute/dir_3762154"
	Cpus = 1
	Disk = 2098176
	GPUs = 0
	Memory = 4096
...
006 (15057793.000.000) 2026-06-13 22:25:57 Image size of job updated: 40612
	40  -  MemoryUsage of job (MB)
	40612  -  ResidentSetSize of job (KB)
...
006 (15057791.000.000) 2026-06-13 22:25:57 Image size of job updated: 40628
	40  -  MemoryUsage of job (MB)
	40628  -  ResidentSetSize of job (KB)
...
006 (15057788.000.000) 2026-06-13 22:25:57 Image size of job updated: 156580
	153  -  MemoryUsage of job (MB)
	156580  -  ResidentSetSize of job (KB)
...
006 (15057789.000.000) 2026-06-13 22:25:57 Image size of job updated: 164784
	161  -  MemoryUsage of job (MB)
	164784  -  ResidentSetSize of job (KB)
...
006 (15057790.000.000) 2026-06-13 22:25:57 Image size of job updated: 157040
	154  -  MemoryUsage of job (MB)
	157040  -  ResidentSetSize of job (KB)
...
006 (15057792.000.000) 2026-06-13 22:25:57 Image size of job updated: 156008
	153  -  MemoryUsage of job (MB)
	156008  -  ResidentSetSize of job (KB)
...
006 (15057791.000.000) 2026-06-13 22:30:57 Image size of job updated: 169164
	156  -  MemoryUsage of job (MB)
	158944  -  ResidentSetSize of job (KB)
...
006 (15057793.000.000) 2026-06-13 22:30:57 Image size of job updated: 170396
	154  -  MemoryUsage of job (MB)
	156884  -  ResidentSetSize of job (KB)
...
006 (15057792.000.000) 2026-06-13 22:30:58 Image size of job updated: 171760
	153  -  MemoryUsage of job (MB)
	156548  -  ResidentSetSize of job (KB)
...
006 (15057789.000.000) 2026-06-13 22:30:58 Image size of job updated: 197132
	169  -  MemoryUsage of job (MB)
	172732  -  ResidentSetSize of job (KB)
...
006 (15057790.000.000) 2026-06-13 22:30:58 Image size of job updated: 274868
	219  -  MemoryUsage of job (MB)
	223340  -  ResidentSetSize of job (KB)
...
006 (15057788.000.000) 2026-06-13 22:30:58 Image size of job updated: 169192
	154  -  MemoryUsage of job (MB)
	156680  -  ResidentSetSize of job (KB)
...
006 (15057791.000.000) 2026-06-13 22:35:57 Image size of job updated: 174624
	156  -  MemoryUsage of job (MB)
	158944  -  ResidentSetSize of job (KB)
...
006 (15057793.000.000) 2026-06-13 22:35:57 Image size of job updated: 171452
	154  -  MemoryUsage of job (MB)
	156932  -  ResidentSetSize of job (KB)
...
006 (15057792.000.000) 2026-06-13 22:35:58 Image size of job updated: 174108
	153  -  MemoryUsage of job (MB)
	156556  -  ResidentSetSize of job (KB)
...
006 (15057788.000.000) 2026-06-13 22:35:59 Image size of job updated: 171600
	154  -  MemoryUsage of job (MB)
	156680  -  ResidentSetSize of job (KB)
...
005 (15057790.000.000) 2026-06-13 22:37:16 Job terminated.
	(1) Normal termination (return value 0)
		Usr 0 00:07:45, Sys 0 00:00:30  -  Run Remote Usage
		Usr 0 00:00:00, Sys 0 00:00:00  -  Run Local Usage
		Usr 0 00:07:45, Sys 0 00:00:30  -  Total Remote Usage
		Usr 0 00:00:00, Sys 0 00:00:00  -  Total Local Usage
	0  -  Run Bytes Sent By Job
	0  -  Run Bytes Received By Job
	0  -  Total Bytes Sent By Job
	0  -  Total Bytes Received By Job
	Partitionable Resources :    Usage  Request Allocated 
	   Cpus                 :     0.81        1         1 
	   Disk (KB)            :     2     2097152   2098176 
	   GPUs                 :                           0 
	   Memory (MB)          :   219        4096      4096 
	   TimeExecute (s)      :   697                       
	   TimeSlotBusy (s)     :   697                       

	Job terminated of its own accord at 2026-06-13T13:37:16Z with exit-code 0.
...
006 (15057793.000.000) 2026-06-13 22:40:58 Image size of job updated: 182128
	154  -  MemoryUsage of job (MB)
	157444  -  ResidentSetSize of job (KB)
...
006 (15057788.000.000) 2026-06-13 22:40:59 Image size of job updated: 171776
	154  -  MemoryUsage of job (MB)
	156680  -  ResidentSetSize of job (KB)
...
006 (15057792.000.000) 2026-06-13 22:40:59 Image size of job updated: 183104
	154  -  MemoryUsage of job (MB)
	157200  -  ResidentSetSize of job (KB)
...
006 (15057789.000.000) 2026-06-13 22:46:00 Image size of job updated: 197544
	169  -  MemoryUsage of job (MB)
	172732  -  ResidentSetSize of job (KB)
...
005 (15057792.000.000) 2026-06-13 22:46:46 Job terminated.
	(1) Normal termination (return value 0)
		Usr 0 00:14:28, Sys 0 00:00:57  -  Run Remote Usage
		Usr 0 00:00:00, Sys 0 00:00:00  -  Run Local Usage
		Usr 0 00:14:28, Sys 0 00:00:57  -  Total Remote Usage
		Usr 0 00:00:00, Sys 0 00:00:00  -  Total Local Usage
	0  -  Run Bytes Sent By Job
	0  -  Run Bytes Received By Job
	0  -  Total Bytes Sent By Job
	0  -  Total Bytes Received By Job
	Partitionable Resources :    Usage  Request Allocated 
	   Cpus                 :     0.73        1         1 
	   Disk (KB)            :     2     2097152   2098176 
	   GPUs                 :                           0 
	   Memory (MB)          :   154        4096      4096 
	   TimeExecute (s)      :  1267                       
	   TimeSlotBusy (s)     :  1267                       

	Job terminated of its own accord at 2026-06-13T13:46:46Z with exit-code 0.
...
005 (15057788.000.000) 2026-06-13 22:50:57 Job terminated.
	(1) Normal termination (return value 0)
		Usr 0 00:18:02, Sys 0 00:01:09  -  Run Remote Usage
		Usr 0 00:00:00, Sys 0 00:00:00  -  Run Local Usage
		Usr 0 00:18:02, Sys 0 00:01:09  -  Total Remote Usage
		Usr 0 00:00:00, Sys 0 00:00:00  -  Total Local Usage
	0  -  Run Bytes Sent By Job
	0  -  Run Bytes Received By Job
	0  -  Total Bytes Sent By Job
	0  -  Total Bytes Received By Job
	Partitionable Resources :    Usage  Request Allocated 
	   Cpus                 :     0.72        1         1 
	   Disk (KB)            :     2     2097152   2098176 
	   GPUs                 :                           0 
	   Memory (MB)          :   154        4096      4096 
	   TimeExecute (s)      :  1518                       
	   TimeSlotBusy (s)     :  1518                       

	Job terminated of its own accord at 2026-06-13T13:50:57Z with exit-code 0.
...
005 (15057789.000.000) 2026-06-13 22:53:06 Job terminated.
	(1) Normal termination (return value 0)
		Usr 0 00:19:49, Sys 0 00:01:14  -  Run Remote Usage
		Usr 0 00:00:00, Sys 0 00:00:00  -  Run Local Usage
		Usr 0 00:19:49, Sys 0 00:01:14  -  Total Remote Usage
		Usr 0 00:00:00, Sys 0 00:00:00  -  Total Local Usage
	0  -  Run Bytes Sent By Job
	0  -  Run Bytes Received By Job
	0  -  Total Bytes Sent By Job
	0  -  Total Bytes Received By Job
	Partitionable Resources :    Usage  Request Allocated 
	   Cpus                 :     0.95        1         1 
	   Disk (KB)            :     2     2097152   2098176 
	   GPUs                 :                           0 
	   Memory (MB)          :   169        4096      4096 
	   TimeExecute (s)      :  1647                       
	   TimeSlotBusy (s)     :  1647                       

	Job terminated of its own accord at 2026-06-13T13:53:06Z with exit-code 0.
...
006 (15057793.000.000) 2026-06-13 23:01:01 Image size of job updated: 182128
	176  -  MemoryUsage of job (MB)
	179600  -  ResidentSetSize of job (KB)
...
005 (15057793.000.000) 2026-06-13 23:03:00 Job terminated.
	(1) Normal termination (return value 0)
		Usr 0 00:26:32, Sys 0 00:01:42  -  Run Remote Usage
		Usr 0 00:00:00, Sys 0 00:00:00  -  Run Local Usage
		Usr 0 00:26:32, Sys 0 00:01:42  -  Total Remote Usage
		Usr 0 00:00:00, Sys 0 00:00:00  -  Total Local Usage
	0  -  Run Bytes Sent By Job
	0  -  Run Bytes Received By Job
	0  -  Total Bytes Sent By Job
	0  -  Total Bytes Received By Job
	Partitionable Resources :    Usage  Request Allocated 
	   Cpus                 :     0.86        1         1 
	   Disk (KB)            :     2     2097152   2098176 
	   GPUs                 :                           0 
	   Memory (MB)          :   176        4096      4096 
	   TimeExecute (s)      :  2239                       
	   TimeSlotBusy (s)     :  2241                       

	Job terminated of its own accord at 2026-06-13T14:03:00Z with exit-code 0.
...
005 (15057791.000.000) 2026-06-13 23:03:40 Job terminated.
	(1) Normal termination (return value 0)
		Usr 0 00:27:38, Sys 0 00:01:42  -  Run Remote Usage
		Usr 0 00:00:00, Sys 0 00:00:00  -  Run Local Usage
		Usr 0 00:27:38, Sys 0 00:01:42  -  Total Remote Usage
		Usr 0 00:00:00, Sys 0 00:00:00  -  Total Local Usage
	0  -  Run Bytes Sent By Job
	0  -  Run Bytes Received By Job
	0  -  Total Bytes Sent By Job
	0  -  Total Bytes Received By Job
	Partitionable Resources :    Usage  Request Allocated 
	   Cpus                 :     0.86        1         1 
	   Disk (KB)            :     2     2097152   2098176 
	   GPUs                 :                           0 
	   Memory (MB)          :   156        4096      4096 
	   TimeExecute (s)      :  2279                       
	   TimeSlotBusy (s)     :  2280                       

	Job terminated of its own accord at 2026-06-13T14:03:40Z with exit-code 0.
...
000 (15057894.000.000) 2026-06-13 23:03:46 Job submitted from host: <172.30.1.200:9618?addrs=172.30.1.200-9618&alias=tamsa2&noUDP&sock=schedd_2474_8965>
    DAG Node: organize
...
001 (15057894.000.000) 2026-06-13 23:04:02 Job executing on host: <172.30.1.216:9618?addrs=172.30.1.216-9618&alias=node-w16.localdomain&noUDP&sock=startd_3754957_c1ad>
	SlotName: slot1_2@node-w16.localdomain
	CondorScratchDir = "/var/lib/condor/execute/dir_3353847"
	Cpus = 1
	Disk = 2098176
	GPUs = 0
	Memory = 4096
...
006 (15057894.000.000) 2026-06-13 23:04:10 Image size of job updated: 100
	0  -  MemoryUsage of job (MB)
	0  -  ResidentSetSize of job (KB)
...
005 (15057894.000.000) 2026-06-13 23:04:10 Job terminated.
	(1) Normal termination (return value 0)
		Usr 0 00:00:00, Sys 0 00:00:00  -  Run Remote Usage
		Usr 0 00:00:00, Sys 0 00:00:00  -  Run Local Usage
		Usr 0 00:00:00, Sys 0 00:00:00  -  Total Remote Usage
		Usr 0 00:00:00, Sys 0 00:00:00  -  Total Local Usage
	0  -  Run Bytes Sent By Job
	0  -  Run Bytes Received By Job
	0  -  Total Bytes Sent By Job
	0  -  Total Bytes Received By Job
	Partitionable Resources :    Usage  Request Allocated 
	   Cpus                 :        0        1         1 
	   Disk (KB)            :        2  2097152   2098176 
	   GPUs                 :                           0 
	   Memory (MB)          :        0     4096      4096 
	   TimeExecute (s)      :        8                    
	   TimeSlotBusy (s)     :        8                    

	Job terminated of its own accord at 2026-06-13T14:04:10Z with exit-code 0.
...
000 (15066612.000.000) 2026-06-15 14:20:35 Job submitted from host: <172.30.1.200:9618?addrs=172.30.1.200-9618&alias=tamsa2&noUDP&sock=schedd_2474_8965>
    DAG Node: boost_DY
...
000 (15066613.000.000) 2026-06-15 14:20:35 Job submitted from host: <172.30.1.200:9618?addrs=172.30.1.200-9618&alias=tamsa2&noUDP&sock=schedd_2474_8965>
    DAG Node: boost_FLV
...
000 (15066614.000.000) 2026-06-15 14:20:35 Job submitted from host: <172.30.1.200:9618?addrs=172.30.1.200-9618&alias=tamsa2&noUDP&sock=schedd_2474_8965>
    DAG Node: boost_sr
...
000 (15066615.000.000) 2026-06-15 14:20:35 Job submitted from host: <172.30.1.200:9618?addrs=172.30.1.200-9618&alias=tamsa2&noUDP&sock=schedd_2474_8965>
    DAG Node: resolve_DY
...
000 (15066616.000.000) 2026-06-15 14:20:35 Job submitted from host: <172.30.1.200:9618?addrs=172.30.1.200-9618&alias=tamsa2&noUDP&sock=schedd_2474_8965>
    DAG Node: resolve_FLV
...
000 (15066617.000.000) 2026-06-15 14:20:35 Job submitted from host: <172.30.1.200:9618?addrs=172.30.1.200-9618&alias=tamsa2&noUDP&sock=schedd_2474_8965>
    DAG Node: resolve_sr
...
001 (15066612.000.000) 2026-06-15 14:20:56 Job executing on host: <172.30.1.216:9618?addrs=172.30.1.216-9618&alias=node-w16.localdomain&noUDP&sock=startd_3754957_c1ad>
	SlotName: slot1_23@node-w16.localdomain
	CondorScratchDir = "/var/lib/condor/execute/dir_1896536"
	Cpus = 1
	Disk = 2098176
	GPUs = 0
	Memory = 4096
...
001 (15066615.000.000) 2026-06-15 14:20:56 Job executing on host: <172.30.1.218:9618?addrs=172.30.1.218-9618&alias=node-w18.localdomain&noUDP&sock=startd_7815_04b9>
	SlotName: slot1_28@node-w18.localdomain
	CondorScratchDir = "/var/lib/condor/execute/dir_4064455"
	Cpus = 1
	Disk = 2098176
	GPUs = 0
	Memory = 4096
...
001 (15066614.000.000) 2026-06-15 14:20:56 Job executing on host: <172.30.1.218:9618?addrs=172.30.1.218-9618&alias=node-w18.localdomain&noUDP&sock=startd_7815_04b9>
	SlotName: slot1_27@node-w18.localdomain
	CondorScratchDir = "/var/lib/condor/execute/dir_4064454"
	Cpus = 1
	Disk = 2098176
	GPUs = 0
	Memory = 4096
...
001 (15066617.000.000) 2026-06-15 14:20:56 Job executing on host: <172.30.1.218:9618?addrs=172.30.1.218-9618&alias=node-w18.localdomain&noUDP&sock=startd_7815_04b9>
	SlotName: slot1_32@node-w18.localdomain
	CondorScratchDir = "/var/lib/condor/execute/dir_4064457"
	Cpus = 1
	Disk = 2098176
	GPUs = 0
	Memory = 4096
...
001 (15066613.000.000) 2026-06-15 14:20:56 Job executing on host: <172.30.1.218:9618?addrs=172.30.1.218-9618&alias=node-w18.localdomain&noUDP&sock=startd_7815_04b9>
	SlotName: slot1_26@node-w18.localdomain
	CondorScratchDir = "/var/lib/condor/execute/dir_4064453"
	Cpus = 1
	Disk = 2098176
	GPUs = 0
	Memory = 4096
...
001 (15066616.000.000) 2026-06-15 14:20:56 Job executing on host: <172.30.1.218:9618?addrs=172.30.1.218-9618&alias=node-w18.localdomain&noUDP&sock=startd_7815_04b9>
	SlotName: slot1_30@node-w18.localdomain
	CondorScratchDir = "/var/lib/condor/execute/dir_4064456"
	Cpus = 1
	Disk = 2098176
	GPUs = 0
	Memory = 4096
...
006 (15066612.000.000) 2026-06-15 14:21:09 Image size of job updated: 159064
	156  -  MemoryUsage of job (MB)
	159064  -  ResidentSetSize of job (KB)
...
006 (15066617.000.000) 2026-06-15 14:21:10 Image size of job updated: 125520
	123  -  MemoryUsage of job (MB)
	125520  -  ResidentSetSize of job (KB)
...
006 (15066616.000.000) 2026-06-15 14:21:10 Image size of job updated: 125312
	123  -  MemoryUsage of job (MB)
	125312  -  ResidentSetSize of job (KB)
...
006 (15066613.000.000) 2026-06-15 14:21:10 Image size of job updated: 125316
	123  -  MemoryUsage of job (MB)
	125316  -  ResidentSetSize of job (KB)
...
006 (15066614.000.000) 2026-06-15 14:21:10 Image size of job updated: 125988
	124  -  MemoryUsage of job (MB)
	125988  -  ResidentSetSize of job (KB)
...
006 (15066615.000.000) 2026-06-15 14:21:10 Image size of job updated: 125328
	123  -  MemoryUsage of job (MB)
	125328  -  ResidentSetSize of job (KB)
...
006 (15066612.000.000) 2026-06-15 14:26:09 Image size of job updated: 255984
	156  -  MemoryUsage of job (MB)
	159064  -  ResidentSetSize of job (KB)
...
006 (15066617.000.000) 2026-06-15 14:26:10 Image size of job updated: 269956
	123  -  MemoryUsage of job (MB)
	125520  -  ResidentSetSize of job (KB)
...
006 (15066615.000.000) 2026-06-15 14:26:10 Image size of job updated: 167416
	152  -  MemoryUsage of job (MB)
	154708  -  ResidentSetSize of job (KB)
...
006 (15066613.000.000) 2026-06-15 14:26:10 Image size of job updated: 211488
	151  -  MemoryUsage of job (MB)
	154208  -  ResidentSetSize of job (KB)
...
006 (15066614.000.000) 2026-06-15 14:26:10 Image size of job updated: 256788
	228  -  MemoryUsage of job (MB)
	233312  -  ResidentSetSize of job (KB)
...
006 (15066616.000.000) 2026-06-15 14:26:10 Image size of job updated: 244256
	153  -  MemoryUsage of job (MB)
	155828  -  ResidentSetSize of job (KB)
...
006 (15066613.000.000) 2026-06-15 14:31:10 Image size of job updated: 211488
	153  -  MemoryUsage of job (MB)
	155744  -  ResidentSetSize of job (KB)
...
006 (15066617.000.000) 2026-06-15 14:31:10 Image size of job updated: 269956
	153  -  MemoryUsage of job (MB)
	155912  -  ResidentSetSize of job (KB)
...
006 (15066615.000.000) 2026-06-15 14:31:10 Image size of job updated: 170420
	152  -  MemoryUsage of job (MB)
	154708  -  ResidentSetSize of job (KB)
...
006 (15066616.000.000) 2026-06-15 14:31:10 Image size of job updated: 244256
	162  -  MemoryUsage of job (MB)
	165532  -  ResidentSetSize of job (KB)
...
006 (15066614.000.000) 2026-06-15 14:31:10 Image size of job updated: 277724
	228  -  MemoryUsage of job (MB)
	233312  -  ResidentSetSize of job (KB)
...
005 (15066614.000.000) 2026-06-15 14:32:10 Job terminated.
	(1) Normal termination (return value 0)
		Usr 0 00:07:31, Sys 0 00:00:33  -  Run Remote Usage
		Usr 0 00:00:00, Sys 0 00:00:00  -  Run Local Usage
		Usr 0 00:07:31, Sys 0 00:00:33  -  Total Remote Usage
		Usr 0 00:00:00, Sys 0 00:00:00  -  Total Local Usage
	0  -  Run Bytes Sent By Job
	0  -  Run Bytes Received By Job
	0  -  Total Bytes Sent By Job
	0  -  Total Bytes Received By Job
	Partitionable Resources :    Usage  Request Allocated 
	   Cpus                 :     0.79        1         1 
	   Disk (KB)            :     2     2097152   2098176 
	   GPUs                 :                           0 
	   Memory (MB)          :   228        4096      4096 
	   TimeExecute (s)      :   674                       
	   TimeSlotBusy (s)     :   674                       

	Job terminated of its own accord at 2026-06-15T05:32:10Z with exit-code 0.
...
006 (15066617.000.000) 2026-06-15 14:36:11 Image size of job updated: 269956
	153  -  MemoryUsage of job (MB)
	156496  -  ResidentSetSize of job (KB)
...
006 (15066615.000.000) 2026-06-15 14:36:11 Image size of job updated: 170420
	153  -  MemoryUsage of job (MB)
	155680  -  ResidentSetSize of job (KB)
...
006 (15066616.000.000) 2026-06-15 14:36:11 Image size of job updated: 258728
	162  -  MemoryUsage of job (MB)
	165532  -  ResidentSetSize of job (KB)
...
005 (15066616.000.000) 2026-06-15 14:40:07 Job terminated.
	(1) Normal termination (return value 0)
		Usr 0 00:12:51, Sys 0 00:00:54  -  Run Remote Usage
		Usr 0 00:00:00, Sys 0 00:00:00  -  Run Local Usage
		Usr 0 00:12:51, Sys 0 00:00:54  -  Total Remote Usage
		Usr 0 00:00:00, Sys 0 00:00:00  -  Total Local Usage
	0  -  Run Bytes Sent By Job
	0  -  Run Bytes Received By Job
	0  -  Total Bytes Sent By Job
	0  -  Total Bytes Received By Job
	Partitionable Resources :    Usage  Request Allocated 
	   Cpus                 :     0.84        1         1 
	   Disk (KB)            :     2     2097152   2098176 
	   GPUs                 :                           0 
	   Memory (MB)          :   162        4096      4096 
	   TimeExecute (s)      :  1151                       
	   TimeSlotBusy (s)     :  1151                       

	Job terminated of its own accord at 2026-06-15T05:40:07Z with exit-code 0.
...
006 (15066615.000.000) 2026-06-15 14:41:11 Image size of job updated: 170624
	155  -  MemoryUsage of job (MB)
	157816  -  ResidentSetSize of job (KB)
...
006 (15066613.000.000) 2026-06-15 14:41:11 Image size of job updated: 212696
	153  -  MemoryUsage of job (MB)
	155744  -  ResidentSetSize of job (KB)
...
005 (15066613.000.000) 2026-06-15 14:46:02 Job terminated.
	(1) Normal termination (return value 0)
		Usr 0 00:18:50, Sys 0 00:01:18  -  Run Remote Usage
		Usr 0 00:00:00, Sys 0 00:00:00  -  Run Local Usage
		Usr 0 00:18:50, Sys 0 00:01:18  -  Total Remote Usage
		Usr 0 00:00:00, Sys 0 00:00:00  -  Total Local Usage
	0  -  Run Bytes Sent By Job
	0  -  Run Bytes Received By Job
	0  -  Total Bytes Sent By Job
	0  -  Total Bytes Received By Job
	Partitionable Resources :    Usage  Request Allocated 
	   Cpus                 :     0.87        1         1 
	   Disk (KB)            :     2     2097152   2098176 
	   GPUs                 :                           0 
	   Memory (MB)          :   153        4096      4096 
	   TimeExecute (s)      :  1506                       
	   TimeSlotBusy (s)     :  1506                       

	Job terminated of its own accord at 2026-06-15T05:46:02Z with exit-code 0.
...
006 (15066617.000.000) 2026-06-15 14:46:11 Image size of job updated: 269956
	154  -  MemoryUsage of job (MB)
	157412  -  ResidentSetSize of job (KB)
...
005 (15066612.000.000) 2026-06-15 14:46:25 Job terminated.
	(1) Normal termination (return value 0)
		Usr 0 00:20:01, Sys 0 00:01:17  -  Run Remote Usage
		Usr 0 00:00:00, Sys 0 00:00:00  -  Run Local Usage
		Usr 0 00:20:01, Sys 0 00:01:17  -  Total Remote Usage
		Usr 0 00:00:00, Sys 0 00:00:00  -  Total Local Usage
	0  -  Run Bytes Sent By Job
	0  -  Run Bytes Received By Job
	0  -  Total Bytes Sent By Job
	0  -  Total Bytes Received By Job
	Partitionable Resources :    Usage  Request Allocated 
	   Cpus                 :     0.80        1         1 
	   Disk (KB)            :     2     2097152   2098176 
	   GPUs                 :                           0 
	   Memory (MB)          :   156        4096      4096 
	   TimeExecute (s)      :  1529                       
	   TimeSlotBusy (s)     :  1529                       

	Job terminated of its own accord at 2026-06-15T05:46:25Z with exit-code 0.
...
006 (15066615.000.000) 2026-06-15 14:56:12 Image size of job updated: 170828
	155  -  MemoryUsage of job (MB)
	157816  -  ResidentSetSize of job (KB)
...
005 (15066617.000.000) 2026-06-15 14:56:59 Job terminated.
	(1) Normal termination (return value 0)
		Usr 0 00:25:58, Sys 0 00:01:49  -  Run Remote Usage
		Usr 0 00:00:00, Sys 0 00:00:00  -  Run Local Usage
		Usr 0 00:25:58, Sys 0 00:01:49  -  Total Remote Usage
		Usr 0 00:00:00, Sys 0 00:00:00  -  Total Local Usage
	0  -  Run Bytes Sent By Job
	0  -  Run Bytes Received By Job
	0  -  Total Bytes Sent By Job
	0  -  Total Bytes Received By Job
	Partitionable Resources :    Usage  Request Allocated 
	   Cpus                 :     0.84        1         1 
	   Disk (KB)            :     2     2097152   2098176 
	   GPUs                 :                           0 
	   Memory (MB)          :   154        4096      4096 
	   TimeExecute (s)      :  2163                       
	   TimeSlotBusy (s)     :  2163                       

	Job terminated of its own accord at 2026-06-15T05:56:58Z with exit-code 0.
...
005 (15066615.000.000) 2026-06-15 14:57:09 Job terminated.
	(1) Normal termination (return value 0)
		Usr 0 00:25:44, Sys 0 00:01:48  -  Run Remote Usage
		Usr 0 00:00:00, Sys 0 00:00:00  -  Run Local Usage
		Usr 0 00:25:44, Sys 0 00:01:48  -  Total Remote Usage
		Usr 0 00:00:00, Sys 0 00:00:00  -  Total Local Usage
	0  -  Run Bytes Sent By Job
	0  -  Run Bytes Received By Job
	0  -  Total Bytes Sent By Job
	0  -  Total Bytes Received By Job
	Partitionable Resources :    Usage  Request Allocated 
	   Cpus                 :     0.84        1         1 
	   Disk (KB)            :     2     2097152   2098176 
	   GPUs                 :                           0 
	   Memory (MB)          :   155        4096      4096 
	   TimeExecute (s)      :  2173                       
	   TimeSlotBusy (s)     :  2173                       

	Job terminated of its own accord at 2026-06-15T05:57:09Z with exit-code 0.
...
000 (15066699.000.000) 2026-06-15 14:57:16 Job submitted from host: <172.30.1.200:9618?addrs=172.30.1.200-9618&alias=tamsa2&noUDP&sock=schedd_2474_8965>
    DAG Node: organize
...
001 (15066699.000.000) 2026-06-15 14:57:17 Job executing on host: <172.30.1.216:9618?addrs=172.30.1.216-9618&alias=node-w16.localdomain&noUDP&sock=startd_3754957_c1ad>
	SlotName: slot1_2@node-w16.localdomain
	CondorScratchDir = "/var/lib/condor/execute/dir_1918645"
	Cpus = 1
	Disk = 2098176
	GPUs = 0
	Memory = 4096
...
006 (15066699.000.000) 2026-06-15 14:57:31 Image size of job updated: 13404
	14  -  MemoryUsage of job (MB)
	13404  -  ResidentSetSize of job (KB)
...
006 (15066699.000.000) 2026-06-15 14:57:35 Image size of job updated: 13436
	14  -  MemoryUsage of job (MB)
	13404  -  ResidentSetSize of job (KB)
...
005 (15066699.000.000) 2026-06-15 14:57:35 Job terminated.
	(1) Normal termination (return value 0)
		Usr 0 00:00:00, Sys 0 00:00:00  -  Run Remote Usage
		Usr 0 00:00:00, Sys 0 00:00:00  -  Run Local Usage
		Usr 0 00:00:00, Sys 0 00:00:00  -  Total Remote Usage
		Usr 0 00:00:00, Sys 0 00:00:00  -  Total Local Usage
	0  -  Run Bytes Sent By Job
	0  -  Run Bytes Received By Job
	0  -  Total Bytes Sent By Job
	0  -  Total Bytes Received By Job
	Partitionable Resources :    Usage  Request Allocated 
	   Cpus                 :        0        1         1 
	   Disk (KB)            :        2  2097152   2098176 
	   GPUs                 :                           0 
	   Memory (MB)          :       14     4096      4096 
	   TimeExecute (s)      :       18                    
	   TimeSlotBusy (s)     :       18                    

	Job terminated of its own accord at 2026-06-15T05:57:35Z with exit-code 0.
...
000 (15175433.000.000) 2026-06-22 14:43:30 Job submitted from host: <172.30.1.200:9618?addrs=172.30.1.200-9618&alias=tamsa2&noUDP&sock=schedd_2474_8965>
    DAG Node: boost_DY
...
000 (15175434.000.000) 2026-06-22 14:43:30 Job submitted from host: <172.30.1.200:9618?addrs=172.30.1.200-9618&alias=tamsa2&noUDP&sock=schedd_2474_8965>
    DAG Node: boost_FLV
...
000 (15175435.000.000) 2026-06-22 14:43:30 Job submitted from host: <172.30.1.200:9618?addrs=172.30.1.200-9618&alias=tamsa2&noUDP&sock=schedd_2474_8965>
    DAG Node: boost_sr
...
000 (15175436.000.000) 2026-06-22 14:43:30 Job submitted from host: <172.30.1.200:9618?addrs=172.30.1.200-9618&alias=tamsa2&noUDP&sock=schedd_2474_8965>
    DAG Node: resolve_DY
...
000 (15175437.000.000) 2026-06-22 14:43:30 Job submitted from host: <172.30.1.200:9618?addrs=172.30.1.200-9618&alias=tamsa2&noUDP&sock=schedd_2474_8965>
    DAG Node: resolve_FLV
...
000 (15175438.000.000) 2026-06-22 14:43:30 Job submitted from host: <172.30.1.200:9618?addrs=172.30.1.200-9618&alias=tamsa2&noUDP&sock=schedd_2474_8965>
    DAG Node: resolve_sr
...
001 (15175433.000.000) 2026-06-22 14:43:51 Job executing on host: <172.30.1.216:9618?addrs=172.30.1.216-9618&alias=node-w16.localdomain&noUDP&sock=startd_3754957_c1ad>
	SlotName: slot1_73@node-w16.localdomain
	CondorScratchDir = "/var/lib/condor/execute/dir_2152389"
	Cpus = 1
	Disk = 2098176
	GPUs = 0
	Memory = 4096
...
001 (15175437.000.000) 2026-06-22 14:43:51 Job executing on host: <172.30.1.212:9618?addrs=172.30.1.212-9618&alias=node-w12.localdomain&noUDP&sock=startd_4495_c64c>
	SlotName: slot1_46@node-w12.localdomain
	CondorScratchDir = "/var/lib/condor/execute/dir_3240092"
	Cpus = 1
	Disk = 2098176
	GPUs = 0
	Memory = 4096
...
001 (15175438.000.000) 2026-06-22 14:43:51 Job executing on host: <172.30.1.212:9618?addrs=172.30.1.212-9618&alias=node-w12.localdomain&noUDP&sock=startd_4495_c64c>
	SlotName: slot1_51@node-w12.localdomain
	CondorScratchDir = "/var/lib/condor/execute/dir_3240093"
	Cpus = 1
	Disk = 2098176
	GPUs = 0
	Memory = 4096
...
001 (15175436.000.000) 2026-06-22 14:43:51 Job executing on host: <172.30.1.212:9618?addrs=172.30.1.212-9618&alias=node-w12.localdomain&noUDP&sock=startd_4495_c64c>
	SlotName: slot1_24@node-w12.localdomain
	CondorScratchDir = "/var/lib/condor/execute/dir_3240091"
	Cpus = 1
	Disk = 2098176
	GPUs = 0
	Memory = 4096
...
001 (15175435.000.000) 2026-06-22 14:43:51 Job executing on host: <172.30.1.212:9618?addrs=172.30.1.212-9618&alias=node-w12.localdomain&noUDP&sock=startd_4495_c64c>
	SlotName: slot1_54@node-w12.localdomain
	CondorScratchDir = "/var/lib/condor/execute/dir_3240094"
	Cpus = 1
	Disk = 2098176
	GPUs = 0
	Memory = 4096
...
001 (15175434.000.000) 2026-06-22 14:43:51 Job executing on host: <172.30.1.212:9618?addrs=172.30.1.212-9618&alias=node-w12.localdomain&noUDP&sock=startd_4495_c64c>
	SlotName: slot1_4@node-w12.localdomain
	CondorScratchDir = "/var/lib/condor/execute/dir_3240090"
	Cpus = 1
	Disk = 2098176
	GPUs = 0
	Memory = 4096
...
006 (15175433.000.000) 2026-06-22 14:44:04 Image size of job updated: 160284
	157  -  MemoryUsage of job (MB)
	160284  -  ResidentSetSize of job (KB)
...
006 (15175437.000.000) 2026-06-22 14:44:05 Image size of job updated: 158996
	156  -  MemoryUsage of job (MB)
	158996  -  ResidentSetSize of job (KB)
...
006 (15175438.000.000) 2026-06-22 14:44:05 Image size of job updated: 161960
	159  -  MemoryUsage of job (MB)
	161960  -  ResidentSetSize of job (KB)
...
006 (15175435.000.000) 2026-06-22 14:44:05 Image size of job updated: 160760
	157  -  MemoryUsage of job (MB)
	160760  -  ResidentSetSize of job (KB)
...
006 (15175434.000.000) 2026-06-22 14:44:05 Image size of job updated: 167532
	164  -  MemoryUsage of job (MB)
	167532  -  ResidentSetSize of job (KB)
...
006 (15175436.000.000) 2026-06-22 14:44:05 Image size of job updated: 159116
	156  -  MemoryUsage of job (MB)
	159116  -  ResidentSetSize of job (KB)
...
006 (15175433.000.000) 2026-06-22 14:49:04 Image size of job updated: 240996
	157  -  MemoryUsage of job (MB)
	160284  -  ResidentSetSize of job (KB)
...
006 (15175434.000.000) 2026-06-22 14:49:06 Image size of job updated: 226672
	196  -  MemoryUsage of job (MB)
	200308  -  ResidentSetSize of job (KB)
...
006 (15175436.000.000) 2026-06-22 14:49:06 Image size of job updated: 178620
	157  -  MemoryUsage of job (MB)
	160448  -  ResidentSetSize of job (KB)
...
006 (15175435.000.000) 2026-06-22 14:49:06 Image size of job updated: 269816
	157  -  MemoryUsage of job (MB)
	160760  -  ResidentSetSize of job (KB)
...
006 (15175437.000.000) 2026-06-22 14:49:06 Image size of job updated: 286604
	156  -  MemoryUsage of job (MB)
	158996  -  ResidentSetSize of job (KB)
...
006 (15175438.000.000) 2026-06-22 14:49:06 Image size of job updated: 282568
	164  -  MemoryUsage of job (MB)
	167056  -  ResidentSetSize of job (KB)
...
006 (15175436.000.000) 2026-06-22 14:54:06 Image size of job updated: 178620
	158  -  MemoryUsage of job (MB)
	161436  -  ResidentSetSize of job (KB)
...
006 (15175434.000.000) 2026-06-22 14:54:06 Image size of job updated: 226672
	196  -  MemoryUsage of job (MB)
	200312  -  ResidentSetSize of job (KB)
...
006 (15175435.000.000) 2026-06-22 14:54:06 Image size of job updated: 281016
	157  -  MemoryUsage of job (MB)
	160760  -  ResidentSetSize of job (KB)
...
005 (15175435.000.000) 2026-06-22 14:56:51 Job terminated.
	(1) Normal termination (return value 0)
		Usr 0 00:10:07, Sys 0 00:00:37  -  Run Remote Usage
		Usr 0 00:00:00, Sys 0 00:00:00  -  Run Local Usage
		Usr 0 00:10:07, Sys 0 00:00:37  -  Total Remote Usage
		Usr 0 00:00:00, Sys 0 00:00:00  -  Total Local Usage
	0  -  Run Bytes Sent By Job
	0  -  Run Bytes Received By Job
	0  -  Total Bytes Sent By Job
	0  -  Total Bytes Received By Job
	Partitionable Resources :    Usage  Request Allocated 
	   Cpus                 :     0.81        1         1 
	   Disk (KB)            :     2     2097152   2098176 
	   GPUs                 :                           0 
	   Memory (MB)          :   157        4096      4096 
	   TimeExecute (s)      :   779                       
	   TimeSlotBusy (s)     :   779                       

	Job terminated of its own accord at 2026-06-22T05:56:50Z with exit-code 0.
...
006 (15175437.000.000) 2026-06-22 14:59:07 Image size of job updated: 286604
	156  -  MemoryUsage of job (MB)
	159372  -  ResidentSetSize of job (KB)
...
006 (15175433.000.000) 2026-06-22 15:04:05 Image size of job updated: 258652
	157  -  MemoryUsage of job (MB)
	160284  -  ResidentSetSize of job (KB)
...
006 (15175437.000.000) 2026-06-22 15:04:08 Image size of job updated: 286604
	157  -  MemoryUsage of job (MB)
	160024  -  ResidentSetSize of job (KB)
...
005 (15175437.000.000) 2026-06-22 15:06:50 Job terminated.
	(1) Normal termination (return value 0)
		Usr 0 00:18:25, Sys 0 00:01:06  -  Run Remote Usage
		Usr 0 00:00:00, Sys 0 00:00:00  -  Run Local Usage
		Usr 0 00:18:25, Sys 0 00:01:06  -  Total Remote Usage
		Usr 0 00:00:00, Sys 0 00:00:00  -  Total Local Usage
	0  -  Run Bytes Sent By Job
	0  -  Run Bytes Received By Job
	0  -  Total Bytes Sent By Job
	0  -  Total Bytes Received By Job
	Partitionable Resources :    Usage  Request Allocated 
	   Cpus                 :     0.86        1         1 
	   Disk (KB)            :     2     2097152   2098176 
	   GPUs                 :                           0 
	   Memory (MB)          :   157        4096      4096 
	   TimeExecute (s)      :  1379                       
	   TimeSlotBusy (s)     :  1379                       

	Job terminated of its own accord at 2026-06-22T06:06:50Z with exit-code 0.
...
006 (15175434.000.000) 2026-06-22 15:09:07 Image size of job updated: 238868
	196  -  MemoryUsage of job (MB)
	200312  -  ResidentSetSize of job (KB)
...
006 (15175436.000.000) 2026-06-22 15:14:07 Image size of job updated: 178620
	159  -  MemoryUsage of job (MB)
	162284  -  ResidentSetSize of job (KB)
...
006 (15175438.000.000) 2026-06-22 15:14:09 Image size of job updated: 282568
	176  -  MemoryUsage of job (MB)
	179604  -  ResidentSetSize of job (KB)
...
005 (15175434.000.000) 2026-06-22 15:15:45 Job terminated.
	(1) Normal termination (return value 0)
		Usr 0 00:25:59, Sys 0 00:01:35  -  Run Remote Usage
		Usr 0 00:00:00, Sys 0 00:00:00  -  Run Local Usage
		Usr 0 00:25:59, Sys 0 00:01:35  -  Total Remote Usage
		Usr 0 00:00:00, Sys 0 00:00:00  -  Total Local Usage
	0  -  Run Bytes Sent By Job
	0  -  Run Bytes Received By Job
	0  -  Total Bytes Sent By Job
	0  -  Total Bytes Received By Job
	Partitionable Resources :    Usage  Request Allocated 
	   Cpus                 :     0.84        1         1 
	   Disk (KB)            :     2     2097152   2098176 
	   GPUs                 :                           0 
	   Memory (MB)          :   196        4096      4096 
	   TimeExecute (s)      :  1914                       
	   TimeSlotBusy (s)     :  1914                       

	Job terminated of its own accord at 2026-06-22T06:15:45Z with exit-code 0.
...
006 (15175436.000.000) 2026-06-22 15:19:08 Image size of job updated: 178620
	164  -  MemoryUsage of job (MB)
	167084  -  ResidentSetSize of job (KB)
...
005 (15175433.000.000) 2026-06-22 15:19:16 Job terminated.
	(1) Normal termination (return value 0)
		Usr 0 00:28:31, Sys 0 00:01:56  -  Run Remote Usage
		Usr 0 00:00:00, Sys 0 00:00:00  -  Run Local Usage
		Usr 0 00:28:31, Sys 0 00:01:56  -  Total Remote Usage
		Usr 0 00:00:00, Sys 0 00:00:00  -  Total Local Usage
	0  -  Run Bytes Sent By Job
	0  -  Run Bytes Received By Job
	0  -  Total Bytes Sent By Job
	0  -  Total Bytes Received By Job
	Partitionable Resources :    Usage  Request Allocated 
	   Cpus                 :     0.87        1         1 
	   Disk (KB)            :     2     2097152   2098176 
	   GPUs                 :                           0 
	   Memory (MB)          :   157        4096      4096 
	   TimeExecute (s)      :  2125                       
	   TimeSlotBusy (s)     :  2125                       

	Job terminated of its own accord at 2026-06-22T06:19:16Z with exit-code 0.
...
006 (15175436.000.000) 2026-06-22 15:20:12 Image size of job updated: 178620
	164  -  MemoryUsage of job (MB)
	167088  -  ResidentSetSize of job (KB)
...
005 (15175436.000.000) 2026-06-22 15:20:12 Job terminated.
	(1) Normal termination (return value 0)
		Usr 0 00:28:17, Sys 0 00:01:50  -  Run Remote Usage
		Usr 0 00:00:00, Sys 0 00:00:00  -  Run Local Usage
		Usr 0 00:28:17, Sys 0 00:01:50  -  Total Remote Usage
		Usr 0 00:00:00, Sys 0 00:00:00  -  Total Local Usage
	0  -  Run Bytes Sent By Job
	0  -  Run Bytes Received By Job
	0  -  Total Bytes Sent By Job
	0  -  Total Bytes Received By Job
	Partitionable Resources :    Usage  Request Allocated 
	   Cpus                 :     0.78        1         1 
	   Disk (KB)            :     2     2097152   2098176 
	   GPUs                 :                           0 
	   Memory (MB)          :   164        4096      4096 
	   TimeExecute (s)      :  2181                       
	   TimeSlotBusy (s)     :  2181                       

	Job terminated of its own accord at 2026-06-22T06:20:12Z with exit-code 0.
...
005 (15175438.000.000) 2026-06-22 15:28:10 Job terminated.
	(1) Normal termination (return value 0)
		Usr 0 00:35:40, Sys 0 00:02:13  -  Run Remote Usage
		Usr 0 00:00:00, Sys 0 00:00:00  -  Run Local Usage
		Usr 0 00:35:40, Sys 0 00:02:13  -  Total Remote Usage
		Usr 0 00:00:00, Sys 0 00:00:00  -  Total Local Usage
	0  -  Run Bytes Sent By Job
	0  -  Run Bytes Received By Job
	0  -  Total Bytes Sent By Job
	0  -  Total Bytes Received By Job
	Partitionable Resources :    Usage  Request Allocated 
	   Cpus                 :     0.86        1         1 
	   Disk (KB)            :     2     2097152   2098176 
	   GPUs                 :                           0 
	   Memory (MB)          :   176        4096      4096 
	   TimeExecute (s)      :  2659                       
	   TimeSlotBusy (s)     :  2659                       

	Job terminated of its own accord at 2026-06-22T06:28:10Z with exit-code 0.
...
000 (15175443.000.000) 2026-06-22 15:28:18 Job submitted from host: <172.30.1.200:9618?addrs=172.30.1.200-9618&alias=tamsa2&noUDP&sock=schedd_2474_8965>
    DAG Node: organize
...
001 (15175443.000.000) 2026-06-22 15:28:19 Job executing on host: <172.30.1.212:9618?addrs=172.30.1.212-9618&alias=node-w12.localdomain&noUDP&sock=startd_4495_c64c>
	SlotName: slot1_4@node-w12.localdomain
	CondorScratchDir = "/var/lib/condor/execute/dir_3253996"
	Cpus = 1
	Disk = 2098176
	GPUs = 0
	Memory = 4096
...
006 (15175443.000.000) 2026-06-22 15:28:29 Image size of job updated: 13436
	1  -  MemoryUsage of job (MB)
	4  -  ResidentSetSize of job (KB)
...
005 (15175443.000.000) 2026-06-22 15:28:29 Job terminated.
	(1) Normal termination (return value 0)
		Usr 0 00:00:00, Sys 0 00:00:00  -  Run Remote Usage
		Usr 0 00:00:00, Sys 0 00:00:00  -  Run Local Usage
		Usr 0 00:00:00, Sys 0 00:00:00  -  Total Remote Usage
		Usr 0 00:00:00, Sys 0 00:00:00  -  Total Local Usage
	0  -  Run Bytes Sent By Job
	0  -  Run Bytes Received By Job
	0  -  Total Bytes Sent By Job
	0  -  Total Bytes Received By Job
	Partitionable Resources :    Usage  Request Allocated 
	   Cpus                 :        0        1         1 
	   Disk (KB)            :        2  2097152   2098176 
	   GPUs                 :                           0 
	   Memory (MB)          :        1     4096      4096 
	   TimeExecute (s)      :       10                    
	   TimeSlotBusy (s)     :       10                    

	Job terminated of its own accord at 2026-06-22T06:28:29Z with exit-code 0.
...
