000 (14011779.000.000) 2026-04-15 22:18:35 Job submitted from host: <172.30.1.200:9618?addrs=172.30.1.200-9618&alias=tamsa2&noUDP&sock=schedd_2583_4d37>
    DAG Node: boost_DY
...
000 (14011780.000.000) 2026-04-15 22:18:35 Job submitted from host: <172.30.1.200:9618?addrs=172.30.1.200-9618&alias=tamsa2&noUDP&sock=schedd_2583_4d37>
    DAG Node: boost_FLV
...
000 (14011781.000.000) 2026-04-15 22:18:35 Job submitted from host: <172.30.1.200:9618?addrs=172.30.1.200-9618&alias=tamsa2&noUDP&sock=schedd_2583_4d37>
    DAG Node: boost_sr
...
000 (14011782.000.000) 2026-04-15 22:18:35 Job submitted from host: <172.30.1.200:9618?addrs=172.30.1.200-9618&alias=tamsa2&noUDP&sock=schedd_2583_4d37>
    DAG Node: resolve_DY
...
000 (14011783.000.000) 2026-04-15 22:18:35 Job submitted from host: <172.30.1.200:9618?addrs=172.30.1.200-9618&alias=tamsa2&noUDP&sock=schedd_2583_4d37>
    DAG Node: resolve_FLV
...
000 (14011784.000.000) 2026-04-15 22:18:35 Job submitted from host: <172.30.1.200:9618?addrs=172.30.1.200-9618&alias=tamsa2&noUDP&sock=schedd_2583_4d37>
    DAG Node: resolve_sr
...
001 (14011780.000.000) 2026-04-15 22:18:51 Job executing on host: <172.30.1.201:9618?addrs=172.30.1.201-9618&alias=node-w1.localdomain&noUDP&sock=startd_4216_675f>
	SlotName: slot1_2@node-w1.localdomain
	CondorScratchDir = "/var/lib/condor/execute/dir_3642810"
	Cpus = 1
	Disk = 2098176
	GPUs = 0
	Memory = 4096
...
001 (14011783.000.000) 2026-04-15 22:18:51 Job executing on host: <172.30.1.201:9618?addrs=172.30.1.201-9618&alias=node-w1.localdomain&noUDP&sock=startd_4216_675f>
	SlotName: slot1_5@node-w1.localdomain
	CondorScratchDir = "/var/lib/condor/execute/dir_3642813"
	Cpus = 1
	Disk = 2098176
	GPUs = 0
	Memory = 4096
...
001 (14011784.000.000) 2026-04-15 22:18:51 Job executing on host: <172.30.1.201:9618?addrs=172.30.1.201-9618&alias=node-w1.localdomain&noUDP&sock=startd_4216_675f>
	SlotName: slot1_6@node-w1.localdomain
	CondorScratchDir = "/var/lib/condor/execute/dir_3642814"
	Cpus = 1
	Disk = 2098176
	GPUs = 0
	Memory = 4096
...
001 (14011779.000.000) 2026-04-15 22:18:51 Job executing on host: <172.30.1.201:9618?addrs=172.30.1.201-9618&alias=node-w1.localdomain&noUDP&sock=startd_4216_675f>
	SlotName: slot1_1@node-w1.localdomain
	CondorScratchDir = "/var/lib/condor/execute/dir_3642809"
	Cpus = 1
	Disk = 2098176
	GPUs = 0
	Memory = 4096
...
001 (14011781.000.000) 2026-04-15 22:18:51 Job executing on host: <172.30.1.201:9618?addrs=172.30.1.201-9618&alias=node-w1.localdomain&noUDP&sock=startd_4216_675f>
	SlotName: slot1_3@node-w1.localdomain
	CondorScratchDir = "/var/lib/condor/execute/dir_3642811"
	Cpus = 1
	Disk = 2098176
	GPUs = 0
	Memory = 4096
...
001 (14011782.000.000) 2026-04-15 22:18:51 Job executing on host: <172.30.1.201:9618?addrs=172.30.1.201-9618&alias=node-w1.localdomain&noUDP&sock=startd_4216_675f>
	SlotName: slot1_4@node-w1.localdomain
	CondorScratchDir = "/var/lib/condor/execute/dir_3642812"
	Cpus = 1
	Disk = 2098176
	GPUs = 0
	Memory = 4096
...
005 (14011783.000.000) 2026-04-15 22:38:20 Job terminated.
	(1) Normal termination (return value 0)
		Usr 0 00:12:59, Sys 0 00:01:00  -  Run Remote Usage
		Usr 0 00:00:00, Sys 0 00:00:00  -  Run Local Usage
		Usr 0 00:12:59, Sys 0 00:01:00  -  Total Remote Usage
		Usr 0 00:00:00, Sys 0 00:00:00  -  Total Local Usage
	0  -  Run Bytes Sent By Job
	0  -  Run Bytes Received By Job
	0  -  Total Bytes Sent By Job
	0  -  Total Bytes Received By Job
	Partitionable Resources :    Usage  Request Allocated 
	   Cpus                 :     0.67        1         1 
	   Disk (KB)            :     2     2097152   2098176 
	   GPUs                 :                           0 
	   Memory (MB)          :   157        4096      4096 
	   TimeExecute (s)      :  1169                       
	   TimeSlotBusy (s)     :  1169                       

	Job terminated of its own accord at 2026-04-15T13:38:20Z with exit-code 0.
...
005 (14011781.000.000) 2026-04-15 22:45:56 Job terminated.
	(1) Normal termination (return value 0)
		Usr 0 00:17:53, Sys 0 00:01:21  -  Run Remote Usage
		Usr 0 00:00:00, Sys 0 00:00:00  -  Run Local Usage
		Usr 0 00:17:53, Sys 0 00:01:21  -  Total Remote Usage
		Usr 0 00:00:00, Sys 0 00:00:00  -  Total Local Usage
	0  -  Run Bytes Sent By Job
	0  -  Run Bytes Received By Job
	0  -  Total Bytes Sent By Job
	0  -  Total Bytes Received By Job
	Partitionable Resources :    Usage  Request Allocated 
	   Cpus                 :     0.62        1         1 
	   Disk (KB)            :     2     2097152   2098176 
	   GPUs                 :                           0 
	   Memory (MB)          :   161        4096      4096 
	   TimeExecute (s)      :  1625                       
	   TimeSlotBusy (s)     :  1626                       

	Job terminated of its own accord at 2026-04-15T13:45:56Z with exit-code 0.
...
005 (14011784.000.000) 2026-04-15 22:50:30 Job terminated.
	(1) Normal termination (return value 0)
		Usr 0 00:21:07, Sys 0 00:01:43  -  Run Remote Usage
		Usr 0 00:00:00, Sys 0 00:00:00  -  Run Local Usage
		Usr 0 00:21:07, Sys 0 00:01:43  -  Total Remote Usage
		Usr 0 00:00:00, Sys 0 00:00:00  -  Total Local Usage
	0  -  Run Bytes Sent By Job
	0  -  Run Bytes Received By Job
	0  -  Total Bytes Sent By Job
	0  -  Total Bytes Received By Job
	Partitionable Resources :    Usage  Request Allocated 
	   Cpus                 :     0.62        1         1 
	   Disk (KB)            :     2     2097152   2098176 
	   GPUs                 :                           0 
	   Memory (MB)          :   159        4096      4096 
	   TimeExecute (s)      :  1899                       
	   TimeSlotBusy (s)     :  1899                       

	Job terminated of its own accord at 2026-04-15T13:50:30Z with exit-code 0.
...
005 (14011779.000.000) 2026-04-15 22:53:20 Job terminated.
	(1) Normal termination (return value 0)
		Usr 0 00:22:32, Sys 0 00:01:42  -  Run Remote Usage
		Usr 0 00:00:00, Sys 0 00:00:00  -  Run Local Usage
		Usr 0 00:22:32, Sys 0 00:01:42  -  Total Remote Usage
		Usr 0 00:00:00, Sys 0 00:00:00  -  Total Local Usage
	0  -  Run Bytes Sent By Job
	0  -  Run Bytes Received By Job
	0  -  Total Bytes Sent By Job
	0  -  Total Bytes Received By Job
	Partitionable Resources :    Usage  Request Allocated 
	   Cpus                 :     0.72        1         1 
	   Disk (KB)            :     2     2097152   2098176 
	   GPUs                 :                           0 
	   Memory (MB)          :   157        4096      4096 
	   TimeExecute (s)      :  2069                       
	   TimeSlotBusy (s)     :  2070                       

	Job terminated of its own accord at 2026-04-15T13:53:20Z with exit-code 0.
...
005 (14011782.000.000) 2026-04-15 23:05:13 Job terminated.
	(1) Normal termination (return value 0)
		Usr 0 00:31:21, Sys 0 00:02:21  -  Run Remote Usage
		Usr 0 00:00:00, Sys 0 00:00:00  -  Run Local Usage
		Usr 0 00:31:21, Sys 0 00:02:21  -  Total Remote Usage
		Usr 0 00:00:00, Sys 0 00:00:00  -  Total Local Usage
	0  -  Run Bytes Sent By Job
	0  -  Run Bytes Received By Job
	0  -  Total Bytes Sent By Job
	0  -  Total Bytes Received By Job
	Partitionable Resources :    Usage  Request Allocated 
	   Cpus                 :     0.79        1         1 
	   Disk (KB)            :     2     2097152   2098176 
	   GPUs                 :                           0 
	   Memory (MB)          :   173        4096      4096 
	   TimeExecute (s)      :  2782                       
	   TimeSlotBusy (s)     :  2783                       

	Job terminated of its own accord at 2026-04-15T14:05:13Z with exit-code 0.
...
005 (14011780.000.000) 2026-04-15 23:05:59 Job terminated.
	(1) Normal termination (return value 0)
		Usr 0 00:31:58, Sys 0 00:02:23  -  Run Remote Usage
		Usr 0 00:00:00, Sys 0 00:00:00  -  Run Local Usage
		Usr 0 00:31:58, Sys 0 00:02:23  -  Total Remote Usage
		Usr 0 00:00:00, Sys 0 00:00:00  -  Total Local Usage
	0  -  Run Bytes Sent By Job
	0  -  Run Bytes Received By Job
	0  -  Total Bytes Sent By Job
	0  -  Total Bytes Received By Job
	Partitionable Resources :    Usage  Request Allocated 
	   Cpus                 :     0.70        1         1 
	   Disk (KB)            :     2     2097152   2098176 
	   GPUs                 :                           0 
	   Memory (MB)          :   158        4096      4096 
	   TimeExecute (s)      :  2828                       
	   TimeSlotBusy (s)     :  2829                       

	Job terminated of its own accord at 2026-04-15T14:05:59Z with exit-code 0.
...
000 (14011785.000.000) 2026-04-15 23:06:08 Job submitted from host: <172.30.1.200:9618?addrs=172.30.1.200-9618&alias=tamsa2&noUDP&sock=schedd_2583_4d37>
    DAG Node: organize
...
001 (14011785.000.000) 2026-04-15 23:06:11 Job executing on host: <172.30.1.201:9618?addrs=172.30.1.201-9618&alias=node-w1.localdomain&noUDP&sock=startd_4216_675f>
	SlotName: slot1_1@node-w1.localdomain
	CondorScratchDir = "/var/lib/condor/execute/dir_3665138"
	Cpus = 1
	Disk = 2098176
	GPUs = 0
	Memory = 4096
...
005 (14011785.000.000) 2026-04-15 23:06:20 Job terminated.
	(1) Normal termination (return value 0)
		Usr 0 00:00:00, Sys 0 00:00:00  -  Run Remote Usage
		Usr 0 00:00:00, Sys 0 00:00:00  -  Run Local Usage
		Usr 0 00:00:00, Sys 0 00:00:00  -  Total Remote Usage
		Usr 0 00:00:00, Sys 0 00:00:00  -  Total Local Usage
	0  -  Run Bytes Sent By Job
	0  -  Run Bytes Received By Job
	0  -  Total Bytes Sent By Job
	0  -  Total Bytes Received By Job
	Partitionable Resources :    Usage  Request Allocated 
	   Cpus                 :        0        1         1 
	   Disk (KB)            :        2  2097152   2098176 
	   GPUs                 :                           0 
	   Memory (MB)          :        0     4096      4096 
	   TimeExecute (s)      :        9                    
	   TimeSlotBusy (s)     :        9                    

	Job terminated of its own accord at 2026-04-15T14:06:20Z with exit-code 0.
...
