000 (15057794.000.000) 2026-06-13 22:25:25 Job submitted from host: <172.30.1.200:9618?addrs=172.30.1.200-9618&alias=tamsa2&noUDP&sock=schedd_2474_8965>
    DAG Node: 2022_Boost_DY
...
000 (15057795.000.000) 2026-06-13 22:25:25 Job submitted from host: <172.30.1.200:9618?addrs=172.30.1.200-9618&alias=tamsa2&noUDP&sock=schedd_2474_8965>
    DAG Node: 2022_Boost_FLV
...
000 (15057796.000.000) 2026-06-13 22:25:25 Job submitted from host: <172.30.1.200:9618?addrs=172.30.1.200-9618&alias=tamsa2&noUDP&sock=schedd_2474_8965>
    DAG Node: 2022_Boost_sig
...
000 (15057797.000.000) 2026-06-13 22:25:25 Job submitted from host: <172.30.1.200:9618?addrs=172.30.1.200-9618&alias=tamsa2&noUDP&sock=schedd_2474_8965>
    DAG Node: 2022_Resolve_DY
...
000 (15057798.000.000) 2026-06-13 22:25:25 Job submitted from host: <172.30.1.200:9618?addrs=172.30.1.200-9618&alias=tamsa2&noUDP&sock=schedd_2474_8965>
    DAG Node: 2022_Resolve_FLV
...
000 (15057799.000.000) 2026-06-13 22:25:25 Job submitted from host: <172.30.1.200:9618?addrs=172.30.1.200-9618&alias=tamsa2&noUDP&sock=schedd_2474_8965>
    DAG Node: 2022_Resolve_sig
...
000 (15057800.000.000) 2026-06-13 22:25:25 Job submitted from host: <172.30.1.200:9618?addrs=172.30.1.200-9618&alias=tamsa2&noUDP&sock=schedd_2474_8965>
    DAG Node: 2022EE_Boost_DY
...
000 (15057801.000.000) 2026-06-13 22:25:25 Job submitted from host: <172.30.1.200:9618?addrs=172.30.1.200-9618&alias=tamsa2&noUDP&sock=schedd_2474_8965>
    DAG Node: 2022EE_Boost_FLV
...
000 (15057802.000.000) 2026-06-13 22:25:25 Job submitted from host: <172.30.1.200:9618?addrs=172.30.1.200-9618&alias=tamsa2&noUDP&sock=schedd_2474_8965>
    DAG Node: 2022EE_Boost_sig
...
000 (15057803.000.000) 2026-06-13 22:25:25 Job submitted from host: <172.30.1.200:9618?addrs=172.30.1.200-9618&alias=tamsa2&noUDP&sock=schedd_2474_8965>
    DAG Node: 2022EE_Resolve_DY
...
000 (15057804.000.000) 2026-06-13 22:25:25 Job submitted from host: <172.30.1.200:9618?addrs=172.30.1.200-9618&alias=tamsa2&noUDP&sock=schedd_2474_8965>
    DAG Node: 2022EE_Resolve_FLV
...
000 (15057806.000.000) 2026-06-13 22:25:25 Job submitted from host: <172.30.1.200:9618?addrs=172.30.1.200-9618&alias=tamsa2&noUDP&sock=schedd_2474_8965>
    DAG Node: 2022EE_Resolve_sig
...
000 (15057808.000.000) 2026-06-13 22:25:25 Job submitted from host: <172.30.1.200:9618?addrs=172.30.1.200-9618&alias=tamsa2&noUDP&sock=schedd_2474_8965>
    DAG Node: 2023_Boost_DY
...
000 (15057810.000.000) 2026-06-13 22:25:25 Job submitted from host: <172.30.1.200:9618?addrs=172.30.1.200-9618&alias=tamsa2&noUDP&sock=schedd_2474_8965>
    DAG Node: 2023_Boost_FLV
...
000 (15057812.000.000) 2026-06-13 22:25:25 Job submitted from host: <172.30.1.200:9618?addrs=172.30.1.200-9618&alias=tamsa2&noUDP&sock=schedd_2474_8965>
    DAG Node: 2023_Boost_sig
...
000 (15057814.000.000) 2026-06-13 22:25:25 Job submitted from host: <172.30.1.200:9618?addrs=172.30.1.200-9618&alias=tamsa2&noUDP&sock=schedd_2474_8965>
    DAG Node: 2023_Resolve_DY
...
000 (15057816.000.000) 2026-06-13 22:25:25 Job submitted from host: <172.30.1.200:9618?addrs=172.30.1.200-9618&alias=tamsa2&noUDP&sock=schedd_2474_8965>
    DAG Node: 2023_Resolve_FLV
...
000 (15057818.000.000) 2026-06-13 22:25:25 Job submitted from host: <172.30.1.200:9618?addrs=172.30.1.200-9618&alias=tamsa2&noUDP&sock=schedd_2474_8965>
    DAG Node: 2023_Resolve_sig
...
000 (15057820.000.000) 2026-06-13 22:25:25 Job submitted from host: <172.30.1.200:9618?addrs=172.30.1.200-9618&alias=tamsa2&noUDP&sock=schedd_2474_8965>
    DAG Node: 2023BPix_Boost_DY
...
000 (15057822.000.000) 2026-06-13 22:25:25 Job submitted from host: <172.30.1.200:9618?addrs=172.30.1.200-9618&alias=tamsa2&noUDP&sock=schedd_2474_8965>
    DAG Node: 2023BPix_Boost_FLV
...
000 (15057824.000.000) 2026-06-13 22:25:25 Job submitted from host: <172.30.1.200:9618?addrs=172.30.1.200-9618&alias=tamsa2&noUDP&sock=schedd_2474_8965>
    DAG Node: 2023BPix_Boost_sig
...
000 (15057826.000.000) 2026-06-13 22:25:25 Job submitted from host: <172.30.1.200:9618?addrs=172.30.1.200-9618&alias=tamsa2&noUDP&sock=schedd_2474_8965>
    DAG Node: 2023BPix_Resolve_DY
...
000 (15057828.000.000) 2026-06-13 22:25:25 Job submitted from host: <172.30.1.200:9618?addrs=172.30.1.200-9618&alias=tamsa2&noUDP&sock=schedd_2474_8965>
    DAG Node: 2023BPix_Resolve_FLV
...
000 (15057830.000.000) 2026-06-13 22:25:25 Job submitted from host: <172.30.1.200:9618?addrs=172.30.1.200-9618&alias=tamsa2&noUDP&sock=schedd_2474_8965>
    DAG Node: 2023BPix_Resolve_sig
...
001 (15057818.000.000) 2026-06-13 22:25:40 Job executing on host: <172.30.1.215:9618?addrs=172.30.1.215-9618&alias=node-w15.localdomain&noUDP&sock=startd_1576221_147d>
	SlotName: slot1_1@node-w15.localdomain
	CondorScratchDir = "/var/lib/condor/execute/dir_2991333"
	Cpus = 1
	Disk = 2098176
	GPUs = 0
	Memory = 4096
...
001 (15057824.000.000) 2026-06-13 22:25:40 Job executing on host: <172.30.1.215:9618?addrs=172.30.1.215-9618&alias=node-w15.localdomain&noUDP&sock=startd_1576221_147d>
	SlotName: slot1_9@node-w15.localdomain
	CondorScratchDir = "/var/lib/condor/execute/dir_2991338"
	Cpus = 1
	Disk = 2098176
	GPUs = 0
	Memory = 4096
...
001 (15057826.000.000) 2026-06-13 22:25:40 Job executing on host: <172.30.1.215:9618?addrs=172.30.1.215-9618&alias=node-w15.localdomain&noUDP&sock=startd_1576221_147d>
	SlotName: slot1_11@node-w15.localdomain
	CondorScratchDir = "/var/lib/condor/execute/dir_2991341"
	Cpus = 1
	Disk = 2098176
	GPUs = 0
	Memory = 4096
...
001 (15057828.000.000) 2026-06-13 22:25:40 Job executing on host: <172.30.1.215:9618?addrs=172.30.1.215-9618&alias=node-w15.localdomain&noUDP&sock=startd_1576221_147d>
	SlotName: slot1_12@node-w15.localdomain
	CondorScratchDir = "/var/lib/condor/execute/dir_2991340"
	Cpus = 1
	Disk = 2098176
	GPUs = 0
	Memory = 4096
...
001 (15057830.000.000) 2026-06-13 22:25:40 Job executing on host: <172.30.1.215:9618?addrs=172.30.1.215-9618&alias=node-w15.localdomain&noUDP&sock=startd_1576221_147d>
	SlotName: slot1_14@node-w15.localdomain
	CondorScratchDir = "/var/lib/condor/execute/dir_2991343"
	Cpus = 1
	Disk = 2098176
	GPUs = 0
	Memory = 4096
...
001 (15057820.000.000) 2026-06-13 22:25:41 Job executing on host: <172.30.1.215:9618?addrs=172.30.1.215-9618&alias=node-w15.localdomain&noUDP&sock=startd_1576221_147d>
	SlotName: slot1_2@node-w15.localdomain
	CondorScratchDir = "/var/lib/condor/execute/dir_2991334"
	Cpus = 1
	Disk = 2098176
	GPUs = 0
	Memory = 4096
...
001 (15057822.000.000) 2026-06-13 22:25:41 Job executing on host: <172.30.1.215:9618?addrs=172.30.1.215-9618&alias=node-w15.localdomain&noUDP&sock=startd_1576221_147d>
	SlotName: slot1_7@node-w15.localdomain
	CondorScratchDir = "/var/lib/condor/execute/dir_2991336"
	Cpus = 1
	Disk = 2098176
	GPUs = 0
	Memory = 4096
...
001 (15057799.000.000) 2026-06-13 22:25:41 Job executing on host: <172.30.1.213:9618?addrs=172.30.1.213-9618&alias=node-w13.localdomain&noUDP&sock=startd_4483_8b29>
	SlotName: slot1_15@node-w13.localdomain
	CondorScratchDir = "/var/lib/condor/execute/dir_3762143"
	Cpus = 1
	Disk = 2098176
	GPUs = 0
	Memory = 4096
...
001 (15057802.000.000) 2026-06-13 22:25:41 Job executing on host: <172.30.1.213:9618?addrs=172.30.1.213-9618&alias=node-w13.localdomain&noUDP&sock=startd_4483_8b29>
	SlotName: slot1_24@node-w13.localdomain
	CondorScratchDir = "/var/lib/condor/execute/dir_3762146"
	Cpus = 1
	Disk = 2098176
	GPUs = 0
	Memory = 4096
...
001 (15057796.000.000) 2026-06-13 22:25:41 Job executing on host: <172.30.1.213:9618?addrs=172.30.1.213-9618&alias=node-w13.localdomain&noUDP&sock=startd_4483_8b29>
	SlotName: slot1_30@node-w13.localdomain
	CondorScratchDir = "/var/lib/condor/execute/dir_3762152"
	Cpus = 1
	Disk = 2098176
	GPUs = 0
	Memory = 4096
...
001 (15057808.000.000) 2026-06-13 22:25:41 Job executing on host: <172.30.1.213:9618?addrs=172.30.1.213-9618&alias=node-w13.localdomain&noUDP&sock=startd_4483_8b29>
	SlotName: slot1_34@node-w13.localdomain
	CondorScratchDir = "/var/lib/condor/execute/dir_3762156"
	Cpus = 1
	Disk = 2098176
	GPUs = 0
	Memory = 4096
...
001 (15057797.000.000) 2026-06-13 22:25:41 Job executing on host: <172.30.1.213:9618?addrs=172.30.1.213-9618&alias=node-w13.localdomain&noUDP&sock=startd_4483_8b29>
	SlotName: slot1_38@node-w13.localdomain
	CondorScratchDir = "/var/lib/condor/execute/dir_3762160"
	Cpus = 1
	Disk = 2098176
	GPUs = 0
	Memory = 4096
...
001 (15057795.000.000) 2026-06-13 22:25:41 Job executing on host: <172.30.1.213:9618?addrs=172.30.1.213-9618&alias=node-w13.localdomain&noUDP&sock=startd_4483_8b29>
	SlotName: slot1_29@node-w13.localdomain
	CondorScratchDir = "/var/lib/condor/execute/dir_3762151"
	Cpus = 1
	Disk = 2098176
	GPUs = 0
	Memory = 4096
...
001 (15057801.000.000) 2026-06-13 22:25:41 Job executing on host: <172.30.1.213:9618?addrs=172.30.1.213-9618&alias=node-w13.localdomain&noUDP&sock=startd_4483_8b29>
	SlotName: slot1_22@node-w13.localdomain
	CondorScratchDir = "/var/lib/condor/execute/dir_3762145"
	Cpus = 1
	Disk = 2098176
	GPUs = 0
	Memory = 4096
...
001 (15057810.000.000) 2026-06-13 22:25:41 Job executing on host: <172.30.1.213:9618?addrs=172.30.1.213-9618&alias=node-w13.localdomain&noUDP&sock=startd_4483_8b29>
	SlotName: slot1_35@node-w13.localdomain
	CondorScratchDir = "/var/lib/condor/execute/dir_3762157"
	Cpus = 1
	Disk = 2098176
	GPUs = 0
	Memory = 4096
...
001 (15057800.000.000) 2026-06-13 22:25:41 Job executing on host: <172.30.1.213:9618?addrs=172.30.1.213-9618&alias=node-w13.localdomain&noUDP&sock=startd_4483_8b29>
	SlotName: slot1_21@node-w13.localdomain
	CondorScratchDir = "/var/lib/condor/execute/dir_3762144"
	Cpus = 1
	Disk = 2098176
	GPUs = 0
	Memory = 4096
...
001 (15057804.000.000) 2026-06-13 22:25:41 Job executing on host: <172.30.1.213:9618?addrs=172.30.1.213-9618&alias=node-w13.localdomain&noUDP&sock=startd_4483_8b29>
	SlotName: slot1_26@node-w13.localdomain
	CondorScratchDir = "/var/lib/condor/execute/dir_3762148"
	Cpus = 1
	Disk = 2098176
	GPUs = 0
	Memory = 4096
...
001 (15057806.000.000) 2026-06-13 22:25:41 Job executing on host: <172.30.1.213:9618?addrs=172.30.1.213-9618&alias=node-w13.localdomain&noUDP&sock=startd_4483_8b29>
	SlotName: slot1_31@node-w13.localdomain
	CondorScratchDir = "/var/lib/condor/execute/dir_3762153"
	Cpus = 1
	Disk = 2098176
	GPUs = 0
	Memory = 4096
...
001 (15057798.000.000) 2026-06-13 22:25:41 Job executing on host: <172.30.1.213:9618?addrs=172.30.1.213-9618&alias=node-w13.localdomain&noUDP&sock=startd_4483_8b29>
	SlotName: slot1_11@node-w13.localdomain
	CondorScratchDir = "/var/lib/condor/execute/dir_3762142"
	Cpus = 1
	Disk = 2098176
	GPUs = 0
	Memory = 4096
...
001 (15057794.000.000) 2026-06-13 22:25:41 Job executing on host: <172.30.1.213:9618?addrs=172.30.1.213-9618&alias=node-w13.localdomain&noUDP&sock=startd_4483_8b29>
	SlotName: slot1_28@node-w13.localdomain
	CondorScratchDir = "/var/lib/condor/execute/dir_3762150"
	Cpus = 1
	Disk = 2098176
	GPUs = 0
	Memory = 4096
...
001 (15057816.000.000) 2026-06-13 22:25:41 Job executing on host: <172.30.1.213:9618?addrs=172.30.1.213-9618&alias=node-w13.localdomain&noUDP&sock=startd_4483_8b29>
	SlotName: slot1_42@node-w13.localdomain
	CondorScratchDir = "/var/lib/condor/execute/dir_3762164"
	Cpus = 1
	Disk = 2098176
	GPUs = 0
	Memory = 4096
...
001 (15057803.000.000) 2026-06-13 22:25:41 Job executing on host: <172.30.1.213:9618?addrs=172.30.1.213-9618&alias=node-w13.localdomain&noUDP&sock=startd_4483_8b29>
	SlotName: slot1_25@node-w13.localdomain
	CondorScratchDir = "/var/lib/condor/execute/dir_3762147"
	Cpus = 1
	Disk = 2098176
	GPUs = 0
	Memory = 4096
...
001 (15057814.000.000) 2026-06-13 22:25:41 Job executing on host: <172.30.1.213:9618?addrs=172.30.1.213-9618&alias=node-w13.localdomain&noUDP&sock=startd_4483_8b29>
	SlotName: slot1_40@node-w13.localdomain
	CondorScratchDir = "/var/lib/condor/execute/dir_3762162"
	Cpus = 1
	Disk = 2098176
	GPUs = 0
	Memory = 4096
...
001 (15057812.000.000) 2026-06-13 22:26:39 Job executing on host: <172.30.1.215:9618?addrs=172.30.1.215-9618&alias=node-w15.localdomain&noUDP&sock=startd_1576221_147d>
	SlotName: slot1_25@node-w15.localdomain
	CondorScratchDir = "/var/lib/condor/execute/dir_2993855"
	Cpus = 1
	Disk = 2098176
	GPUs = 0
	Memory = 4096
...
005 (15057802.000.000) 2026-06-13 22:36:13 Job terminated.
	(1) Normal termination (return value 0)
		Usr 0 00:06:37, Sys 0 00:00:28  -  Run Remote Usage
		Usr 0 00:00:00, Sys 0 00:00:00  -  Run Local Usage
		Usr 0 00:06:37, Sys 0 00:00:28  -  Total Remote Usage
		Usr 0 00:00:00, Sys 0 00:00:00  -  Total Local Usage
	0  -  Run Bytes Sent By Job
	0  -  Run Bytes Received By Job
	0  -  Total Bytes Sent By Job
	0  -  Total Bytes Received By Job
	Partitionable Resources :    Usage  Request Allocated 
	   Cpus                 :     0.80        1         1 
	   Disk (KB)            :     2     2097152   2098176 
	   GPUs                 :                           0 
	   Memory (MB)          :   158        4096      4096 
	   TimeExecute (s)      :   632                       
	   TimeSlotBusy (s)     :   633                       

	Job terminated of its own accord at 2026-06-13T13:36:13Z with exit-code 0.
...
005 (15057796.000.000) 2026-06-13 22:38:31 Job terminated.
	(1) Normal termination (return value 0)
		Usr 0 00:07:57, Sys 0 00:00:30  -  Run Remote Usage
		Usr 0 00:00:00, Sys 0 00:00:00  -  Run Local Usage
		Usr 0 00:07:57, Sys 0 00:00:30  -  Total Remote Usage
		Usr 0 00:00:00, Sys 0 00:00:00  -  Total Local Usage
	0  -  Run Bytes Sent By Job
	0  -  Run Bytes Received By Job
	0  -  Total Bytes Sent By Job
	0  -  Total Bytes Received By Job
	Partitionable Resources :    Usage  Request Allocated 
	   Cpus                 :     0.79        1         1 
	   Disk (KB)            :     2     2097152   2098176 
	   GPUs                 :                           0 
	   Memory (MB)          :   158        4096      4096 
	   TimeExecute (s)      :   770                       
	   TimeSlotBusy (s)     :   771                       

	Job terminated of its own accord at 2026-06-13T13:38:31Z with exit-code 0.
...
005 (15057824.000.000) 2026-06-13 22:38:55 Job terminated.
	(1) Normal termination (return value 0)
		Usr 0 00:08:04, Sys 0 00:00:30  -  Run Remote Usage
		Usr 0 00:00:00, Sys 0 00:00:00  -  Run Local Usage
		Usr 0 00:08:04, Sys 0 00:00:30  -  Total Remote Usage
		Usr 0 00:00:00, Sys 0 00:00:00  -  Total Local Usage
	0  -  Run Bytes Sent By Job
	0  -  Run Bytes Received By Job
	0  -  Total Bytes Sent By Job
	0  -  Total Bytes Received By Job
	Partitionable Resources :    Usage  Request Allocated 
	   Cpus                 :     0.47        1         1 
	   Disk (KB)            :     2     2097152   2098176 
	   GPUs                 :                           0 
	   Memory (MB)          :   156        4096      4096 
	   TimeExecute (s)      :   795                       
	   TimeSlotBusy (s)     :   795                       

	Job terminated of its own accord at 2026-06-13T13:38:55Z with exit-code 0.
...
005 (15057812.000.000) 2026-06-13 22:39:05 Job terminated.
	(1) Normal termination (return value 0)
		Usr 0 00:07:33, Sys 0 00:00:31  -  Run Remote Usage
		Usr 0 00:00:00, Sys 0 00:00:00  -  Run Local Usage
		Usr 0 00:07:33, Sys 0 00:00:31  -  Total Remote Usage
		Usr 0 00:00:00, Sys 0 00:00:00  -  Total Local Usage
	0  -  Run Bytes Sent By Job
	0  -  Run Bytes Received By Job
	0  -  Total Bytes Sent By Job
	0  -  Total Bytes Received By Job
	Partitionable Resources :    Usage  Request Allocated 
	   Cpus                 :     0.36        1         1 
	   Disk (KB)            :     2     2097152   2098176 
	   GPUs                 :                           0 
	   Memory (MB)          :   155        4096      4096 
	   TimeExecute (s)      :   746                       
	   TimeSlotBusy (s)     :   747                       

	Job terminated of its own accord at 2026-06-13T13:39:05Z with exit-code 0.
...
005 (15057804.000.000) 2026-06-13 22:44:12 Job terminated.
	(1) Normal termination (return value 0)
		Usr 0 00:11:28, Sys 0 00:00:47  -  Run Remote Usage
		Usr 0 00:00:00, Sys 0 00:00:00  -  Run Local Usage
		Usr 0 00:11:28, Sys 0 00:00:47  -  Total Remote Usage
		Usr 0 00:00:00, Sys 0 00:00:00  -  Total Local Usage
	0  -  Run Bytes Sent By Job
	0  -  Run Bytes Received By Job
	0  -  Total Bytes Sent By Job
	0  -  Total Bytes Received By Job
	Partitionable Resources :    Usage  Request Allocated 
	   Cpus                 :     0.81        1         1 
	   Disk (KB)            :     2     2097152   2098176 
	   GPUs                 :                           0 
	   Memory (MB)          :   157        4096      4096 
	   TimeExecute (s)      :  1110                       
	   TimeSlotBusy (s)     :  1111                       

	Job terminated of its own accord at 2026-06-13T13:44:11Z with exit-code 0.
...
005 (15057828.000.000) 2026-06-13 22:46:35 Job terminated.
	(1) Normal termination (return value 0)
		Usr 0 00:13:32, Sys 0 00:00:53  -  Run Remote Usage
		Usr 0 00:00:00, Sys 0 00:00:00  -  Run Local Usage
		Usr 0 00:13:32, Sys 0 00:00:53  -  Total Remote Usage
		Usr 0 00:00:00, Sys 0 00:00:00  -  Total Local Usage
	0  -  Run Bytes Sent By Job
	0  -  Run Bytes Received By Job
	0  -  Total Bytes Sent By Job
	0  -  Total Bytes Received By Job
	Partitionable Resources :    Usage  Request Allocated 
	   Cpus                 :     0.69        1         1 
	   Disk (KB)            :     2     2097152   2098176 
	   GPUs                 :                           0 
	   Memory (MB)          :   156        4096      4096 
	   TimeExecute (s)      :  1255                       
	   TimeSlotBusy (s)     :  1255                       

	Job terminated of its own accord at 2026-06-13T13:46:35Z with exit-code 0.
...
005 (15057798.000.000) 2026-06-13 22:46:36 Job terminated.
	(1) Normal termination (return value 0)
		Usr 0 00:13:44, Sys 0 00:00:52  -  Run Remote Usage
		Usr 0 00:00:00, Sys 0 00:00:00  -  Run Local Usage
		Usr 0 00:13:44, Sys 0 00:00:52  -  Total Remote Usage
		Usr 0 00:00:00, Sys 0 00:00:00  -  Total Local Usage
	0  -  Run Bytes Sent By Job
	0  -  Run Bytes Received By Job
	0  -  Total Bytes Sent By Job
	0  -  Total Bytes Received By Job
	Partitionable Resources :    Usage  Request Allocated 
	   Cpus                 :     0.82        1         1 
	   Disk (KB)            :     2     2097152   2098176 
	   GPUs                 :                           0 
	   Memory (MB)          :   156        4096      4096 
	   TimeExecute (s)      :  1255                       
	   TimeSlotBusy (s)     :  1257                       

	Job terminated of its own accord at 2026-06-13T13:46:36Z with exit-code 0.
...
005 (15057816.000.000) 2026-06-13 22:47:17 Job terminated.
	(1) Normal termination (return value 0)
		Usr 0 00:14:20, Sys 0 00:00:52  -  Run Remote Usage
		Usr 0 00:00:00, Sys 0 00:00:00  -  Run Local Usage
		Usr 0 00:14:20, Sys 0 00:00:52  -  Total Remote Usage
		Usr 0 00:00:00, Sys 0 00:00:00  -  Total Local Usage
	0  -  Run Bytes Sent By Job
	0  -  Run Bytes Received By Job
	0  -  Total Bytes Sent By Job
	0  -  Total Bytes Received By Job
	Partitionable Resources :    Usage  Request Allocated 
	   Cpus                 :     0.82        1         1 
	   Disk (KB)            :     2     2097152   2098176 
	   GPUs                 :                           0 
	   Memory (MB)          :   145        4096      4096 
	   TimeExecute (s)      :  1296                       
	   TimeSlotBusy (s)     :  1296                       

	Job terminated of its own accord at 2026-06-13T13:47:17Z with exit-code 0.
...
005 (15057794.000.000) 2026-06-13 22:49:27 Job terminated.
	(1) Normal termination (return value 0)
		Usr 0 00:15:27, Sys 0 00:01:05  -  Run Remote Usage
		Usr 0 00:00:00, Sys 0 00:00:00  -  Run Local Usage
		Usr 0 00:15:27, Sys 0 00:01:05  -  Total Remote Usage
		Usr 0 00:00:00, Sys 0 00:00:00  -  Total Local Usage
	0  -  Run Bytes Sent By Job
	0  -  Run Bytes Received By Job
	0  -  Total Bytes Sent By Job
	0  -  Total Bytes Received By Job
	Partitionable Resources :    Usage  Request Allocated 
	   Cpus                 :     0.84        1         1 
	   Disk (KB)            :     2     2097152   2098176 
	   GPUs                 :                           0 
	   Memory (MB)          :   155        4096      4096 
	   TimeExecute (s)      :  1426                       
	   TimeSlotBusy (s)     :  1427                       

	Job terminated of its own accord at 2026-06-13T13:49:27Z with exit-code 0.
...
005 (15057795.000.000) 2026-06-13 22:51:35 Job terminated.
	(1) Normal termination (return value 0)
		Usr 0 00:16:44, Sys 0 00:01:10  -  Run Remote Usage
		Usr 0 00:00:00, Sys 0 00:00:00  -  Run Local Usage
		Usr 0 00:16:44, Sys 0 00:01:10  -  Total Remote Usage
		Usr 0 00:00:00, Sys 0 00:00:00  -  Total Local Usage
	0  -  Run Bytes Sent By Job
	0  -  Run Bytes Received By Job
	0  -  Total Bytes Sent By Job
	0  -  Total Bytes Received By Job
	Partitionable Resources :    Usage  Request Allocated 
	   Cpus                 :     0.87        1         1 
	   Disk (KB)            :     2     2097152   2098176 
	   GPUs                 :                           0 
	   Memory (MB)          :   166        4096      4096 
	   TimeExecute (s)      :  1554                       
	   TimeSlotBusy (s)     :  1555                       

	Job terminated of its own accord at 2026-06-13T13:51:35Z with exit-code 0.
...
005 (15057800.000.000) 2026-06-13 22:52:15 Job terminated.
	(1) Normal termination (return value 0)
		Usr 0 00:18:20, Sys 0 00:01:09  -  Run Remote Usage
		Usr 0 00:00:00, Sys 0 00:00:00  -  Run Local Usage
		Usr 0 00:18:20, Sys 0 00:01:09  -  Total Remote Usage
		Usr 0 00:00:00, Sys 0 00:00:00  -  Total Local Usage
	0  -  Run Bytes Sent By Job
	0  -  Run Bytes Received By Job
	0  -  Total Bytes Sent By Job
	0  -  Total Bytes Received By Job
	Partitionable Resources :    Usage  Request Allocated 
	   Cpus                 :     0.63        1         1 
	   Disk (KB)            :     2     2097152   2098176 
	   GPUs                 :                           0 
	   Memory (MB)          :   154        4096      4096 
	   TimeExecute (s)      :  1594                       
	   TimeSlotBusy (s)     :  1596                       

	Job terminated of its own accord at 2026-06-13T13:52:15Z with exit-code 0.
...
005 (15057808.000.000) 2026-06-13 22:52:27 Job terminated.
	(1) Normal termination (return value 0)
		Usr 0 00:18:40, Sys 0 00:01:09  -  Run Remote Usage
		Usr 0 00:00:00, Sys 0 00:00:00  -  Run Local Usage
		Usr 0 00:18:40, Sys 0 00:01:09  -  Total Remote Usage
		Usr 0 00:00:00, Sys 0 00:00:00  -  Total Local Usage
	0  -  Run Bytes Sent By Job
	0  -  Run Bytes Received By Job
	0  -  Total Bytes Sent By Job
	0  -  Total Bytes Received By Job
	Partitionable Resources :    Usage  Request Allocated 
	   Cpus                 :     0.94        1         1 
	   Disk (KB)            :     2     2097152   2098176 
	   GPUs                 :                           0 
	   Memory (MB)          :   154        4096      4096 
	   TimeExecute (s)      :  1606                       
	   TimeSlotBusy (s)     :  1607                       

	Job terminated of its own accord at 2026-06-13T13:52:27Z with exit-code 0.
...
005 (15057820.000.000) 2026-06-13 22:53:27 Job terminated.
	(1) Normal termination (return value 0)
		Usr 0 00:19:24, Sys 0 00:01:09  -  Run Remote Usage
		Usr 0 00:00:00, Sys 0 00:00:00  -  Run Local Usage
		Usr 0 00:19:24, Sys 0 00:01:09  -  Total Remote Usage
		Usr 0 00:00:00, Sys 0 00:00:00  -  Total Local Usage
	0  -  Run Bytes Sent By Job
	0  -  Run Bytes Received By Job
	0  -  Total Bytes Sent By Job
	0  -  Total Bytes Received By Job
	Partitionable Resources :    Usage  Request Allocated 
	   Cpus                 :     0.90        1         1 
	   Disk (KB)            :     2     2097152   2098176 
	   GPUs                 :                           0 
	   Memory (MB)          :   156        4096      4096 
	   TimeExecute (s)      :  1667                       
	   TimeSlotBusy (s)     :  1668                       

	Job terminated of its own accord at 2026-06-13T13:53:27Z with exit-code 0.
...
005 (15057801.000.000) 2026-06-13 22:54:17 Job terminated.
	(1) Normal termination (return value 0)
		Usr 0 00:19:53, Sys 0 00:01:14  -  Run Remote Usage
		Usr 0 00:00:00, Sys 0 00:00:00  -  Run Local Usage
		Usr 0 00:19:53, Sys 0 00:01:14  -  Total Remote Usage
		Usr 0 00:00:00, Sys 0 00:00:00  -  Total Local Usage
	0  -  Run Bytes Sent By Job
	0  -  Run Bytes Received By Job
	0  -  Total Bytes Sent By Job
	0  -  Total Bytes Received By Job
	Partitionable Resources :    Usage  Request Allocated 
	   Cpus                 :     0.93        1         1 
	   Disk (KB)            :     2     2097152   2098176 
	   GPUs                 :                           0 
	   Memory (MB)          :   193        4096      4096 
	   TimeExecute (s)      :  1716                       
	   TimeSlotBusy (s)     :  1717                       

	Job terminated of its own accord at 2026-06-13T13:54:17Z with exit-code 0.
...
005 (15057810.000.000) 2026-06-13 22:54:17 Job terminated.
	(1) Normal termination (return value 0)
		Usr 0 00:19:34, Sys 0 00:01:15  -  Run Remote Usage
		Usr 0 00:00:00, Sys 0 00:00:00  -  Run Local Usage
		Usr 0 00:19:34, Sys 0 00:01:15  -  Total Remote Usage
		Usr 0 00:00:00, Sys 0 00:00:00  -  Total Local Usage
	0  -  Run Bytes Sent By Job
	0  -  Run Bytes Received By Job
	0  -  Total Bytes Sent By Job
	0  -  Total Bytes Received By Job
	Partitionable Resources :    Usage  Request Allocated 
	   Cpus                 :     0.94        1         1 
	   Disk (KB)            :     2     2097152   2098176 
	   GPUs                 :                           0 
	   Memory (MB)          :   179        4096      4096 
	   TimeExecute (s)      :  1716                       
	   TimeSlotBusy (s)     :  1717                       

	Job terminated of its own accord at 2026-06-13T13:54:17Z with exit-code 0.
...
005 (15057822.000.000) 2026-06-13 22:55:28 Job terminated.
	(1) Normal termination (return value 0)
		Usr 0 00:20:39, Sys 0 00:01:15  -  Run Remote Usage
		Usr 0 00:00:00, Sys 0 00:00:00  -  Run Local Usage
		Usr 0 00:20:39, Sys 0 00:01:15  -  Total Remote Usage
		Usr 0 00:00:00, Sys 0 00:00:00  -  Total Local Usage
	0  -  Run Bytes Sent By Job
	0  -  Run Bytes Received By Job
	0  -  Total Bytes Sent By Job
	0  -  Total Bytes Received By Job
	Partitionable Resources :    Usage  Request Allocated 
	   Cpus                 :     0.65        1         1 
	   Disk (KB)            :     2     2097152   2098176 
	   GPUs                 :                           0 
	   Memory (MB)          :   154        4096      4096 
	   TimeExecute (s)      :  1788                       
	   TimeSlotBusy (s)     :  1789                       

	Job terminated of its own accord at 2026-06-13T13:55:28Z with exit-code 0.
...
005 (15057803.000.000) 2026-06-13 22:57:59 Job terminated.
	(1) Normal termination (return value 0)
		Usr 0 00:21:42, Sys 0 00:01:30  -  Run Remote Usage
		Usr 0 00:00:00, Sys 0 00:00:00  -  Run Local Usage
		Usr 0 00:21:42, Sys 0 00:01:30  -  Total Remote Usage
		Usr 0 00:00:00, Sys 0 00:00:00  -  Total Local Usage
	0  -  Run Bytes Sent By Job
	0  -  Run Bytes Received By Job
	0  -  Total Bytes Sent By Job
	0  -  Total Bytes Received By Job
	Partitionable Resources :    Usage  Request Allocated 
	   Cpus                 :     0.80        1         1 
	   Disk (KB)            :     2     2097152   2098176 
	   GPUs                 :                           0 
	   Memory (MB)          :   157        4096      4096 
	   TimeExecute (s)      :  1938                       
	   TimeSlotBusy (s)     :  1939                       

	Job terminated of its own accord at 2026-06-13T13:57:59Z with exit-code 0.
...
005 (15057799.000.000) 2026-06-13 23:02:39 Job terminated.
	(1) Normal termination (return value 0)
		Usr 0 00:26:24, Sys 0 00:01:43  -  Run Remote Usage
		Usr 0 00:00:00, Sys 0 00:00:00  -  Run Local Usage
		Usr 0 00:26:24, Sys 0 00:01:43  -  Total Remote Usage
		Usr 0 00:00:00, Sys 0 00:00:00  -  Total Local Usage
	0  -  Run Bytes Sent By Job
	0  -  Run Bytes Received By Job
	0  -  Total Bytes Sent By Job
	0  -  Total Bytes Received By Job
	Partitionable Resources :    Usage  Request Allocated 
	   Cpus                 :     0.73        1         1 
	   Disk (KB)            :     2     2097152   2098176 
	   GPUs                 :                           0 
	   Memory (MB)          :   157        4096      4096 
	   TimeExecute (s)      :  2218                       
	   TimeSlotBusy (s)     :  2220                       

	Job terminated of its own accord at 2026-06-13T14:02:39Z with exit-code 0.
...
005 (15057797.000.000) 2026-06-13 23:03:30 Job terminated.
	(1) Normal termination (return value 0)
		Usr 0 00:26:23, Sys 0 00:01:42  -  Run Remote Usage
		Usr 0 00:00:00, Sys 0 00:00:00  -  Run Local Usage
		Usr 0 00:26:23, Sys 0 00:01:42  -  Total Remote Usage
		Usr 0 00:00:00, Sys 0 00:00:00  -  Total Local Usage
	0  -  Run Bytes Sent By Job
	0  -  Run Bytes Received By Job
	0  -  Total Bytes Sent By Job
	0  -  Total Bytes Received By Job
	Partitionable Resources :    Usage  Request Allocated 
	   Cpus                 :     0.86        1         1 
	   Disk (KB)            :     2     2097152   2098176 
	   GPUs                 :                           0 
	   Memory (MB)          :   169        4096      4096 
	   TimeExecute (s)      :  2269                       
	   TimeSlotBusy (s)     :  2270                       

	Job terminated of its own accord at 2026-06-13T14:03:30Z with exit-code 0.
...
005 (15057826.000.000) 2026-06-13 23:03:39 Job terminated.
	(1) Normal termination (return value 0)
		Usr 0 00:27:27, Sys 0 00:01:39  -  Run Remote Usage
		Usr 0 00:00:00, Sys 0 00:00:00  -  Run Local Usage
		Usr 0 00:27:27, Sys 0 00:01:39  -  Total Remote Usage
		Usr 0 00:00:00, Sys 0 00:00:00  -  Total Local Usage
	0  -  Run Bytes Sent By Job
	0  -  Run Bytes Received By Job
	0  -  Total Bytes Sent By Job
	0  -  Total Bytes Received By Job
	Partitionable Resources :    Usage  Request Allocated 
	   Cpus                 :     0.89        1         1 
	   Disk (KB)            :     2     2097152   2098176 
	   GPUs                 :                           0 
	   Memory (MB)          :   156        4096      4096 
	   TimeExecute (s)      :  2279                       
	   TimeSlotBusy (s)     :  2279                       

	Job terminated of its own accord at 2026-06-13T14:03:39Z with exit-code 0.
...
005 (15057830.000.000) 2026-06-13 23:03:39 Job terminated.
	(1) Normal termination (return value 0)
		Usr 0 00:27:02, Sys 0 00:01:44  -  Run Remote Usage
		Usr 0 00:00:00, Sys 0 00:00:00  -  Run Local Usage
		Usr 0 00:27:02, Sys 0 00:01:44  -  Total Remote Usage
		Usr 0 00:00:00, Sys 0 00:00:00  -  Total Local Usage
	0  -  Run Bytes Sent By Job
	0  -  Run Bytes Received By Job
	0  -  Total Bytes Sent By Job
	0  -  Total Bytes Received By Job
	Partitionable Resources :    Usage  Request Allocated 
	   Cpus                 :     0.75        1         1 
	   Disk (KB)            :     2     2097152   2098176 
	   GPUs                 :                           0 
	   Memory (MB)          :   168        4096      4096 
	   TimeExecute (s)      :  2279                       
	   TimeSlotBusy (s)     :  2279                       

	Job terminated of its own accord at 2026-06-13T14:03:39Z with exit-code 0.
...
005 (15057814.000.000) 2026-06-13 23:03:40 Job terminated.
	(1) Normal termination (return value 0)
		Usr 0 00:26:59, Sys 0 00:01:45  -  Run Remote Usage
		Usr 0 00:00:00, Sys 0 00:00:00  -  Run Local Usage
		Usr 0 00:26:59, Sys 0 00:01:45  -  Total Remote Usage
		Usr 0 00:00:00, Sys 0 00:00:00  -  Total Local Usage
	0  -  Run Bytes Sent By Job
	0  -  Run Bytes Received By Job
	0  -  Total Bytes Sent By Job
	0  -  Total Bytes Received By Job
	Partitionable Resources :    Usage  Request Allocated 
	   Cpus                 :     0.82        1         1 
	   Disk (KB)            :     2     2097152   2098176 
	   GPUs                 :                           0 
	   Memory (MB)          :   171        4096      4096 
	   TimeExecute (s)      :  2279                       
	   TimeSlotBusy (s)     :  2280                       

	Job terminated of its own accord at 2026-06-13T14:03:40Z with exit-code 0.
...
005 (15057806.000.000) 2026-06-13 23:03:49 Job terminated.
	(1) Normal termination (return value 0)
		Usr 0 00:27:34, Sys 0 00:01:41  -  Run Remote Usage
		Usr 0 00:00:00, Sys 0 00:00:00  -  Run Local Usage
		Usr 0 00:27:34, Sys 0 00:01:41  -  Total Remote Usage
		Usr 0 00:00:00, Sys 0 00:00:00  -  Total Local Usage
	0  -  Run Bytes Sent By Job
	0  -  Run Bytes Received By Job
	0  -  Total Bytes Sent By Job
	0  -  Total Bytes Received By Job
	Partitionable Resources :    Usage  Request Allocated 
	   Cpus                 :     0.87        1         1 
	   Disk (KB)            :     2     2097152   2098176 
	   GPUs                 :                           0 
	   Memory (MB)          :   166        4096      4096 
	   TimeExecute (s)      :  2288                       
	   TimeSlotBusy (s)     :  2289                       

	Job terminated of its own accord at 2026-06-13T14:03:49Z with exit-code 0.
...
005 (15057818.000.000) 2026-06-13 23:08:20 Job terminated.
	(1) Normal termination (return value 0)
		Usr 0 00:26:49, Sys 0 00:03:54  -  Run Remote Usage
		Usr 0 00:00:00, Sys 0 00:00:00  -  Run Local Usage
		Usr 0 00:26:49, Sys 0 00:03:54  -  Total Remote Usage
		Usr 0 00:00:00, Sys 0 00:00:00  -  Total Local Usage
	0  -  Run Bytes Sent By Job
	0  -  Run Bytes Received By Job
	0  -  Total Bytes Sent By Job
	0  -  Total Bytes Received By Job
	Partitionable Resources :    Usage  Request Allocated 
	   Cpus                 :     0.44        1         1 
	   Disk (KB)            :     2     2097152   2098176 
	   GPUs                 :                           0 
	   Memory (MB)          :   165        4096      4096 
	   TimeExecute (s)      :  2560                       
	   TimeSlotBusy (s)     :  2561                       

	Job terminated of its own accord at 2026-06-13T14:08:20Z with exit-code 0.
...
