004 (13770015.000.000) 2026-03-31 10:59:38 Job was evicted.
	(0) Job terminated and was requeued
		Usr 0 00:00:00, Sys 0 00:00:00  -  Run Remote Usage
		Usr 0 00:00:00, Sys 0 00:00:00  -  Run Local Usage
	0  -  Run Bytes Sent By Job
	0  -  Run Bytes Received By Job
	(0) Abnormal termination (signal 6)
	(0) No core file
	The job attribute OnExitRemove expression '(ExitSignal =?= 11 || (ExitCode =!= undefined && ExitCode >= 0 && ExitCode <= 2))' evaluated to FALSE
...
001 (13770015.000.000) 2026-03-31 10:59:41 Job executing on host: <172.30.1.200:9618?addrs=172.30.1.200-9618&alias=tamsa2&noUDP&sock=schedd_3878760_512a>
...
005 (13770015.000.000) 2026-03-31 10:59:41 Job terminated.
	(1) Normal termination (return value 1)
		Usr 0 00:00:00, Sys 0 00:00:00  -  Run Remote Usage
		Usr 0 00:00:00, Sys 0 00:00:00  -  Run Local Usage
		Usr 0 00:00:00, Sys 0 00:00:00  -  Total Remote Usage
		Usr 0 00:00:00, Sys 0 00:00:00  -  Total Local Usage
	0  -  Run Bytes Sent By Job
	0  -  Run Bytes Received By Job
	0  -  Total Bytes Sent By Job
	0  -  Total Bytes Received By Job
...
