000 (15175592.037.000) 2026-06-22 22:32:52 Job submitted from host: <172.30.1.200:9618?addrs=172.30.1.200-9618&alias=tamsa2&noUDP&sock=schedd_2474_8965>
...
001 (15175592.037.000) 2026-06-22 22:33:56 Job executing on host: <172.30.1.219:9618?addrs=172.30.1.219-9618&alias=node-w19.localdomain&noUDP&sock=startd_1015677_8524>
	SlotName: slot1_25@node-w19.localdomain
	CondorScratchDir = "/var/lib/condor/execute/dir_751368"
	Cpus = 1
	Disk = 1049600
	GPUs = 0
	Memory = 2048
...
006 (15175592.037.000) 2026-06-22 22:34:08 Image size of job updated: 140552
	0  -  MemoryUsage of job (MB)
	0  -  ResidentSetSize of job (KB)
...
005 (15175592.037.000) 2026-06-22 22:34:08 Job terminated.
	(1) Normal termination (return value 0)
		Usr 0 00:00:04, Sys 0 00:00:00  -  Run Remote Usage
		Usr 0 00:00:00, Sys 0 00:00:00  -  Run Local Usage
		Usr 0 00:00:04, Sys 0 00:00:00  -  Total Remote Usage
		Usr 0 00:00:00, Sys 0 00:00:00  -  Total Local Usage
	0  -  Run Bytes Sent By Job
	0  -  Run Bytes Received By Job
	0  -  Total Bytes Sent By Job
	0  -  Total Bytes Received By Job
	Partitionable Resources :    Usage  Request Allocated 
	   Cpus                 :        0        1         1 
	   Disk (KB)            :        1  1048576   1049600 
	   GPUs                 :                           0 
	   Memory (MB)          :        0     2048      2048 
	   TimeExecute (s)      :       12                    
	   TimeSlotBusy (s)     :       14                    

	Job terminated of its own accord at 2026-06-22T13:34:08Z with exit-code 0.
...
000 (15331938.037.000) 2026-06-25 19:41:24 Job submitted from host: <172.30.1.200:9618?addrs=172.30.1.200-9618&alias=tamsa2&noUDP&sock=schedd_2474_8965>
...
001 (15331938.037.000) 2026-06-25 19:41:27 Job executing on host: <172.30.1.213:9618?addrs=172.30.1.213-9618&alias=node-w13.localdomain&noUDP&sock=startd_4483_8b29>
	SlotName: slot1_11@node-w13.localdomain
	CondorScratchDir = "/var/lib/condor/execute/dir_2500308"
	Cpus = 1
	Disk = 1049600
	GPUs = 0
	Memory = 2048
...
006 (15331938.037.000) 2026-06-25 19:41:41 Image size of job updated: 92680
	91  -  MemoryUsage of job (MB)
	92680  -  ResidentSetSize of job (KB)
...
006 (15331938.037.000) 2026-06-25 19:41:45 Image size of job updated: 127896
	91  -  MemoryUsage of job (MB)
	92684  -  ResidentSetSize of job (KB)
...
005 (15331938.037.000) 2026-06-25 19:41:45 Job terminated.
	(1) Normal termination (return value 0)
		Usr 0 00:00:09, Sys 0 00:00:01  -  Run Remote Usage
		Usr 0 00:00:00, Sys 0 00:00:00  -  Run Local Usage
		Usr 0 00:00:09, Sys 0 00:00:01  -  Total Remote Usage
		Usr 0 00:00:00, Sys 0 00:00:00  -  Total Local Usage
	0  -  Run Bytes Sent By Job
	0  -  Run Bytes Received By Job
	0  -  Total Bytes Sent By Job
	0  -  Total Bytes Received By Job
	Partitionable Resources :    Usage  Request Allocated 
	   Cpus                 :                 1         1 
	   Disk (KB)            :        1  1048576   1049600 
	   GPUs                 :                           0 
	   Memory (MB)          :       91     2048      2048 
	   TimeExecute (s)      :       18                    
	   TimeSlotBusy (s)     :       18                    

	Job terminated of its own accord at 2026-06-25T10:41:45Z with exit-code 0.
...
