000 (15175592.019.000) 2026-06-22 22:32:52 Job submitted from host: <172.30.1.200:9618?addrs=172.30.1.200-9618&alias=tamsa2&noUDP&sock=schedd_2474_8965>
...
001 (15175592.019.000) 2026-06-22 22:32:58 Job executing on host: <172.30.1.214:9618?addrs=172.30.1.214-9618&alias=node-w14.localdomain&noUDP&sock=startd_4407_69f6>
	SlotName: slot1_19@node-w14.localdomain
	CondorScratchDir = "/var/lib/condor/execute/dir_280824"
	Cpus = 1
	Disk = 1049600
	GPUs = 0
	Memory = 2048
...
006 (15175592.019.000) 2026-06-22 22:33:11 Image size of job updated: 105920
	104  -  MemoryUsage of job (MB)
	105920  -  ResidentSetSize of job (KB)
...
006 (15175592.019.000) 2026-06-22 22:33:13 Image size of job updated: 149100
	104  -  MemoryUsage of job (MB)
	105920  -  ResidentSetSize of job (KB)
...
005 (15175592.019.000) 2026-06-22 22:33:14 Job terminated.
	(1) Normal termination (return value 0)
		Usr 0 00:00:05, Sys 0 00:00:00  -  Run Remote Usage
		Usr 0 00:00:00, Sys 0 00:00:00  -  Run Local Usage
		Usr 0 00:00:05, Sys 0 00:00:00  -  Total Remote Usage
		Usr 0 00:00:00, Sys 0 00:00:00  -  Total Local Usage
	0  -  Run Bytes Sent By Job
	0  -  Run Bytes Received By Job
	0  -  Total Bytes Sent By Job
	0  -  Total Bytes Received By Job
	Partitionable Resources :    Usage  Request Allocated 
	   Cpus                 :        0        1         1 
	   Disk (KB)            :        1  1048576   1049600 
	   GPUs                 :                           0 
	   Memory (MB)          :      104     2048      2048 
	   TimeExecute (s)      :       15                    
	   TimeSlotBusy (s)     :       18                    

	Job terminated of its own accord at 2026-06-22T13:33:13Z with exit-code 0.
...
000 (15331938.019.000) 2026-06-25 19:41:23 Job submitted from host: <172.30.1.200:9618?addrs=172.30.1.200-9618&alias=tamsa2&noUDP&sock=schedd_2474_8965>
...
001 (15331938.019.000) 2026-06-25 19:41:28 Job executing on host: <172.30.1.212:9618?addrs=172.30.1.212-9618&alias=node-w12.localdomain&noUDP&sock=startd_4495_c64c>
	SlotName: slot1_22@node-w12.localdomain
	CondorScratchDir = "/var/lib/condor/execute/dir_3276641"
	Cpus = 1
	Disk = 1049600
	GPUs = 0
	Memory = 2048
...
006 (15331938.019.000) 2026-06-25 19:41:41 Image size of job updated: 150204
	147  -  MemoryUsage of job (MB)
	150204  -  ResidentSetSize of job (KB)
...
005 (15331938.019.000) 2026-06-25 19:41:47 Job terminated.
	(1) Normal termination (return value 0)
		Usr 0 00:00:10, Sys 0 00:00:01  -  Run Remote Usage
		Usr 0 00:00:00, Sys 0 00:00:00  -  Run Local Usage
		Usr 0 00:00:10, Sys 0 00:00:01  -  Total Remote Usage
		Usr 0 00:00:00, Sys 0 00:00:00  -  Total Local Usage
	0  -  Run Bytes Sent By Job
	0  -  Run Bytes Received By Job
	0  -  Total Bytes Sent By Job
	0  -  Total Bytes Received By Job
	Partitionable Resources :    Usage  Request Allocated 
	   Cpus                 :        0        1         1 
	   Disk (KB)            :        1  1048576   1049600 
	   GPUs                 :                           0 
	   Memory (MB)          :      147     2048      2048 
	   TimeExecute (s)      :       19                    
	   TimeSlotBusy (s)     :       20                    

	Job terminated of its own accord at 2026-06-25T10:41:47Z with exit-code 0.
...
