000 (15175592.003.000) 2026-06-22 22:32:52 Job submitted from host: <172.30.1.200:9618?addrs=172.30.1.200-9618&alias=tamsa2&noUDP&sock=schedd_2474_8965>
...
001 (15175592.003.000) 2026-06-22 22:32:55 Job executing on host: <172.30.1.214:9618?addrs=172.30.1.214-9618&alias=node-w14.localdomain&noUDP&sock=startd_4407_69f6>
	SlotName: slot1_1@node-w14.localdomain
	CondorScratchDir = "/var/lib/condor/execute/dir_280811"
	Cpus = 1
	Disk = 1049600
	GPUs = 0
	Memory = 2048
...
006 (15175592.003.000) 2026-06-22 22:33:09 Image size of job updated: 64748
	64  -  MemoryUsage of job (MB)
	64748  -  ResidentSetSize of job (KB)
...
006 (15175592.003.000) 2026-06-22 22:33:14 Image size of job updated: 79080
	64  -  MemoryUsage of job (MB)
	64748  -  ResidentSetSize of job (KB)
...
005 (15175592.003.000) 2026-06-22 22:33:16 Job terminated.
	(1) Normal termination (return value 0)
		Usr 0 00:00:04, Sys 0 00:00:01  -  Run Remote Usage
		Usr 0 00:00:00, Sys 0 00:00:00  -  Run Local Usage
		Usr 0 00:00:04, Sys 0 00:00:01  -  Total Remote Usage
		Usr 0 00:00:00, Sys 0 00:00:00  -  Total Local Usage
	0  -  Run Bytes Sent By Job
	0  -  Run Bytes Received By Job
	0  -  Total Bytes Sent By Job
	0  -  Total Bytes Received By Job
	Partitionable Resources :    Usage  Request Allocated 
	   Cpus                 :        0        1         1 
	   Disk (KB)            :        1  1048576   1049600 
	   GPUs                 :                           0 
	   Memory (MB)          :       64     2048      2048 
	   TimeExecute (s)      :       19                    
	   TimeSlotBusy (s)     :       20                    

	Job terminated of its own accord at 2026-06-22T13:33:14Z with exit-code 0.
...
000 (15331938.003.000) 2026-06-25 19:41:23 Job submitted from host: <172.30.1.200:9618?addrs=172.30.1.200-9618&alias=tamsa2&noUDP&sock=schedd_2474_8965>
...
001 (15331938.003.000) 2026-06-25 19:41:27 Job executing on host: <172.30.1.212:9618?addrs=172.30.1.212-9618&alias=node-w12.localdomain&noUDP&sock=startd_4495_c64c>
	SlotName: slot1_4@node-w12.localdomain
	CondorScratchDir = "/var/lib/condor/execute/dir_3276626"
	Cpus = 1
	Disk = 1049600
	GPUs = 0
	Memory = 2048
...
006 (15331938.003.000) 2026-06-25 19:41:41 Image size of job updated: 159328
	156  -  MemoryUsage of job (MB)
	159328  -  ResidentSetSize of job (KB)
...
005 (15331938.003.000) 2026-06-25 19:41:46 Job terminated.
	(1) Normal termination (return value 0)
		Usr 0 00:00:09, Sys 0 00:00:01  -  Run Remote Usage
		Usr 0 00:00:00, Sys 0 00:00:00  -  Run Local Usage
		Usr 0 00:00:09, Sys 0 00:00:01  -  Total Remote Usage
		Usr 0 00:00:00, Sys 0 00:00:00  -  Total Local Usage
	0  -  Run Bytes Sent By Job
	0  -  Run Bytes Received By Job
	0  -  Total Bytes Sent By Job
	0  -  Total Bytes Received By Job
	Partitionable Resources :    Usage  Request Allocated 
	   Cpus                 :        0        1         1 
	   Disk (KB)            :        1  1048576   1049600 
	   GPUs                 :                           0 
	   Memory (MB)          :      156     2048      2048 
	   TimeExecute (s)      :       19                    
	   TimeSlotBusy (s)     :       19                    

	Job terminated of its own accord at 2026-06-25T10:41:46Z with exit-code 0.
...
