000 (15057805.000.000) 2026-06-13 22:25:25 Job submitted from host: <172.30.1.200:9618?addrs=172.30.1.200-9618&alias=tamsa2&noUDP&sock=schedd_2474_8965>
    DAG Node: 2022_Boost_DY
...
000 (15057807.000.000) 2026-06-13 22:25:25 Job submitted from host: <172.30.1.200:9618?addrs=172.30.1.200-9618&alias=tamsa2&noUDP&sock=schedd_2474_8965>
    DAG Node: 2022_Boost_FLV
...
000 (15057809.000.000) 2026-06-13 22:25:25 Job submitted from host: <172.30.1.200:9618?addrs=172.30.1.200-9618&alias=tamsa2&noUDP&sock=schedd_2474_8965>
    DAG Node: 2022_Boost_sig
...
000 (15057811.000.000) 2026-06-13 22:25:25 Job submitted from host: <172.30.1.200:9618?addrs=172.30.1.200-9618&alias=tamsa2&noUDP&sock=schedd_2474_8965>
    DAG Node: 2022_Resolve_DY
...
000 (15057813.000.000) 2026-06-13 22:25:25 Job submitted from host: <172.30.1.200:9618?addrs=172.30.1.200-9618&alias=tamsa2&noUDP&sock=schedd_2474_8965>
    DAG Node: 2022_Resolve_FLV
...
000 (15057815.000.000) 2026-06-13 22:25:25 Job submitted from host: <172.30.1.200:9618?addrs=172.30.1.200-9618&alias=tamsa2&noUDP&sock=schedd_2474_8965>
    DAG Node: 2022_Resolve_sig
...
000 (15057817.000.000) 2026-06-13 22:25:25 Job submitted from host: <172.30.1.200:9618?addrs=172.30.1.200-9618&alias=tamsa2&noUDP&sock=schedd_2474_8965>
    DAG Node: 2022EE_Boost_DY
...
000 (15057819.000.000) 2026-06-13 22:25:25 Job submitted from host: <172.30.1.200:9618?addrs=172.30.1.200-9618&alias=tamsa2&noUDP&sock=schedd_2474_8965>
    DAG Node: 2022EE_Boost_FLV
...
000 (15057821.000.000) 2026-06-13 22:25:25 Job submitted from host: <172.30.1.200:9618?addrs=172.30.1.200-9618&alias=tamsa2&noUDP&sock=schedd_2474_8965>
    DAG Node: 2022EE_Boost_sig
...
000 (15057823.000.000) 2026-06-13 22:25:25 Job submitted from host: <172.30.1.200:9618?addrs=172.30.1.200-9618&alias=tamsa2&noUDP&sock=schedd_2474_8965>
    DAG Node: 2022EE_Resolve_DY
...
000 (15057825.000.000) 2026-06-13 22:25:25 Job submitted from host: <172.30.1.200:9618?addrs=172.30.1.200-9618&alias=tamsa2&noUDP&sock=schedd_2474_8965>
    DAG Node: 2022EE_Resolve_FLV
...
000 (15057827.000.000) 2026-06-13 22:25:25 Job submitted from host: <172.30.1.200:9618?addrs=172.30.1.200-9618&alias=tamsa2&noUDP&sock=schedd_2474_8965>
    DAG Node: 2022EE_Resolve_sig
...
000 (15057829.000.000) 2026-06-13 22:25:25 Job submitted from host: <172.30.1.200:9618?addrs=172.30.1.200-9618&alias=tamsa2&noUDP&sock=schedd_2474_8965>
    DAG Node: 2023_Boost_DY
...
000 (15057831.000.000) 2026-06-13 22:25:25 Job submitted from host: <172.30.1.200:9618?addrs=172.30.1.200-9618&alias=tamsa2&noUDP&sock=schedd_2474_8965>
    DAG Node: 2023_Boost_FLV
...
000 (15057832.000.000) 2026-06-13 22:25:25 Job submitted from host: <172.30.1.200:9618?addrs=172.30.1.200-9618&alias=tamsa2&noUDP&sock=schedd_2474_8965>
    DAG Node: 2023_Boost_sig
...
000 (15057833.000.000) 2026-06-13 22:25:25 Job submitted from host: <172.30.1.200:9618?addrs=172.30.1.200-9618&alias=tamsa2&noUDP&sock=schedd_2474_8965>
    DAG Node: 2023_Resolve_DY
...
000 (15057834.000.000) 2026-06-13 22:25:25 Job submitted from host: <172.30.1.200:9618?addrs=172.30.1.200-9618&alias=tamsa2&noUDP&sock=schedd_2474_8965>
    DAG Node: 2023_Resolve_FLV
...
000 (15057835.000.000) 2026-06-13 22:25:25 Job submitted from host: <172.30.1.200:9618?addrs=172.30.1.200-9618&alias=tamsa2&noUDP&sock=schedd_2474_8965>
    DAG Node: 2023_Resolve_sig
...
000 (15057836.000.000) 2026-06-13 22:25:25 Job submitted from host: <172.30.1.200:9618?addrs=172.30.1.200-9618&alias=tamsa2&noUDP&sock=schedd_2474_8965>
    DAG Node: 2023BPix_Boost_DY
...
000 (15057837.000.000) 2026-06-13 22:25:25 Job submitted from host: <172.30.1.200:9618?addrs=172.30.1.200-9618&alias=tamsa2&noUDP&sock=schedd_2474_8965>
    DAG Node: 2023BPix_Boost_FLV
...
000 (15057838.000.000) 2026-06-13 22:25:25 Job submitted from host: <172.30.1.200:9618?addrs=172.30.1.200-9618&alias=tamsa2&noUDP&sock=schedd_2474_8965>
    DAG Node: 2023BPix_Boost_sig
...
000 (15057839.000.000) 2026-06-13 22:25:25 Job submitted from host: <172.30.1.200:9618?addrs=172.30.1.200-9618&alias=tamsa2&noUDP&sock=schedd_2474_8965>
    DAG Node: 2023BPix_Resolve_DY
...
000 (15057840.000.000) 2026-06-13 22:25:25 Job submitted from host: <172.30.1.200:9618?addrs=172.30.1.200-9618&alias=tamsa2&noUDP&sock=schedd_2474_8965>
    DAG Node: 2023BPix_Resolve_FLV
...
000 (15057841.000.000) 2026-06-13 22:25:25 Job submitted from host: <172.30.1.200:9618?addrs=172.30.1.200-9618&alias=tamsa2&noUDP&sock=schedd_2474_8965>
    DAG Node: 2023BPix_Resolve_sig
...
001 (15057825.000.000) 2026-06-13 22:25:40 Job executing on host: <172.30.1.215:9618?addrs=172.30.1.215-9618&alias=node-w15.localdomain&noUDP&sock=startd_1576221_147d>
	SlotName: slot1_10@node-w15.localdomain
	CondorScratchDir = "/var/lib/condor/execute/dir_2991339"
	Cpus = 1
	Disk = 2098176
	GPUs = 0
	Memory = 4096
...
001 (15057823.000.000) 2026-06-13 22:25:40 Job executing on host: <172.30.1.215:9618?addrs=172.30.1.215-9618&alias=node-w15.localdomain&noUDP&sock=startd_1576221_147d>
	SlotName: slot1_8@node-w15.localdomain
	CondorScratchDir = "/var/lib/condor/execute/dir_2991337"
	Cpus = 1
	Disk = 2098176
	GPUs = 0
	Memory = 4096
...
001 (15057837.000.000) 2026-06-13 22:25:40 Job executing on host: <172.30.1.215:9618?addrs=172.30.1.215-9618&alias=node-w15.localdomain&noUDP&sock=startd_1576221_147d>
	SlotName: slot1_20@node-w15.localdomain
	CondorScratchDir = "/var/lib/condor/execute/dir_2991349"
	Cpus = 1
	Disk = 2098176
	GPUs = 0
	Memory = 4096
...
001 (15057834.000.000) 2026-06-13 22:25:40 Job executing on host: <172.30.1.215:9618?addrs=172.30.1.215-9618&alias=node-w15.localdomain&noUDP&sock=startd_1576221_147d>
	SlotName: slot1_18@node-w15.localdomain
	CondorScratchDir = "/var/lib/condor/execute/dir_2991347"
	Cpus = 1
	Disk = 2098176
	GPUs = 0
	Memory = 4096
...
001 (15057829.000.000) 2026-06-13 22:25:41 Job executing on host: <172.30.1.215:9618?addrs=172.30.1.215-9618&alias=node-w15.localdomain&noUDP&sock=startd_1576221_147d>
	SlotName: slot1_13@node-w15.localdomain
	CondorScratchDir = "/var/lib/condor/execute/dir_2991342"
	Cpus = 1
	Disk = 2098176
	GPUs = 0
	Memory = 4096
...
001 (15057832.000.000) 2026-06-13 22:25:41 Job executing on host: <172.30.1.215:9618?addrs=172.30.1.215-9618&alias=node-w15.localdomain&noUDP&sock=startd_1576221_147d>
	SlotName: slot1_16@node-w15.localdomain
	CondorScratchDir = "/var/lib/condor/execute/dir_2991345"
	Cpus = 1
	Disk = 2098176
	GPUs = 0
	Memory = 4096
...
001 (15057833.000.000) 2026-06-13 22:25:41 Job executing on host: <172.30.1.215:9618?addrs=172.30.1.215-9618&alias=node-w15.localdomain&noUDP&sock=startd_1576221_147d>
	SlotName: slot1_17@node-w15.localdomain
	CondorScratchDir = "/var/lib/condor/execute/dir_2991346"
	Cpus = 1
	Disk = 2098176
	GPUs = 0
	Memory = 4096
...
001 (15057821.000.000) 2026-06-13 22:25:41 Job executing on host: <172.30.1.215:9618?addrs=172.30.1.215-9618&alias=node-w15.localdomain&noUDP&sock=startd_1576221_147d>
	SlotName: slot1_5@node-w15.localdomain
	CondorScratchDir = "/var/lib/condor/execute/dir_2991335"
	Cpus = 1
	Disk = 2098176
	GPUs = 0
	Memory = 4096
...
001 (15057831.000.000) 2026-06-13 22:25:41 Job executing on host: <172.30.1.215:9618?addrs=172.30.1.215-9618&alias=node-w15.localdomain&noUDP&sock=startd_1576221_147d>
	SlotName: slot1_15@node-w15.localdomain
	CondorScratchDir = "/var/lib/condor/execute/dir_2991344"
	Cpus = 1
	Disk = 2098176
	GPUs = 0
	Memory = 4096
...
001 (15057838.000.000) 2026-06-13 22:25:41 Job executing on host: <172.30.1.215:9618?addrs=172.30.1.215-9618&alias=node-w15.localdomain&noUDP&sock=startd_1576221_147d>
	SlotName: slot1_21@node-w15.localdomain
	CondorScratchDir = "/var/lib/condor/execute/dir_2991350"
	Cpus = 1
	Disk = 2098176
	GPUs = 0
	Memory = 4096
...
001 (15057839.000.000) 2026-06-13 22:25:41 Job executing on host: <172.30.1.215:9618?addrs=172.30.1.215-9618&alias=node-w15.localdomain&noUDP&sock=startd_1576221_147d>
	SlotName: slot1_22@node-w15.localdomain
	CondorScratchDir = "/var/lib/condor/execute/dir_2991351"
	Cpus = 1
	Disk = 2098176
	GPUs = 0
	Memory = 4096
...
001 (15057835.000.000) 2026-06-13 22:25:41 Job executing on host: <172.30.1.215:9618?addrs=172.30.1.215-9618&alias=node-w15.localdomain&noUDP&sock=startd_1576221_147d>
	SlotName: slot1_19@node-w15.localdomain
	CondorScratchDir = "/var/lib/condor/execute/dir_2991348"
	Cpus = 1
	Disk = 2098176
	GPUs = 0
	Memory = 4096
...
001 (15057840.000.000) 2026-06-13 22:25:41 Job executing on host: <172.30.1.215:9618?addrs=172.30.1.215-9618&alias=node-w15.localdomain&noUDP&sock=startd_1576221_147d>
	SlotName: slot1_23@node-w15.localdomain
	CondorScratchDir = "/var/lib/condor/execute/dir_2991352"
	Cpus = 1
	Disk = 2098176
	GPUs = 0
	Memory = 4096
...
001 (15057841.000.000) 2026-06-13 22:25:41 Job executing on host: <172.30.1.215:9618?addrs=172.30.1.215-9618&alias=node-w15.localdomain&noUDP&sock=startd_1576221_147d>
	SlotName: slot1_24@node-w15.localdomain
	CondorScratchDir = "/var/lib/condor/execute/dir_2991353"
	Cpus = 1
	Disk = 2098176
	GPUs = 0
	Memory = 4096
...
001 (15057809.000.000) 2026-06-13 22:25:41 Job executing on host: <172.30.1.213:9618?addrs=172.30.1.213-9618&alias=node-w13.localdomain&noUDP&sock=startd_4483_8b29>
	SlotName: slot1_36@node-w13.localdomain
	CondorScratchDir = "/var/lib/condor/execute/dir_3762158"
	Cpus = 1
	Disk = 2098176
	GPUs = 0
	Memory = 4096
...
001 (15057813.000.000) 2026-06-13 22:25:41 Job executing on host: <172.30.1.213:9618?addrs=172.30.1.213-9618&alias=node-w13.localdomain&noUDP&sock=startd_4483_8b29>
	SlotName: slot1_39@node-w13.localdomain
	CondorScratchDir = "/var/lib/condor/execute/dir_3762161"
	Cpus = 1
	Disk = 2098176
	GPUs = 0
	Memory = 4096
...
001 (15057805.000.000) 2026-06-13 22:25:41 Job executing on host: <172.30.1.213:9618?addrs=172.30.1.213-9618&alias=node-w13.localdomain&noUDP&sock=startd_4483_8b29>
	SlotName: slot1_27@node-w13.localdomain
	CondorScratchDir = "/var/lib/condor/execute/dir_3762149"
	Cpus = 1
	Disk = 2098176
	GPUs = 0
	Memory = 4096
...
001 (15057811.000.000) 2026-06-13 22:25:41 Job executing on host: <172.30.1.213:9618?addrs=172.30.1.213-9618&alias=node-w13.localdomain&noUDP&sock=startd_4483_8b29>
	SlotName: slot1_37@node-w13.localdomain
	CondorScratchDir = "/var/lib/condor/execute/dir_3762159"
	Cpus = 1
	Disk = 2098176
	GPUs = 0
	Memory = 4096
...
001 (15057807.000.000) 2026-06-13 22:25:41 Job executing on host: <172.30.1.213:9618?addrs=172.30.1.213-9618&alias=node-w13.localdomain&noUDP&sock=startd_4483_8b29>
	SlotName: slot1_33@node-w13.localdomain
	CondorScratchDir = "/var/lib/condor/execute/dir_3762155"
	Cpus = 1
	Disk = 2098176
	GPUs = 0
	Memory = 4096
...
001 (15057817.000.000) 2026-06-13 22:25:41 Job executing on host: <172.30.1.213:9618?addrs=172.30.1.213-9618&alias=node-w13.localdomain&noUDP&sock=startd_4483_8b29>
	SlotName: slot1_43@node-w13.localdomain
	CondorScratchDir = "/var/lib/condor/execute/dir_3762165"
	Cpus = 1
	Disk = 2098176
	GPUs = 0
	Memory = 4096
...
001 (15057815.000.000) 2026-06-13 22:25:41 Job executing on host: <172.30.1.213:9618?addrs=172.30.1.213-9618&alias=node-w13.localdomain&noUDP&sock=startd_4483_8b29>
	SlotName: slot1_41@node-w13.localdomain
	CondorScratchDir = "/var/lib/condor/execute/dir_3762163"
	Cpus = 1
	Disk = 2098176
	GPUs = 0
	Memory = 4096
...
001 (15057827.000.000) 2026-06-13 22:26:39 Job executing on host: <172.30.1.215:9618?addrs=172.30.1.215-9618&alias=node-w15.localdomain&noUDP&sock=startd_1576221_147d>
	SlotName: slot1_27@node-w15.localdomain
	CondorScratchDir = "/var/lib/condor/execute/dir_2993857"
	Cpus = 1
	Disk = 2098176
	GPUs = 0
	Memory = 4096
...
001 (15057819.000.000) 2026-06-13 22:26:39 Job executing on host: <172.30.1.215:9618?addrs=172.30.1.215-9618&alias=node-w15.localdomain&noUDP&sock=startd_1576221_147d>
	SlotName: slot1_26@node-w15.localdomain
	CondorScratchDir = "/var/lib/condor/execute/dir_2993856"
	Cpus = 1
	Disk = 2098176
	GPUs = 0
	Memory = 4096
...
001 (15057836.000.000) 2026-06-13 22:26:39 Job executing on host: <172.30.1.215:9618?addrs=172.30.1.215-9618&alias=node-w15.localdomain&noUDP&sock=startd_1576221_147d>
	SlotName: slot1_28@node-w15.localdomain
	CondorScratchDir = "/var/lib/condor/execute/dir_2993858"
	Cpus = 1
	Disk = 2098176
	GPUs = 0
	Memory = 4096
...
005 (15057809.000.000) 2026-06-13 22:38:31 Job terminated.
	(1) Normal termination (return value 0)
		Usr 0 00:07:43, Sys 0 00:00:30  -  Run Remote Usage
		Usr 0 00:00:00, Sys 0 00:00:00  -  Run Local Usage
		Usr 0 00:07:43, Sys 0 00:00:30  -  Total Remote Usage
		Usr 0 00:00:00, Sys 0 00:00:00  -  Total Local Usage
	0  -  Run Bytes Sent By Job
	0  -  Run Bytes Received By Job
	0  -  Total Bytes Sent By Job
	0  -  Total Bytes Received By Job
	Partitionable Resources :    Usage  Request Allocated 
	   Cpus                 :     0.90        1         1 
	   Disk (KB)            :     2     2097152   2098176 
	   GPUs                 :                           0 
	   Memory (MB)          :   158        4096      4096 
	   TimeExecute (s)      :   770                       
	   TimeSlotBusy (s)     :   771                       

	Job terminated of its own accord at 2026-06-13T13:38:31Z with exit-code 0.
...
005 (15057838.000.000) 2026-06-13 22:38:34 Job terminated.
	(1) Normal termination (return value 0)
		Usr 0 00:07:45, Sys 0 00:00:29  -  Run Remote Usage
		Usr 0 00:00:00, Sys 0 00:00:00  -  Run Local Usage
		Usr 0 00:07:45, Sys 0 00:00:29  -  Total Remote Usage
		Usr 0 00:00:00, Sys 0 00:00:00  -  Total Local Usage
	0  -  Run Bytes Sent By Job
	0  -  Run Bytes Received By Job
	0  -  Total Bytes Sent By Job
	0  -  Total Bytes Received By Job
	Partitionable Resources :    Usage  Request Allocated 
	   Cpus                 :     0.76        1         1 
	   Disk (KB)            :     2     2097152   2098176 
	   GPUs                 :                           0 
	   Memory (MB)          :   159        4096      4096 
	   TimeExecute (s)      :   774                       
	   TimeSlotBusy (s)     :   774                       

	Job terminated of its own accord at 2026-06-13T13:38:34Z with exit-code 0.
...
005 (15057832.000.000) 2026-06-13 22:39:13 Job terminated.
	(1) Normal termination (return value 0)
		Usr 0 00:07:51, Sys 0 00:00:31  -  Run Remote Usage
		Usr 0 00:00:00, Sys 0 00:00:00  -  Run Local Usage
		Usr 0 00:07:51, Sys 0 00:00:31  -  Total Remote Usage
		Usr 0 00:00:00, Sys 0 00:00:00  -  Total Local Usage
	0  -  Run Bytes Sent By Job
	0  -  Run Bytes Received By Job
	0  -  Total Bytes Sent By Job
	0  -  Total Bytes Received By Job
	Partitionable Resources :    Usage  Request Allocated 
	   Cpus                 :     0.77        1         1 
	   Disk (KB)            :     2     2097152   2098176 
	   GPUs                 :                           0 
	   Memory (MB)          :   154        4096      4096 
	   TimeExecute (s)      :   813                       
	   TimeSlotBusy (s)     :   813                       

	Job terminated of its own accord at 2026-06-13T13:39:13Z with exit-code 0.
...
005 (15057821.000.000) 2026-06-13 22:40:14 Job terminated.
	(1) Normal termination (return value 0)
		Usr 0 00:08:10, Sys 0 00:00:51  -  Run Remote Usage
		Usr 0 00:00:00, Sys 0 00:00:00  -  Run Local Usage
		Usr 0 00:08:10, Sys 0 00:00:51  -  Total Remote Usage
		Usr 0 00:00:00, Sys 0 00:00:00  -  Total Local Usage
	0  -  Run Bytes Sent By Job
	0  -  Run Bytes Received By Job
	0  -  Total Bytes Sent By Job
	0  -  Total Bytes Received By Job
	Partitionable Resources :    Usage  Request Allocated 
	   Cpus                 :     0.80        1         1 
	   Disk (KB)            :     2     2097152   2098176 
	   GPUs                 :                           0 
	   Memory (MB)          :   154        4096      4096 
	   TimeExecute (s)      :   874                       
	   TimeSlotBusy (s)     :   875                       

	Job terminated of its own accord at 2026-06-13T13:40:14Z with exit-code 0.
...
005 (15057834.000.000) 2026-06-13 22:46:26 Job terminated.
	(1) Normal termination (return value 0)
		Usr 0 00:13:27, Sys 0 00:00:53  -  Run Remote Usage
		Usr 0 00:00:00, Sys 0 00:00:00  -  Run Local Usage
		Usr 0 00:13:27, Sys 0 00:00:53  -  Total Remote Usage
		Usr 0 00:00:00, Sys 0 00:00:00  -  Total Local Usage
	0  -  Run Bytes Sent By Job
	0  -  Run Bytes Received By Job
	0  -  Total Bytes Sent By Job
	0  -  Total Bytes Received By Job
	Partitionable Resources :    Usage  Request Allocated 
	   Cpus                 :     0.69        1         1 
	   Disk (KB)            :     2     2097152   2098176 
	   GPUs                 :                           0 
	   Memory (MB)          :   156        4096      4096 
	   TimeExecute (s)      :  1246                       
	   TimeSlotBusy (s)     :  1246                       

	Job terminated of its own accord at 2026-06-13T13:46:26Z with exit-code 0.
...
005 (15057840.000.000) 2026-06-13 22:46:26 Job terminated.
	(1) Normal termination (return value 0)
		Usr 0 00:13:22, Sys 0 00:00:51  -  Run Remote Usage
		Usr 0 00:00:00, Sys 0 00:00:00  -  Run Local Usage
		Usr 0 00:13:22, Sys 0 00:00:51  -  Total Remote Usage
		Usr 0 00:00:00, Sys 0 00:00:00  -  Total Local Usage
	0  -  Run Bytes Sent By Job
	0  -  Run Bytes Received By Job
	0  -  Total Bytes Sent By Job
	0  -  Total Bytes Received By Job
	Partitionable Resources :    Usage  Request Allocated 
	   Cpus                 :     0.71        1         1 
	   Disk (KB)            :     2     2097152   2098176 
	   GPUs                 :                           0 
	   Memory (MB)          :   158        4096      4096 
	   TimeExecute (s)      :  1246                       
	   TimeSlotBusy (s)     :  1246                       

	Job terminated of its own accord at 2026-06-13T13:46:26Z with exit-code 0.
...
005 (15057813.000.000) 2026-06-13 22:46:36 Job terminated.
	(1) Normal termination (return value 0)
		Usr 0 00:13:59, Sys 0 00:00:51  -  Run Remote Usage
		Usr 0 00:00:00, Sys 0 00:00:00  -  Run Local Usage
		Usr 0 00:13:59, Sys 0 00:00:51  -  Total Remote Usage
		Usr 0 00:00:00, Sys 0 00:00:00  -  Total Local Usage
	0  -  Run Bytes Sent By Job
	0  -  Run Bytes Received By Job
	0  -  Total Bytes Sent By Job
	0  -  Total Bytes Received By Job
	Partitionable Resources :    Usage  Request Allocated 
	   Cpus                 :     0.78        1         1 
	   Disk (KB)            :     2     2097152   2098176 
	   GPUs                 :                           0 
	   Memory (MB)          :   165        4096      4096 
	   TimeExecute (s)      :  1255                       
	   TimeSlotBusy (s)     :  1256                       

	Job terminated of its own accord at 2026-06-13T13:46:36Z with exit-code 0.
...
005 (15057825.000.000) 2026-06-13 22:47:07 Job terminated.
	(1) Normal termination (return value 0)
		Usr 0 00:14:04, Sys 0 00:00:54  -  Run Remote Usage
		Usr 0 00:00:00, Sys 0 00:00:00  -  Run Local Usage
		Usr 0 00:14:04, Sys 0 00:00:54  -  Total Remote Usage
		Usr 0 00:00:00, Sys 0 00:00:00  -  Total Local Usage
	0  -  Run Bytes Sent By Job
	0  -  Run Bytes Received By Job
	0  -  Total Bytes Sent By Job
	0  -  Total Bytes Received By Job
	Partitionable Resources :    Usage  Request Allocated 
	   Cpus                 :     0.71        1         1 
	   Disk (KB)            :     2     2097152   2098176 
	   GPUs                 :                           0 
	   Memory (MB)          :   156        4096      4096 
	   TimeExecute (s)      :  1287                       
	   TimeSlotBusy (s)     :  1287                       

	Job terminated of its own accord at 2026-06-13T13:47:07Z with exit-code 0.
...
005 (15057805.000.000) 2026-06-13 22:49:27 Job terminated.
	(1) Normal termination (return value 0)
		Usr 0 00:14:57, Sys 0 00:01:03  -  Run Remote Usage
		Usr 0 00:00:00, Sys 0 00:00:00  -  Run Local Usage
		Usr 0 00:14:57, Sys 0 00:01:03  -  Total Remote Usage
		Usr 0 00:00:00, Sys 0 00:00:00  -  Total Local Usage
	0  -  Run Bytes Sent By Job
	0  -  Run Bytes Received By Job
	0  -  Total Bytes Sent By Job
	0  -  Total Bytes Received By Job
	Partitionable Resources :    Usage  Request Allocated 
	   Cpus                 :     0.86        1         1 
	   Disk (KB)            :     2     2097152   2098176 
	   GPUs                 :                           0 
	   Memory (MB)          :   156        4096      4096 
	   TimeExecute (s)      :  1426                       
	   TimeSlotBusy (s)     :  1427                       

	Job terminated of its own accord at 2026-06-13T13:49:27Z with exit-code 0.
...
005 (15057829.000.000) 2026-06-13 22:52:16 Job terminated.
	(1) Normal termination (return value 0)
		Usr 0 00:17:57, Sys 0 00:01:08  -  Run Remote Usage
		Usr 0 00:00:00, Sys 0 00:00:00  -  Run Local Usage
		Usr 0 00:17:57, Sys 0 00:01:08  -  Total Remote Usage
		Usr 0 00:00:00, Sys 0 00:00:00  -  Total Local Usage
	0  -  Run Bytes Sent By Job
	0  -  Run Bytes Received By Job
	0  -  Total Bytes Sent By Job
	0  -  Total Bytes Received By Job
	Partitionable Resources :    Usage  Request Allocated 
	   Cpus                 :     0.74        1         1 
	   Disk (KB)            :     2     2097152   2098176 
	   GPUs                 :                           0 
	   Memory (MB)          :   156        4096      4096 
	   TimeExecute (s)      :  1596                       
	   TimeSlotBusy (s)     :  1596                       

	Job terminated of its own accord at 2026-06-13T13:52:16Z with exit-code 0.
...
005 (15057817.000.000) 2026-06-13 22:52:16 Job terminated.
	(1) Normal termination (return value 0)
		Usr 0 00:18:00, Sys 0 00:01:10  -  Run Remote Usage
		Usr 0 00:00:00, Sys 0 00:00:00  -  Run Local Usage
		Usr 0 00:18:00, Sys 0 00:01:10  -  Total Remote Usage
		Usr 0 00:00:00, Sys 0 00:00:00  -  Total Local Usage
	0  -  Run Bytes Sent By Job
	0  -  Run Bytes Received By Job
	0  -  Total Bytes Sent By Job
	0  -  Total Bytes Received By Job
	Partitionable Resources :    Usage  Request Allocated 
	   Cpus                 :        0        1         1 
	   Disk (KB)            :        2  2097152   2098176 
	   GPUs                 :                           0 
	   Memory (MB)          :      158     4096      4096 
	   TimeExecute (s)      :     1595                    
	   TimeSlotBusy (s)     :     1595                    

	Job terminated of its own accord at 2026-06-13T13:52:16Z with exit-code 0.
...
005 (15057836.000.000) 2026-06-13 22:52:47 Job terminated.
	(1) Normal termination (return value 0)
		Usr 0 00:17:54, Sys 0 00:01:08  -  Run Remote Usage
		Usr 0 00:00:00, Sys 0 00:00:00  -  Run Local Usage
		Usr 0 00:17:54, Sys 0 00:01:08  -  Total Remote Usage
		Usr 0 00:00:00, Sys 0 00:00:00  -  Total Local Usage
	0  -  Run Bytes Sent By Job
	0  -  Run Bytes Received By Job
	0  -  Total Bytes Sent By Job
	0  -  Total Bytes Received By Job
	Partitionable Resources :    Usage  Request Allocated 
	   Cpus                 :     0.69        1         1 
	   Disk (KB)            :     2     2097152   2098176 
	   GPUs                 :                           0 
	   Memory (MB)          :   169        4096      4096 
	   TimeExecute (s)      :  1568                       
	   TimeSlotBusy (s)     :  1569                       

	Job terminated of its own accord at 2026-06-13T13:52:47Z with exit-code 0.
...
005 (15057831.000.000) 2026-06-13 22:55:06 Job terminated.
	(1) Normal termination (return value 0)
		Usr 0 00:19:58, Sys 0 00:01:17  -  Run Remote Usage
		Usr 0 00:00:00, Sys 0 00:00:00  -  Run Local Usage
		Usr 0 00:19:58, Sys 0 00:01:17  -  Total Remote Usage
		Usr 0 00:00:00, Sys 0 00:00:00  -  Total Local Usage
	0  -  Run Bytes Sent By Job
	0  -  Run Bytes Received By Job
	0  -  Total Bytes Sent By Job
	0  -  Total Bytes Received By Job
	Partitionable Resources :    Usage  Request Allocated 
	   Cpus                 :     0.80        1         1 
	   Disk (KB)            :     2     2097152   2098176 
	   GPUs                 :                           0 
	   Memory (MB)          :   156        4096      4096 
	   TimeExecute (s)      :  1766                       
	   TimeSlotBusy (s)     :  1766                       

	Job terminated of its own accord at 2026-06-13T13:55:06Z with exit-code 0.
...
005 (15057837.000.000) 2026-06-13 22:55:07 Job terminated.
	(1) Normal termination (return value 0)
		Usr 0 00:20:29, Sys 0 00:01:17  -  Run Remote Usage
		Usr 0 00:00:00, Sys 0 00:00:00  -  Run Local Usage
		Usr 0 00:20:29, Sys 0 00:01:17  -  Total Remote Usage
		Usr 0 00:00:00, Sys 0 00:00:00  -  Total Local Usage
	0  -  Run Bytes Sent By Job
	0  -  Run Bytes Received By Job
	0  -  Total Bytes Sent By Job
	0  -  Total Bytes Received By Job
	Partitionable Resources :    Usage  Request Allocated 
	   Cpus                 :     0.72        1         1 
	   Disk (KB)            :     2     2097152   2098176 
	   GPUs                 :                           0 
	   Memory (MB)          :   157        4096      4096 
	   TimeExecute (s)      :  1767                       
	   TimeSlotBusy (s)     :  1767                       

	Job terminated of its own accord at 2026-06-13T13:55:07Z with exit-code 0.
...
005 (15057819.000.000) 2026-06-13 22:55:17 Job terminated.
	(1) Normal termination (return value 0)
		Usr 0 00:20:01, Sys 0 00:01:15  -  Run Remote Usage
		Usr 0 00:00:00, Sys 0 00:00:00  -  Run Local Usage
		Usr 0 00:20:01, Sys 0 00:01:15  -  Total Remote Usage
		Usr 0 00:00:00, Sys 0 00:00:00  -  Total Local Usage
	0  -  Run Bytes Sent By Job
	0  -  Run Bytes Received By Job
	0  -  Total Bytes Sent By Job
	0  -  Total Bytes Received By Job
	Partitionable Resources :    Usage  Request Allocated 
	   Cpus                 :     0.60        1         1 
	   Disk (KB)            :     2     2097152   2098176 
	   GPUs                 :                           0 
	   Memory (MB)          :   195        4096      4096 
	   TimeExecute (s)      :  1718                       
	   TimeSlotBusy (s)     :  1719                       

	Job terminated of its own accord at 2026-06-13T13:55:17Z with exit-code 0.
...
005 (15057807.000.000) 2026-06-13 22:55:48 Job terminated.
	(1) Normal termination (return value 0)
		Usr 0 00:21:03, Sys 0 00:01:21  -  Run Remote Usage
		Usr 0 00:00:00, Sys 0 00:00:00  -  Run Local Usage
		Usr 0 00:21:03, Sys 0 00:01:21  -  Total Remote Usage
		Usr 0 00:00:00, Sys 0 00:00:00  -  Total Local Usage
	0  -  Run Bytes Sent By Job
	0  -  Run Bytes Received By Job
	0  -  Total Bytes Sent By Job
	0  -  Total Bytes Received By Job
	Partitionable Resources :    Usage  Request Allocated 
	   Cpus                 :     0.87        1         1 
	   Disk (KB)            :     2     2097152   2098176 
	   GPUs                 :                           0 
	   Memory (MB)          :   162        4096      4096 
	   TimeExecute (s)      :  1807                       
	   TimeSlotBusy (s)     :  1808                       

	Job terminated of its own accord at 2026-06-13T13:55:48Z with exit-code 0.
...
005 (15057815.000.000) 2026-06-13 23:03:00 Job terminated.
	(1) Normal termination (return value 0)
		Usr 0 00:27:02, Sys 0 00:01:41  -  Run Remote Usage
		Usr 0 00:00:00, Sys 0 00:00:00  -  Run Local Usage
		Usr 0 00:27:02, Sys 0 00:01:41  -  Total Remote Usage
		Usr 0 00:00:00, Sys 0 00:00:00  -  Total Local Usage
	0  -  Run Bytes Sent By Job
	0  -  Run Bytes Received By Job
	0  -  Total Bytes Sent By Job
	0  -  Total Bytes Received By Job
	Partitionable Resources :    Usage  Request Allocated 
	   Cpus                 :     0.84        1         1 
	   Disk (KB)            :     2     2097152   2098176 
	   GPUs                 :                           0 
	   Memory (MB)          :   176        4096      4096 
	   TimeExecute (s)      :  2239                       
	   TimeSlotBusy (s)     :  2239                       

	Job terminated of its own accord at 2026-06-13T14:03:00Z with exit-code 0.
...
005 (15057811.000.000) 2026-06-13 23:03:00 Job terminated.
	(1) Normal termination (return value 0)
		Usr 0 00:26:23, Sys 0 00:01:42  -  Run Remote Usage
		Usr 0 00:00:00, Sys 0 00:00:00  -  Run Local Usage
		Usr 0 00:26:23, Sys 0 00:01:42  -  Total Remote Usage
		Usr 0 00:00:00, Sys 0 00:00:00  -  Total Local Usage
	0  -  Run Bytes Sent By Job
	0  -  Run Bytes Received By Job
	0  -  Total Bytes Sent By Job
	0  -  Total Bytes Received By Job
	Partitionable Resources :    Usage  Request Allocated 
	   Cpus                 :     0.86        1         1 
	   Disk (KB)            :     2     2097152   2098176 
	   GPUs                 :                           0 
	   Memory (MB)          :   160        4096      4096 
	   TimeExecute (s)      :  2239                       
	   TimeSlotBusy (s)     :  2240                       

	Job terminated of its own accord at 2026-06-13T14:03:00Z with exit-code 0.
...
005 (15057841.000.000) 2026-06-13 23:03:19 Job terminated.
	(1) Normal termination (return value 0)
		Usr 0 00:26:36, Sys 0 00:01:40  -  Run Remote Usage
		Usr 0 00:00:00, Sys 0 00:00:00  -  Run Local Usage
		Usr 0 00:26:36, Sys 0 00:01:40  -  Total Remote Usage
		Usr 0 00:00:00, Sys 0 00:00:00  -  Total Local Usage
	0  -  Run Bytes Sent By Job
	0  -  Run Bytes Received By Job
	0  -  Total Bytes Sent By Job
	0  -  Total Bytes Received By Job
	Partitionable Resources :    Usage  Request Allocated 
	   Cpus                 :     0.72        1         1 
	   Disk (KB)            :     2     2097152   2098176 
	   GPUs                 :                           0 
	   Memory (MB)          :   161        4096      4096 
	   TimeExecute (s)      :  2258                       
	   TimeSlotBusy (s)     :  2259                       

	Job terminated of its own accord at 2026-06-13T14:03:19Z with exit-code 0.
...
005 (15057839.000.000) 2026-06-13 23:03:30 Job terminated.
	(1) Normal termination (return value 0)
		Usr 0 00:26:37, Sys 0 00:01:40  -  Run Remote Usage
		Usr 0 00:00:00, Sys 0 00:00:00  -  Run Local Usage
		Usr 0 00:26:37, Sys 0 00:01:40  -  Total Remote Usage
		Usr 0 00:00:00, Sys 0 00:00:00  -  Total Local Usage
	0  -  Run Bytes Sent By Job
	0  -  Run Bytes Received By Job
	0  -  Total Bytes Sent By Job
	0  -  Total Bytes Received By Job
	Partitionable Resources :    Usage  Request Allocated 
	   Cpus                 :     0.83        1         1 
	   Disk (KB)            :     2     2097152   2098176 
	   GPUs                 :                           0 
	   Memory (MB)          :   159        4096      4096 
	   TimeExecute (s)      :  2270                       
	   TimeSlotBusy (s)     :  2270                       

	Job terminated of its own accord at 2026-06-13T14:03:30Z with exit-code 0.
...
005 (15057833.000.000) 2026-06-13 23:03:30 Job terminated.
	(1) Normal termination (return value 0)
		Usr 0 00:26:33, Sys 0 00:01:40  -  Run Remote Usage
		Usr 0 00:00:00, Sys 0 00:00:00  -  Run Local Usage
		Usr 0 00:26:33, Sys 0 00:01:40  -  Total Remote Usage
		Usr 0 00:00:00, Sys 0 00:00:00  -  Total Local Usage
	0  -  Run Bytes Sent By Job
	0  -  Run Bytes Received By Job
	0  -  Total Bytes Sent By Job
	0  -  Total Bytes Received By Job
	Partitionable Resources :    Usage  Request Allocated 
	   Cpus                 :     0.83        1         1 
	   Disk (KB)            :     2     2097152   2098176 
	   GPUs                 :                           0 
	   Memory (MB)          :   159        4096      4096 
	   TimeExecute (s)      :  2270                       
	   TimeSlotBusy (s)     :  2270                       

	Job terminated of its own accord at 2026-06-13T14:03:30Z with exit-code 0.
...
005 (15057835.000.000) 2026-06-13 23:03:39 Job terminated.
	(1) Normal termination (return value 0)
		Usr 0 00:27:28, Sys 0 00:01:39  -  Run Remote Usage
		Usr 0 00:00:00, Sys 0 00:00:00  -  Run Local Usage
		Usr 0 00:27:28, Sys 0 00:01:39  -  Total Remote Usage
		Usr 0 00:00:00, Sys 0 00:00:00  -  Total Local Usage
	0  -  Run Bytes Sent By Job
	0  -  Run Bytes Received By Job
	0  -  Total Bytes Sent By Job
	0  -  Total Bytes Received By Job
	Partitionable Resources :    Usage  Request Allocated 
	   Cpus                 :     0.74        1         1 
	   Disk (KB)            :     2     2097152   2098176 
	   GPUs                 :                           0 
	   Memory (MB)          :   176        4096      4096 
	   TimeExecute (s)      :  2279                       
	   TimeSlotBusy (s)     :  2279                       

	Job terminated of its own accord at 2026-06-13T14:03:39Z with exit-code 0.
...
005 (15057827.000.000) 2026-06-13 23:03:49 Job terminated.
	(1) Normal termination (return value 0)
		Usr 0 00:26:45, Sys 0 00:01:42  -  Run Remote Usage
		Usr 0 00:00:00, Sys 0 00:00:00  -  Run Local Usage
		Usr 0 00:26:45, Sys 0 00:01:42  -  Total Remote Usage
		Usr 0 00:00:00, Sys 0 00:00:00  -  Total Local Usage
	0  -  Run Bytes Sent By Job
	0  -  Run Bytes Received By Job
	0  -  Total Bytes Sent By Job
	0  -  Total Bytes Received By Job
	Partitionable Resources :    Usage  Request Allocated 
	   Cpus                 :     0.76        1         1 
	   Disk (KB)            :     2     2097152   2098176 
	   GPUs                 :                           0 
	   Memory (MB)          :   168        4096      4096 
	   TimeExecute (s)      :  2230                       
	   TimeSlotBusy (s)     :  2231                       

	Job terminated of its own accord at 2026-06-13T14:03:49Z with exit-code 0.
...
005 (15057823.000.000) 2026-06-13 23:03:49 Job terminated.
	(1) Normal termination (return value 0)
		Usr 0 00:27:51, Sys 0 00:01:44  -  Run Remote Usage
		Usr 0 00:00:00, Sys 0 00:00:00  -  Run Local Usage
		Usr 0 00:27:51, Sys 0 00:01:44  -  Total Remote Usage
		Usr 0 00:00:00, Sys 0 00:00:00  -  Total Local Usage
	0  -  Run Bytes Sent By Job
	0  -  Run Bytes Received By Job
	0  -  Total Bytes Sent By Job
	0  -  Total Bytes Received By Job
	Partitionable Resources :    Usage  Request Allocated 
	   Cpus                 :     0.70        1         1 
	   Disk (KB)            :     2     2097152   2098176 
	   GPUs                 :                           0 
	   Memory (MB)          :   156        4096      4096 
	   TimeExecute (s)      :  2289                       
	   TimeSlotBusy (s)     :  2290                       

	Job terminated of its own accord at 2026-06-13T14:03:49Z with exit-code 0.
...
