Info in <TCanvas::Print>: png file BoostDYEE_OS_2e_tight_mlljj_plot.png has been created
Info in <TCanvas::Print>: png file BoostDYEE_OS_2e_tight_dilepton_mass_plot.png has been created
THStack::BuildStack:0: RuntimeWarning: Histograms with a negative minimum may produce wrong plots
Info in <TCanvas::Print>: png file BoostDYEE_OS_2e_tight_leading_fatjet_pt_plot.png has been created
Info in <TCanvas::Print>: png file BoostDYEE_OS_2e_tight_leading_lep_pt_plot.png has been created
Info in <TCanvas::Print>: png file BoostDYEE_OS_2e_tight_subleading_lep_pt_plot.png has been created
Info in <TCanvas::Print>: png file BoostDYEE_OS_2e_tight_dilepton_pt_plot.png has been created
Info in <TCanvas::Print>: png file BoostDYEE_OS_2e_tight_dilepton_eta_plot.png has been created
Info in <TCanvas::Print>: png file BoostDYEE_OS_2e_tight_dilepton_phi_plot.png has been created
Info in <TCanvas::Print>: png file BoostDYEE_OS_2e_tight_fatjet_eta_plot.png has been created
Info in <TCanvas::Print>: png file BoostDYEE_OS_2e_tight_fatjet_phi_plot.png has been created
Info in <TCanvas::Print>: png file BoostDYEE_OS_2e_tight_fatjet_SDM_plot.png has been created
Info in <TCanvas::Print>: png file BoostDYEE_OS_2e_tight_WR_pt_plot.png has been created
Info in <TCanvas::Print>: png file BoostDYEE_OS_2e_tight_WR_eta_plot.png has been created
Info in <TCanvas::Print>: png file BoostDYEE_OS_2e_tight_WR_phi_plot.png has been created
Info in <TCanvas::Print>: png file BoostDYEE_OS_2e_tight_leading_lep_eta_plot.png has been created
Info in <TCanvas::Print>: png file BoostDYEE_OS_2e_tight_leading_lep_phi_plot.png has been created
Info in <TCanvas::Print>: png file BoostDYEE_OS_2e_tight_subleading_lep_eta_plot.png has been created
Info in <TCanvas::Print>: png file BoostDYEE_OS_2e_tight_subleading_lep_phi_plot.png has been created
THStack::BuildStack:0: RuntimeWarning: Histograms with a negative minimum may produce wrong plots
Info in <TCanvas::Print>: png file BoostDYEE_OS_2e_tight_fatjet_lsf3_plot.png has been created
Info in <TCanvas::Print>: png file BoostDYEE_OS_2e_tight_deltaR_leadlep_fatjet_plot.png has been created
Info in <TCanvas::Print>: png file BoostDYEE_OS_2e_tight_dphi_leadlep_fatjet_plot.png has been created
THStack::BuildStack:0: RuntimeWarning: Histograms with a negative minimum may produce wrong plots
Info in <TCanvas::Print>: png file BoostDYEE_OS_2e_tight_punum_plot.png has been created
THStack::BuildStack:0: RuntimeWarning: Histograms with a negative minimum may produce wrong plots
Info in <TCanvas::Print>: png file BoostDYEE_OS_2e_tight_jetnum_plot.png has been created
THStack::BuildStack:0: RuntimeWarning: Histograms with a negative minimum may produce wrong plots
Info in <TCanvas::Print>: png file BoostDYEE_OS_1e_tight_mlljj_plot.png has been created
Info in <TCanvas::Print>: png file BoostDYEE_OS_1e_tight_dilepton_mass_plot.png has been created
Info in <TCanvas::Print>: png file BoostDYEE_OS_1e_tight_leading_fatjet_pt_plot.png has been created
Info in <TCanvas::Print>: png file BoostDYEE_OS_1e_tight_leading_lep_pt_plot.png has been created
Info in <TCanvas::Print>: png file BoostDYEE_OS_1e_tight_subleading_lep_pt_plot.png has been created
Info in <TCanvas::Print>: png file BoostDYEE_OS_1e_tight_dilepton_pt_plot.png has been created
Info in <TCanvas::Print>: png file BoostDYEE_OS_1e_tight_dilepton_eta_plot.png has been created
THStack::BuildStack:0: RuntimeWarning: Histograms with a negative minimum may produce wrong plots
Info in <TCanvas::Print>: png file BoostDYEE_OS_1e_tight_dilepton_phi_plot.png has been created
Info in <TCanvas::Print>: png file BoostDYEE_OS_1e_tight_fatjet_eta_plot.png has been created
Info in <TCanvas::Print>: png file BoostDYEE_OS_1e_tight_fatjet_phi_plot.png has been created
Info in <TCanvas::Print>: png file BoostDYEE_OS_1e_tight_fatjet_SDM_plot.png has been created
THStack::BuildStack:0: RuntimeWarning: Histograms with a negative minimum may produce wrong plots
Info in <TCanvas::Print>: png file BoostDYEE_OS_1e_tight_WR_pt_plot.png has been created
Info in <TCanvas::Print>: png file BoostDYEE_OS_1e_tight_WR_eta_plot.png has been created
Info in <TCanvas::Print>: png file BoostDYEE_OS_1e_tight_WR_phi_plot.png has been created
Info in <TCanvas::Print>: png file BoostDYEE_OS_1e_tight_leading_lep_eta_plot.png has been created
Info in <TCanvas::Print>: png file BoostDYEE_OS_1e_tight_leading_lep_phi_plot.png has been created
Info in <TCanvas::Print>: png file BoostDYEE_OS_1e_tight_subleading_lep_eta_plot.png has been created
Info in <TCanvas::Print>: png file BoostDYEE_OS_1e_tight_subleading_lep_phi_plot.png has been created
THStack::BuildStack:0: RuntimeWarning: Histograms with a negative minimum may produce wrong plots
Info in <TCanvas::Print>: png file BoostDYEE_OS_1e_tight_fatjet_lsf3_plot.png has been created
Info in <TCanvas::Print>: png file BoostDYEE_OS_1e_tight_deltaR_leadlep_fatjet_plot.png has been created
THStack::BuildStack:0: RuntimeWarning: Histograms with a negative minimum may produce wrong plots
Info in <TCanvas::Print>: png file BoostDYEE_OS_1e_tight_dphi_leadlep_fatjet_plot.png has been created
Info in <TCanvas::Print>: png file BoostDYEE_OS_1e_tight_punum_plot.png has been created
Info in <TCanvas::Print>: png file BoostDYEE_OS_1e_tight_jetnum_plot.png has been created
THStack::BuildStack:0: RuntimeWarning: Histograms with a negative minimum may produce wrong plots
Info in <TCanvas::Print>: png file BoostDYEE_OS_0e_tight_mlljj_plot.png has been created
Info in <TCanvas::Print>: png file BoostDYEE_OS_0e_tight_dilepton_mass_plot.png has been created
THStack::BuildStack:0: RuntimeWarning: Histograms with a negative minimum may produce wrong plots
Info in <TCanvas::Print>: png file BoostDYEE_OS_0e_tight_leading_fatjet_pt_plot.png has been created
Info in <TCanvas::Print>: png file BoostDYEE_OS_0e_tight_leading_lep_pt_plot.png has been created
Info in <TCanvas::Print>: png file BoostDYEE_OS_0e_tight_subleading_lep_pt_plot.png has been created
Info in <TCanvas::Print>: png file BoostDYEE_OS_0e_tight_dilepton_pt_plot.png has been created
THStack::BuildStack:0: RuntimeWarning: Histograms with a negative minimum may produce wrong plots
Info in <TCanvas::Print>: png file BoostDYEE_OS_0e_tight_dilepton_eta_plot.png has been created
THStack::BuildStack:0: RuntimeWarning: Histograms with a negative minimum may produce wrong plots
Info in <TCanvas::Print>: png file BoostDYEE_OS_0e_tight_dilepton_phi_plot.png has been created
THStack::BuildStack:0: RuntimeWarning: Histograms with a negative minimum may produce wrong plots
Info in <TCanvas::Print>: png file BoostDYEE_OS_0e_tight_fatjet_eta_plot.png has been created
THStack::BuildStack:0: RuntimeWarning: Histograms with a negative minimum may produce wrong plots
Info in <TCanvas::Print>: png file BoostDYEE_OS_0e_tight_fatjet_phi_plot.png has been created
THStack::BuildStack:0: RuntimeWarning: Histograms with a negative minimum may produce wrong plots
Info in <TCanvas::Print>: png file BoostDYEE_OS_0e_tight_fatjet_SDM_plot.png has been created
THStack::BuildStack:0: RuntimeWarning: Histograms with a negative minimum may produce wrong plots
Info in <TCanvas::Print>: png file BoostDYEE_OS_0e_tight_WR_pt_plot.png has been created
THStack::BuildStack:0: RuntimeWarning: Histograms with a negative minimum may produce wrong plots
Info in <TCanvas::Print>: png file BoostDYEE_OS_0e_tight_WR_eta_plot.png has been created
THStack::BuildStack:0: RuntimeWarning: Histograms with a negative minimum may produce wrong plots
Info in <TCanvas::Print>: png file BoostDYEE_OS_0e_tight_WR_phi_plot.png has been created
THStack::BuildStack:0: RuntimeWarning: Histograms with a negative minimum may produce wrong plots
Info in <TCanvas::Print>: png file BoostDYEE_OS_0e_tight_leading_lep_eta_plot.png has been created
THStack::BuildStack:0: RuntimeWarning: Histograms with a negative minimum may produce wrong plots
Info in <TCanvas::Print>: png file BoostDYEE_OS_0e_tight_leading_lep_phi_plot.png has been created
THStack::BuildStack:0: RuntimeWarning: Histograms with a negative minimum may produce wrong plots
Info in <TCanvas::Print>: png file BoostDYEE_OS_0e_tight_subleading_lep_eta_plot.png has been created
THStack::BuildStack:0: RuntimeWarning: Histograms with a negative minimum may produce wrong plots
Info in <TCanvas::Print>: png file BoostDYEE_OS_0e_tight_subleading_lep_phi_plot.png has been created
THStack::BuildStack:0: RuntimeWarning: Histograms with a negative minimum may produce wrong plots
Info in <TCanvas::Print>: png file BoostDYEE_OS_0e_tight_fatjet_lsf3_plot.png has been created
THStack::BuildStack:0: RuntimeWarning: Histograms with a negative minimum may produce wrong plots
Info in <TCanvas::Print>: png file BoostDYEE_OS_0e_tight_deltaR_leadlep_fatjet_plot.png has been created
THStack::BuildStack:0: RuntimeWarning: Histograms with a negative minimum may produce wrong plots
Info in <TCanvas::Print>: png file BoostDYEE_OS_0e_tight_dphi_leadlep_fatjet_plot.png has been created
THStack::BuildStack:0: RuntimeWarning: Histograms with a negative minimum may produce wrong plots
Info in <TCanvas::Print>: png file BoostDYEE_OS_0e_tight_punum_plot.png has been created
Info in <TCanvas::Print>: png file BoostDYEE_OS_0e_tight_jetnum_plot.png has been created
Info in <TCanvas::Print>: png file BoostDYEE_SS_2e_tight_mlljj_plot.png has been created
Info in <TCanvas::Print>: png file BoostDYEE_SS_2e_tight_dilepton_mass_plot.png has been created
Info in <TCanvas::Print>: png file BoostDYEE_SS_2e_tight_leading_fatjet_pt_plot.png has been created
THStack::BuildStack:0: RuntimeWarning: Histograms with a negative minimum may produce wrong plots
Info in <TCanvas::Print>: png file BoostDYEE_SS_2e_tight_leading_lep_pt_plot.png has been created
Info in <TCanvas::Print>: png file BoostDYEE_SS_2e_tight_subleading_lep_pt_plot.png has been created
Info in <TCanvas::Print>: png file BoostDYEE_SS_2e_tight_dilepton_pt_plot.png has been created
Info in <TCanvas::Print>: png file BoostDYEE_SS_2e_tight_dilepton_eta_plot.png has been created
THStack::BuildStack:0: RuntimeWarning: Histograms with a negative minimum may produce wrong plots
Info in <TCanvas::Print>: png file BoostDYEE_SS_2e_tight_dilepton_phi_plot.png has been created
THStack::BuildStack:0: RuntimeWarning: Histograms with a negative minimum may produce wrong plots
Info in <TCanvas::Print>: png file BoostDYEE_SS_2e_tight_fatjet_eta_plot.png has been created
THStack::BuildStack:0: RuntimeWarning: Histograms with a negative minimum may produce wrong plots
Info in <TCanvas::Print>: png file BoostDYEE_SS_2e_tight_fatjet_phi_plot.png has been created
THStack::BuildStack:0: RuntimeWarning: Histograms with a negative minimum may produce wrong plots
Info in <TCanvas::Print>: png file BoostDYEE_SS_2e_tight_fatjet_SDM_plot.png has been created
Info in <TCanvas::Print>: png file BoostDYEE_SS_2e_tight_WR_pt_plot.png has been created
THStack::BuildStack:0: RuntimeWarning: Histograms with a negative minimum may produce wrong plots
Info in <TCanvas::Print>: png file BoostDYEE_SS_2e_tight_WR_eta_plot.png has been created
THStack::BuildStack:0: RuntimeWarning: Histograms with a negative minimum may produce wrong plots
Info in <TCanvas::Print>: png file BoostDYEE_SS_2e_tight_WR_phi_plot.png has been created
THStack::BuildStack:0: RuntimeWarning: Histograms with a negative minimum may produce wrong plots
Info in <TCanvas::Print>: png file BoostDYEE_SS_2e_tight_leading_lep_eta_plot.png has been created
THStack::BuildStack:0: RuntimeWarning: Histograms with a negative minimum may produce wrong plots
Info in <TCanvas::Print>: png file BoostDYEE_SS_2e_tight_leading_lep_phi_plot.png has been created
THStack::BuildStack:0: RuntimeWarning: Histograms with a negative minimum may produce wrong plots
Info in <TCanvas::Print>: png file BoostDYEE_SS_2e_tight_subleading_lep_eta_plot.png has been created
THStack::BuildStack:0: RuntimeWarning: Histograms with a negative minimum may produce wrong plots
Info in <TCanvas::Print>: png file BoostDYEE_SS_2e_tight_subleading_lep_phi_plot.png has been created
THStack::BuildStack:0: RuntimeWarning: Histograms with a negative minimum may produce wrong plots
Info in <TCanvas::Print>: png file BoostDYEE_SS_2e_tight_fatjet_lsf3_plot.png has been created
THStack::BuildStack:0: RuntimeWarning: Histograms with a negative minimum may produce wrong plots
THStack::BuildStack:0: RuntimeWarning: Histograms with a negative minimum may produce wrong plots
Info in <TCanvas::Print>: png file BoostDYEE_SS_2e_tight_deltaR_leadlep_fatjet_plot.png has been created
Info in <TCanvas::Print>: png file BoostDYEE_SS_2e_tight_dphi_leadlep_fatjet_plot.png has been created
THStack::BuildStack:0: RuntimeWarning: Histograms with a negative minimum may produce wrong plots
Info in <TCanvas::Print>: png file BoostDYEE_SS_2e_tight_punum_plot.png has been created
Info in <TCanvas::Print>: png file BoostDYEE_SS_2e_tight_jetnum_plot.png has been created
THStack::BuildStack:0: RuntimeWarning: Histograms with a negative minimum may produce wrong plots
Info in <TCanvas::Print>: png file BoostDYEE_SS_1e_tight_mlljj_plot.png has been created
Info in <TCanvas::Print>: png file BoostDYEE_SS_1e_tight_dilepton_mass_plot.png has been created
Info in <TCanvas::Print>: png file BoostDYEE_SS_1e_tight_leading_fatjet_pt_plot.png has been created
THStack::BuildStack:0: RuntimeWarning: Histograms with a negative minimum may produce wrong plots
Info in <TCanvas::Print>: png file BoostDYEE_SS_1e_tight_leading_lep_pt_plot.png has been created
Info in <TCanvas::Print>: png file BoostDYEE_SS_1e_tight_subleading_lep_pt_plot.png has been created
THStack::BuildStack:0: RuntimeWarning: Histograms with a negative minimum may produce wrong plots
Info in <TCanvas::Print>: png file BoostDYEE_SS_1e_tight_dilepton_pt_plot.png has been created
Info in <TCanvas::Print>: png file BoostDYEE_SS_1e_tight_dilepton_eta_plot.png has been created
Info in <TCanvas::Print>: png file BoostDYEE_SS_1e_tight_dilepton_phi_plot.png has been created
THStack::BuildStack:0: RuntimeWarning: Histograms with a negative minimum may produce wrong plots
Info in <TCanvas::Print>: png file BoostDYEE_SS_1e_tight_fatjet_eta_plot.png has been created
Info in <TCanvas::Print>: png file BoostDYEE_SS_1e_tight_fatjet_phi_plot.png has been created
THStack::BuildStack:0: RuntimeWarning: Histograms with a negative minimum may produce wrong plots
Info in <TCanvas::Print>: png file BoostDYEE_SS_1e_tight_fatjet_SDM_plot.png has been created
Info in <TCanvas::Print>: png file BoostDYEE_SS_1e_tight_WR_pt_plot.png has been created
Info in <TCanvas::Print>: png file BoostDYEE_SS_1e_tight_WR_eta_plot.png has been created
Info in <TCanvas::Print>: png file BoostDYEE_SS_1e_tight_WR_phi_plot.png has been created
THStack::BuildStack:0: RuntimeWarning: Histograms with a negative minimum may produce wrong plots
THStack::BuildStack:0: RuntimeWarning: Histograms with a negative minimum may produce wrong plots
Info in <TCanvas::Print>: png file BoostDYEE_SS_1e_tight_leading_lep_eta_plot.png has been created
Info in <TCanvas::Print>: png file BoostDYEE_SS_1e_tight_leading_lep_phi_plot.png has been created
THStack::BuildStack:0: RuntimeWarning: Histograms with a negative minimum may produce wrong plots
Info in <TCanvas::Print>: png file BoostDYEE_SS_1e_tight_subleading_lep_eta_plot.png has been created
THStack::BuildStack:0: RuntimeWarning: Histograms with a negative minimum may produce wrong plots
Info in <TCanvas::Print>: png file BoostDYEE_SS_1e_tight_subleading_lep_phi_plot.png has been created
THStack::BuildStack:0: RuntimeWarning: Histograms with a negative minimum may produce wrong plots
Info in <TCanvas::Print>: png file BoostDYEE_SS_1e_tight_fatjet_lsf3_plot.png has been created
THStack::BuildStack:0: RuntimeWarning: Histograms with a negative minimum may produce wrong plots
Info in <TCanvas::Print>: png file BoostDYEE_SS_1e_tight_deltaR_leadlep_fatjet_plot.png has been created
THStack::BuildStack:0: RuntimeWarning: Histograms with a negative minimum may produce wrong plots
Info in <TCanvas::Print>: png file BoostDYEE_SS_1e_tight_dphi_leadlep_fatjet_plot.png has been created
Info in <TCanvas::Print>: png file BoostDYEE_SS_1e_tight_punum_plot.png has been created
Info in <TCanvas::Print>: png file BoostDYEE_SS_1e_tight_jetnum_plot.png has been created
Info in <TCanvas::Print>: png file BoostDYEE_SS_0e_tight_mlljj_plot.png has been created
Info in <TCanvas::Print>: png file BoostDYEE_SS_0e_tight_dilepton_mass_plot.png has been created
Info in <TCanvas::Print>: png file BoostDYEE_SS_0e_tight_leading_fatjet_pt_plot.png has been created
THStack::BuildStack:0: RuntimeWarning: Histograms with a negative minimum may produce wrong plots
Info in <TCanvas::Print>: png file BoostDYEE_SS_0e_tight_leading_lep_pt_plot.png has been created
Info in <TCanvas::Print>: png file BoostDYEE_SS_0e_tight_subleading_lep_pt_plot.png has been created
THStack::BuildStack:0: RuntimeWarning: Histograms with a negative minimum may produce wrong plots
Info in <TCanvas::Print>: png file BoostDYEE_SS_0e_tight_dilepton_pt_plot.png has been created
THStack::BuildStack:0: RuntimeWarning: Histograms with a negative minimum may produce wrong plots
Info in <TCanvas::Print>: png file BoostDYEE_SS_0e_tight_dilepton_eta_plot.png has been created
THStack::BuildStack:0: RuntimeWarning: Histograms with a negative minimum may produce wrong plots
Info in <TCanvas::Print>: png file BoostDYEE_SS_0e_tight_dilepton_phi_plot.png has been created
THStack::BuildStack:0: RuntimeWarning: Histograms with a negative minimum may produce wrong plots
Info in <TCanvas::Print>: png file BoostDYEE_SS_0e_tight_fatjet_eta_plot.png has been created
THStack::BuildStack:0: RuntimeWarning: Histograms with a negative minimum may produce wrong plots
Info in <TCanvas::Print>: png file BoostDYEE_SS_0e_tight_fatjet_phi_plot.png has been created
THStack::BuildStack:0: RuntimeWarning: Histograms with a negative minimum may produce wrong plots
Info in <TCanvas::Print>: png file BoostDYEE_SS_0e_tight_fatjet_SDM_plot.png has been created
THStack::BuildStack:0: RuntimeWarning: Histograms with a negative minimum may produce wrong plots
Info in <TCanvas::Print>: png file BoostDYEE_SS_0e_tight_WR_pt_plot.png has been created
THStack::BuildStack:0: RuntimeWarning: Histograms with a negative minimum may produce wrong plots
Info in <TCanvas::Print>: png file BoostDYEE_SS_0e_tight_WR_eta_plot.png has been created
THStack::BuildStack:0: RuntimeWarning: Histograms with a negative minimum may produce wrong plots
Info in <TCanvas::Print>: png file BoostDYEE_SS_0e_tight_WR_phi_plot.png has been created
THStack::BuildStack:0: RuntimeWarning: Histograms with a negative minimum may produce wrong plots
Info in <TCanvas::Print>: png file BoostDYEE_SS_0e_tight_leading_lep_eta_plot.png has been created
THStack::BuildStack:0: RuntimeWarning: Histograms with a negative minimum may produce wrong plots
Info in <TCanvas::Print>: png file BoostDYEE_SS_0e_tight_leading_lep_phi_plot.png has been created
THStack::BuildStack:0: RuntimeWarning: Histograms with a negative minimum may produce wrong plots
Info in <TCanvas::Print>: png file BoostDYEE_SS_0e_tight_subleading_lep_eta_plot.png has been created
THStack::BuildStack:0: RuntimeWarning: Histograms with a negative minimum may produce wrong plots
Info in <TCanvas::Print>: png file BoostDYEE_SS_0e_tight_subleading_lep_phi_plot.png has been created
THStack::BuildStack:0: RuntimeWarning: Histograms with a negative minimum may produce wrong plots
Info in <TCanvas::Print>: png file BoostDYEE_SS_0e_tight_fatjet_lsf3_plot.png has been created
THStack::BuildStack:0: RuntimeWarning: Histograms with a negative minimum may produce wrong plots
Info in <TCanvas::Print>: png file BoostDYEE_SS_0e_tight_deltaR_leadlep_fatjet_plot.png has been created
THStack::BuildStack:0: RuntimeWarning: Histograms with a negative minimum may produce wrong plots
Info in <TCanvas::Print>: png file BoostDYEE_SS_0e_tight_dphi_leadlep_fatjet_plot.png has been created
THStack::BuildStack:0: RuntimeWarning: Histograms with a negative minimum may produce wrong plots
Info in <TCanvas::Print>: png file BoostDYEE_SS_0e_tight_punum_plot.png has been created
Info in <TCanvas::Print>: png file BoostDYEE_SS_0e_tight_jetnum_plot.png has been created
Info in <TCanvas::Print>: png file BoostDYMM_OS_tight_mlljj_plot.png has been created
Info in <TCanvas::Print>: png file BoostDYMM_OS_tight_dilepton_mass_plot.png has been created
Info in <TCanvas::Print>: png file BoostDYMM_OS_tight_leading_fatjet_pt_plot.png has been created
Info in <TCanvas::Print>: png file BoostDYMM_OS_tight_leading_lep_pt_plot.png has been created
Info in <TCanvas::Print>: png file BoostDYMM_OS_tight_subleading_lep_pt_plot.png has been created
THStack::BuildStack:0: RuntimeWarning: Histograms with a negative minimum may produce wrong plots
Info in <TCanvas::Print>: png file BoostDYMM_OS_tight_dilepton_pt_plot.png has been created
THStack::BuildStack:0: RuntimeWarning: Histograms with a negative minimum may produce wrong plots
Info in <TCanvas::Print>: png file BoostDYMM_OS_tight_dilepton_eta_plot.png has been created
Info in <TCanvas::Print>: png file BoostDYMM_OS_tight_dilepton_phi_plot.png has been created
Info in <TCanvas::Print>: png file BoostDYMM_OS_tight_fatjet_eta_plot.png has been created
Info in <TCanvas::Print>: png file BoostDYMM_OS_tight_fatjet_phi_plot.png has been created
Info in <TCanvas::Print>: png file BoostDYMM_OS_tight_fatjet_SDM_plot.png has been created
Info in <TCanvas::Print>: png file BoostDYMM_OS_tight_WR_pt_plot.png has been created
Info in <TCanvas::Print>: png file BoostDYMM_OS_tight_WR_eta_plot.png has been created
Info in <TCanvas::Print>: png file BoostDYMM_OS_tight_WR_phi_plot.png has been created
Info in <TCanvas::Print>: png file BoostDYMM_OS_tight_leading_lep_eta_plot.png has been created
Info in <TCanvas::Print>: png file BoostDYMM_OS_tight_leading_lep_phi_plot.png has been created
Info in <TCanvas::Print>: png file BoostDYMM_OS_tight_subleading_lep_eta_plot.png has been created
Info in <TCanvas::Print>: png file BoostDYMM_OS_tight_subleading_lep_phi_plot.png has been created
Info in <TCanvas::Print>: png file BoostDYMM_OS_tight_fatjet_lsf3_plot.png has been created
Info in <TCanvas::Print>: png file BoostDYMM_OS_tight_deltaR_leadlep_fatjet_plot.png has been created
Info in <TCanvas::Print>: png file BoostDYMM_OS_tight_dphi_leadlep_fatjet_plot.png has been created
THStack::BuildStack:0: RuntimeWarning: Histograms with a negative minimum may produce wrong plots
Info in <TCanvas::Print>: png file BoostDYMM_OS_tight_punum_plot.png has been created
Info in <TCanvas::Print>: png file BoostDYMM_OS_tight_jetnum_plot.png has been created
Info in <TCanvas::Print>: png file BoostDYMM_OS_not_tight_mlljj_plot.png has been created
Info in <TCanvas::Print>: png file BoostDYMM_OS_not_tight_dilepton_mass_plot.png has been created
Info in <TCanvas::Print>: png file BoostDYMM_OS_not_tight_leading_fatjet_pt_plot.png has been created
Info in <TCanvas::Print>: png file BoostDYMM_OS_not_tight_leading_lep_pt_plot.png has been created
Info in <TCanvas::Print>: png file BoostDYMM_OS_not_tight_subleading_lep_pt_plot.png has been created
Info in <TCanvas::Print>: png file BoostDYMM_OS_not_tight_dilepton_pt_plot.png has been created
Info in <TCanvas::Print>: png file BoostDYMM_OS_not_tight_dilepton_eta_plot.png has been created
Info in <TCanvas::Print>: png file BoostDYMM_OS_not_tight_dilepton_phi_plot.png has been created
Info in <TCanvas::Print>: png file BoostDYMM_OS_not_tight_fatjet_eta_plot.png has been created
Info in <TCanvas::Print>: png file BoostDYMM_OS_not_tight_fatjet_phi_plot.png has been created
Info in <TCanvas::Print>: png file BoostDYMM_OS_not_tight_fatjet_SDM_plot.png has been created
Info in <TCanvas::Print>: png file BoostDYMM_OS_not_tight_WR_pt_plot.png has been created
Info in <TCanvas::Print>: png file BoostDYMM_OS_not_tight_WR_eta_plot.png has been created
Info in <TCanvas::Print>: png file BoostDYMM_OS_not_tight_WR_phi_plot.png has been created
Info in <TCanvas::Print>: png file BoostDYMM_OS_not_tight_leading_lep_eta_plot.png has been created
Info in <TCanvas::Print>: png file BoostDYMM_OS_not_tight_leading_lep_phi_plot.png has been created
Info in <TCanvas::Print>: png file BoostDYMM_OS_not_tight_subleading_lep_eta_plot.png has been created
Info in <TCanvas::Print>: png file BoostDYMM_OS_not_tight_subleading_lep_phi_plot.png has been created
Info in <TCanvas::Print>: png file BoostDYMM_OS_not_tight_fatjet_lsf3_plot.png has been created
Info in <TCanvas::Print>: png file BoostDYMM_OS_not_tight_deltaR_leadlep_fatjet_plot.png has been created
Info in <TCanvas::Print>: png file BoostDYMM_OS_not_tight_dphi_leadlep_fatjet_plot.png has been created
Info in <TCanvas::Print>: png file BoostDYMM_OS_not_tight_punum_plot.png has been created
Info in <TCanvas::Print>: png file BoostDYMM_OS_not_tight_jetnum_plot.png has been created
Info in <TCanvas::Print>: png file BoostDYMM_SS_tight_mlljj_plot.png has been created
Info in <TCanvas::Print>: png file BoostDYMM_SS_tight_dilepton_mass_plot.png has been created
Info in <TCanvas::Print>: png file BoostDYMM_SS_tight_leading_fatjet_pt_plot.png has been created
Info in <TCanvas::Print>: png file BoostDYMM_SS_tight_leading_lep_pt_plot.png has been created
Info in <TCanvas::Print>: png file BoostDYMM_SS_tight_subleading_lep_pt_plot.png has been created
Info in <TCanvas::Print>: png file BoostDYMM_SS_tight_dilepton_pt_plot.png has been created
Info in <TCanvas::Print>: png file BoostDYMM_SS_tight_dilepton_eta_plot.png has been created
Info in <TCanvas::Print>: png file BoostDYMM_SS_tight_dilepton_phi_plot.png has been created
THStack::BuildStack:0: RuntimeWarning: Histograms with a negative minimum may produce wrong plots
Info in <TCanvas::Print>: png file BoostDYMM_SS_tight_fatjet_eta_plot.png has been created
THStack::BuildStack:0: RuntimeWarning: Histograms with a negative minimum may produce wrong plots
Info in <TCanvas::Print>: png file BoostDYMM_SS_tight_fatjet_phi_plot.png has been created
Info in <TCanvas::Print>: png file BoostDYMM_SS_tight_fatjet_SDM_plot.png has been created
Info in <TCanvas::Print>: png file BoostDYMM_SS_tight_WR_pt_plot.png has been created
Info in <TCanvas::Print>: png file BoostDYMM_SS_tight_WR_eta_plot.png has been created
Info in <TCanvas::Print>: png file BoostDYMM_SS_tight_WR_phi_plot.png has been created
Info in <TCanvas::Print>: png file BoostDYMM_SS_tight_leading_lep_eta_plot.png has been created
THStack::BuildStack:0: RuntimeWarning: Histograms with a negative minimum may produce wrong plots
Info in <TCanvas::Print>: png file BoostDYMM_SS_tight_leading_lep_phi_plot.png has been created
THStack::BuildStack:0: RuntimeWarning: Histograms with a negative minimum may produce wrong plots
Info in <TCanvas::Print>: png file BoostDYMM_SS_tight_subleading_lep_eta_plot.png has been created
Info in <TCanvas::Print>: png file BoostDYMM_SS_tight_subleading_lep_phi_plot.png has been created
THStack::BuildStack:0: RuntimeWarning: Histograms with a negative minimum may produce wrong plots
Info in <TCanvas::Print>: png file BoostDYMM_SS_tight_fatjet_lsf3_plot.png has been created
Info in <TCanvas::Print>: png file BoostDYMM_SS_tight_deltaR_leadlep_fatjet_plot.png has been created
Info in <TCanvas::Print>: png file BoostDYMM_SS_tight_dphi_leadlep_fatjet_plot.png has been created
Info in <TCanvas::Print>: png file BoostDYMM_SS_tight_punum_plot.png has been created
Info in <TCanvas::Print>: png file BoostDYMM_SS_tight_jetnum_plot.png has been created
Info in <TCanvas::Print>: png file BoostDYMM_SS_not_tight_mlljj_plot.png has been created
Info in <TCanvas::Print>: png file BoostDYMM_SS_not_tight_dilepton_mass_plot.png has been created
Info in <TCanvas::Print>: png file BoostDYMM_SS_not_tight_leading_fatjet_pt_plot.png has been created
Info in <TCanvas::Print>: png file BoostDYMM_SS_not_tight_leading_lep_pt_plot.png has been created
Info in <TCanvas::Print>: png file BoostDYMM_SS_not_tight_subleading_lep_pt_plot.png has been created
Info in <TCanvas::Print>: png file BoostDYMM_SS_not_tight_dilepton_pt_plot.png has been created
Info in <TCanvas::Print>: png file BoostDYMM_SS_not_tight_dilepton_eta_plot.png has been created
Info in <TCanvas::Print>: png file BoostDYMM_SS_not_tight_dilepton_phi_plot.png has been created
Info in <TCanvas::Print>: png file BoostDYMM_SS_not_tight_fatjet_eta_plot.png has been created
Info in <TCanvas::Print>: png file BoostDYMM_SS_not_tight_fatjet_phi_plot.png has been created
Info in <TCanvas::Print>: png file BoostDYMM_SS_not_tight_fatjet_SDM_plot.png has been created
Info in <TCanvas::Print>: png file BoostDYMM_SS_not_tight_WR_pt_plot.png has been created
Info in <TCanvas::Print>: png file BoostDYMM_SS_not_tight_WR_eta_plot.png has been created
Info in <TCanvas::Print>: png file BoostDYMM_SS_not_tight_WR_phi_plot.png has been created
Info in <TCanvas::Print>: png file BoostDYMM_SS_not_tight_leading_lep_eta_plot.png has been created
Info in <TCanvas::Print>: png file BoostDYMM_SS_not_tight_leading_lep_phi_plot.png has been created
Info in <TCanvas::Print>: png file BoostDYMM_SS_not_tight_subleading_lep_eta_plot.png has been created
Info in <TCanvas::Print>: png file BoostDYMM_SS_not_tight_subleading_lep_phi_plot.png has been created
Info in <TCanvas::Print>: png file BoostDYMM_SS_not_tight_fatjet_lsf3_plot.png has been created
Info in <TCanvas::Print>: png file BoostDYMM_SS_not_tight_deltaR_leadlep_fatjet_plot.png has been created
Info in <TCanvas::Print>: png file BoostDYMM_SS_not_tight_dphi_leadlep_fatjet_plot.png has been created
Info in <TCanvas::Print>: png file BoostDYMM_SS_not_tight_punum_plot.png has been created
Info in <TCanvas::Print>: png file BoostDYMM_SS_not_tight_jetnum_plot.png has been created
