THStack::BuildStack:0: RuntimeWarning: Histograms with a negative minimum may produce wrong plots
Info in <TCanvas::Print>: png file BoostFLVEMJ_OS_M_tight_E_tight_mlljj_plot.png has been created
THStack::BuildStack:0: RuntimeWarning: Histograms with a negative minimum may produce wrong plots
THStack::BuildStack:0: RuntimeWarning: Histograms with a negative minimum may produce wrong plots
Info in <TCanvas::Print>: png file BoostFLVEMJ_OS_M_tight_E_tight_dilepton_pt_plot.png has been created
Info in <TCanvas::Print>: png file BoostFLVEMJ_OS_M_tight_E_tight_leading_fatjet_pt_plot.png has been created
THStack::BuildStack:0: RuntimeWarning: Histograms with a negative minimum may produce wrong plots
THStack::BuildStack:0: RuntimeWarning: Histograms with a negative minimum may produce wrong plots
THStack::BuildStack:0: RuntimeWarning: Histograms with a negative minimum may produce wrong plots
Info in <TCanvas::Print>: png file BoostFLVEMJ_OS_M_tight_E_tight_leading_lep_pt_plot.png has been created
THStack::BuildStack:0: RuntimeWarning: Histograms with a negative minimum may produce wrong plots
THStack::BuildStack:0: RuntimeWarning: Histograms with a negative minimum may produce wrong plots
Info in <TCanvas::Print>: png file BoostFLVEMJ_OS_M_tight_E_tight_subleading_lep_pt_plot.png has been created
Info in <TCanvas::Print>: png file BoostFLVEMJ_OS_M_tight_E_tight_fatjet_SDMass_plot.png has been created
THStack::BuildStack:0: RuntimeWarning: Histograms with a negative minimum may produce wrong plots
THStack::BuildStack:0: RuntimeWarning: Histograms with a negative minimum may produce wrong plots
THStack::BuildStack:0: RuntimeWarning: Histograms with a negative minimum may produce wrong plots
Info in <TCanvas::Print>: png file BoostFLVEMJ_OS_M_tight_E_tight_fatjet_pt_plot.png has been created
THStack::BuildStack:0: RuntimeWarning: Histograms with a negative minimum may produce wrong plots
THStack::BuildStack:0: RuntimeWarning: Histograms with a negative minimum may produce wrong plots
Info in <TCanvas::Print>: png file BoostFLVEMJ_OS_M_tight_E_tight_leading_lep_eta_plot.png has been created
Info in <TCanvas::Print>: png file BoostFLVEMJ_OS_M_tight_E_tight_subleading_lep_eta_plot.png has been created
Info in <TCanvas::Print>: png file BoostFLVEMJ_OS_M_tight_E_tight_fatjet_eta_plot.png has been created
Info in <TCanvas::Print>: png file BoostFLVEMJ_OS_M_tight_E_tight_fatjet_phi_plot.png has been created
Info in <TCanvas::Print>: png file BoostFLVEMJ_OS_M_tight_E_tight_deltaR_leadlep_fatjet_plot.png has been created
Info in <TCanvas::Print>: png file BoostFLVEMJ_OS_M_tight_E_tight_leadlep_lsf_plot.png has been created
THStack::BuildStack:0: RuntimeWarning: Histograms with a negative minimum may produce wrong plots
THStack::BuildStack:0: RuntimeWarning: Histograms with a negative minimum may produce wrong plots
THStack::BuildStack:0: RuntimeWarning: Histograms with a negative minimum may produce wrong plots
Info in <TCanvas::Print>: png file BoostFLVEMJ_OS_M_tight_E_tight_mll_plot.png has been created
Info in <TCanvas::Print>: png file BoostFLVEMJ_OS_M_tight_E_tight_dilepton_mass_plot.png has been created
Info in <TCanvas::Print>: png file BoostFLVEMJ_OS_M_tight_E_tight_dilepton_eta_plot.png has been created
Info in <TCanvas::Print>: png file BoostFLVEMJ_OS_M_tight_E_tight_dilepton_phi_plot.png has been created
THStack::BuildStack:0: RuntimeWarning: Histograms with a negative minimum may produce wrong plots
THStack::BuildStack:0: RuntimeWarning: Histograms with a negative minimum may produce wrong plots
THStack::BuildStack:0: RuntimeWarning: Histograms with a negative minimum may produce wrong plots
Info in <TCanvas::Print>: png file BoostFLVEMJ_OS_M_tight_E_tight_WR_pt_plot.png has been created
Info in <TCanvas::Print>: png file BoostFLVEMJ_OS_M_tight_E_tight_WR_eta_plot.png has been created
Info in <TCanvas::Print>: png file BoostFLVEMJ_OS_M_tight_E_tight_WR_phi_plot.png has been created
Info in <TCanvas::Print>: png file BoostFLVEMJ_OS_M_tight_E_tight_leading_lep_phi_plot.png has been created
Info in <TCanvas::Print>: png file BoostFLVEMJ_OS_M_tight_E_tight_subleading_lep_phi_plot.png has been created
Info in <TCanvas::Print>: png file BoostFLVEMJ_OS_M_tight_E_tight_fatjet_lsf3_plot.png has been created
THStack::BuildStack:0: RuntimeWarning: Histograms with a negative minimum may produce wrong plots
Info in <TCanvas::Print>: png file BoostFLVEMJ_OS_M_tight_E_tight_dphi_leadlep_fatjet_plot.png has been created
Info in <TCanvas::Print>: png file BoostFLVEMJ_OS_M_tight_E_tight_punum_plot.png has been created
Info in <TCanvas::Print>: png file BoostFLVEMJ_OS_M_tight_E_tight_jetnum_plot.png has been created
THStack::BuildStack:0: RuntimeWarning: Histograms with a negative minimum may produce wrong plots
Info in <TCanvas::Print>: png file BoostFLVEMJ_OS_M_tight_E_not_tight_mlljj_plot.png has been created
THStack::BuildStack:0: RuntimeWarning: Histograms with a negative minimum may produce wrong plots
Info in <TCanvas::Print>: png file BoostFLVEMJ_OS_M_tight_E_not_tight_dilepton_pt_plot.png has been created
Info in <TCanvas::Print>: png file BoostFLVEMJ_OS_M_tight_E_not_tight_leading_fatjet_pt_plot.png has been created
THStack::BuildStack:0: RuntimeWarning: Histograms with a negative minimum may produce wrong plots
THStack::BuildStack:0: RuntimeWarning: Histograms with a negative minimum may produce wrong plots
THStack::BuildStack:0: RuntimeWarning: Histograms with a negative minimum may produce wrong plots
Info in <TCanvas::Print>: png file BoostFLVEMJ_OS_M_tight_E_not_tight_leading_lep_pt_plot.png has been created
THStack::BuildStack:0: RuntimeWarning: Histograms with a negative minimum may produce wrong plots
Info in <TCanvas::Print>: png file BoostFLVEMJ_OS_M_tight_E_not_tight_subleading_lep_pt_plot.png has been created
THStack::BuildStack:0: RuntimeWarning: Histograms with a negative minimum may produce wrong plots
THStack::BuildStack:0: RuntimeWarning: Histograms with a negative minimum may produce wrong plots
Info in <TCanvas::Print>: png file BoostFLVEMJ_OS_M_tight_E_not_tight_fatjet_SDMass_plot.png has been created
THStack::BuildStack:0: RuntimeWarning: Histograms with a negative minimum may produce wrong plots
THStack::BuildStack:0: RuntimeWarning: Histograms with a negative minimum may produce wrong plots
THStack::BuildStack:0: RuntimeWarning: Histograms with a negative minimum may produce wrong plots
Info in <TCanvas::Print>: png file BoostFLVEMJ_OS_M_tight_E_not_tight_fatjet_pt_plot.png has been created
Info in <TCanvas::Print>: png file BoostFLVEMJ_OS_M_tight_E_not_tight_leading_lep_eta_plot.png has been created
THStack::BuildStack:0: RuntimeWarning: Histograms with a negative minimum may produce wrong plots
Info in <TCanvas::Print>: png file BoostFLVEMJ_OS_M_tight_E_not_tight_subleading_lep_eta_plot.png has been created
Info in <TCanvas::Print>: png file BoostFLVEMJ_OS_M_tight_E_not_tight_fatjet_eta_plot.png has been created
THStack::BuildStack:0: RuntimeWarning: Histograms with a negative minimum may produce wrong plots
THStack::BuildStack:0: RuntimeWarning: Histograms with a negative minimum may produce wrong plots
Info in <TCanvas::Print>: png file BoostFLVEMJ_OS_M_tight_E_not_tight_fatjet_phi_plot.png has been created
THStack::BuildStack:0: RuntimeWarning: Histograms with a negative minimum may produce wrong plots
Info in <TCanvas::Print>: png file BoostFLVEMJ_OS_M_tight_E_not_tight_deltaR_leadlep_fatjet_plot.png has been created
Info in <TCanvas::Print>: png file BoostFLVEMJ_OS_M_tight_E_not_tight_leadlep_lsf_plot.png has been created
THStack::BuildStack:0: RuntimeWarning: Histograms with a negative minimum may produce wrong plots
THStack::BuildStack:0: RuntimeWarning: Histograms with a negative minimum may produce wrong plots
Info in <TCanvas::Print>: png file BoostFLVEMJ_OS_M_tight_E_not_tight_mll_plot.png has been created
THStack::BuildStack:0: RuntimeWarning: Histograms with a negative minimum may produce wrong plots
Info in <TCanvas::Print>: png file BoostFLVEMJ_OS_M_tight_E_not_tight_dilepton_mass_plot.png has been created
Info in <TCanvas::Print>: png file BoostFLVEMJ_OS_M_tight_E_not_tight_dilepton_eta_plot.png has been created
THStack::BuildStack:0: RuntimeWarning: Histograms with a negative minimum may produce wrong plots
Info in <TCanvas::Print>: png file BoostFLVEMJ_OS_M_tight_E_not_tight_dilepton_phi_plot.png has been created
THStack::BuildStack:0: RuntimeWarning: Histograms with a negative minimum may produce wrong plots
THStack::BuildStack:0: RuntimeWarning: Histograms with a negative minimum may produce wrong plots
THStack::BuildStack:0: RuntimeWarning: Histograms with a negative minimum may produce wrong plots
Info in <TCanvas::Print>: png file BoostFLVEMJ_OS_M_tight_E_not_tight_WR_pt_plot.png has been created
Info in <TCanvas::Print>: png file BoostFLVEMJ_OS_M_tight_E_not_tight_WR_eta_plot.png has been created
THStack::BuildStack:0: RuntimeWarning: Histograms with a negative minimum may produce wrong plots
Info in <TCanvas::Print>: png file BoostFLVEMJ_OS_M_tight_E_not_tight_WR_phi_plot.png has been created
THStack::BuildStack:0: RuntimeWarning: Histograms with a negative minimum may produce wrong plots
Info in <TCanvas::Print>: png file BoostFLVEMJ_OS_M_tight_E_not_tight_leading_lep_phi_plot.png has been created
THStack::BuildStack:0: RuntimeWarning: Histograms with a negative minimum may produce wrong plots
THStack::BuildStack:0: RuntimeWarning: Histograms with a negative minimum may produce wrong plots
Info in <TCanvas::Print>: png file BoostFLVEMJ_OS_M_tight_E_not_tight_subleading_lep_phi_plot.png has been created
Info in <TCanvas::Print>: png file BoostFLVEMJ_OS_M_tight_E_not_tight_fatjet_lsf3_plot.png has been created
THStack::BuildStack:0: RuntimeWarning: Histograms with a negative minimum may produce wrong plots
THStack::BuildStack:0: RuntimeWarning: Histograms with a negative minimum may produce wrong plots
Info in <TCanvas::Print>: png file BoostFLVEMJ_OS_M_tight_E_not_tight_dphi_leadlep_fatjet_plot.png has been created
Info in <TCanvas::Print>: png file BoostFLVEMJ_OS_M_tight_E_not_tight_punum_plot.png has been created
THStack::BuildStack:0: RuntimeWarning: Histograms with a negative minimum may produce wrong plots
Info in <TCanvas::Print>: png file BoostFLVEMJ_OS_M_tight_E_not_tight_jetnum_plot.png has been created
Info in <TCanvas::Print>: png file BoostFLVEMJ_OS_M_not_tight_E_tight_mlljj_plot.png has been created
Info in <TCanvas::Print>: png file BoostFLVEMJ_OS_M_not_tight_E_tight_dilepton_pt_plot.png has been created
Info in <TCanvas::Print>: png file BoostFLVEMJ_OS_M_not_tight_E_tight_leading_fatjet_pt_plot.png has been created
Info in <TCanvas::Print>: png file BoostFLVEMJ_OS_M_not_tight_E_tight_leading_lep_pt_plot.png has been created
Info in <TCanvas::Print>: png file BoostFLVEMJ_OS_M_not_tight_E_tight_subleading_lep_pt_plot.png has been created
Info in <TCanvas::Print>: png file BoostFLVEMJ_OS_M_not_tight_E_tight_fatjet_SDMass_plot.png has been created
Info in <TCanvas::Print>: png file BoostFLVEMJ_OS_M_not_tight_E_tight_fatjet_pt_plot.png has been created
Info in <TCanvas::Print>: png file BoostFLVEMJ_OS_M_not_tight_E_tight_leading_lep_eta_plot.png has been created
Info in <TCanvas::Print>: png file BoostFLVEMJ_OS_M_not_tight_E_tight_subleading_lep_eta_plot.png has been created
Info in <TCanvas::Print>: png file BoostFLVEMJ_OS_M_not_tight_E_tight_fatjet_eta_plot.png has been created
Info in <TCanvas::Print>: png file BoostFLVEMJ_OS_M_not_tight_E_tight_fatjet_phi_plot.png has been created
Info in <TCanvas::Print>: png file BoostFLVEMJ_OS_M_not_tight_E_tight_deltaR_leadlep_fatjet_plot.png has been created
Info in <TCanvas::Print>: png file BoostFLVEMJ_OS_M_not_tight_E_tight_leadlep_lsf_plot.png has been created
Info in <TCanvas::Print>: png file BoostFLVEMJ_OS_M_not_tight_E_tight_mll_plot.png has been created
Info in <TCanvas::Print>: png file BoostFLVEMJ_OS_M_not_tight_E_tight_dilepton_mass_plot.png has been created
Info in <TCanvas::Print>: png file BoostFLVEMJ_OS_M_not_tight_E_tight_dilepton_eta_plot.png has been created
Info in <TCanvas::Print>: png file BoostFLVEMJ_OS_M_not_tight_E_tight_dilepton_phi_plot.png has been created
Info in <TCanvas::Print>: png file BoostFLVEMJ_OS_M_not_tight_E_tight_WR_pt_plot.png has been created
Info in <TCanvas::Print>: png file BoostFLVEMJ_OS_M_not_tight_E_tight_WR_eta_plot.png has been created
Info in <TCanvas::Print>: png file BoostFLVEMJ_OS_M_not_tight_E_tight_WR_phi_plot.png has been created
Info in <TCanvas::Print>: png file BoostFLVEMJ_OS_M_not_tight_E_tight_leading_lep_phi_plot.png has been created
Info in <TCanvas::Print>: png file BoostFLVEMJ_OS_M_not_tight_E_tight_subleading_lep_phi_plot.png has been created
Info in <TCanvas::Print>: png file BoostFLVEMJ_OS_M_not_tight_E_tight_fatjet_lsf3_plot.png has been created
Info in <TCanvas::Print>: png file BoostFLVEMJ_OS_M_not_tight_E_tight_dphi_leadlep_fatjet_plot.png has been created
Info in <TCanvas::Print>: png file BoostFLVEMJ_OS_M_not_tight_E_tight_punum_plot.png has been created
Info in <TCanvas::Print>: png file BoostFLVEMJ_OS_M_not_tight_E_tight_jetnum_plot.png has been created
Info in <TCanvas::Print>: png file BoostFLVEMJ_OS_M_not_tight_E_not_tight_mlljj_plot.png has been created
Info in <TCanvas::Print>: png file BoostFLVEMJ_OS_M_not_tight_E_not_tight_dilepton_pt_plot.png has been created
Info in <TCanvas::Print>: png file BoostFLVEMJ_OS_M_not_tight_E_not_tight_leading_fatjet_pt_plot.png has been created
Info in <TCanvas::Print>: png file BoostFLVEMJ_OS_M_not_tight_E_not_tight_leading_lep_pt_plot.png has been created
Info in <TCanvas::Print>: png file BoostFLVEMJ_OS_M_not_tight_E_not_tight_subleading_lep_pt_plot.png has been created
Info in <TCanvas::Print>: png file BoostFLVEMJ_OS_M_not_tight_E_not_tight_fatjet_SDMass_plot.png has been created
Info in <TCanvas::Print>: png file BoostFLVEMJ_OS_M_not_tight_E_not_tight_fatjet_pt_plot.png has been created
Info in <TCanvas::Print>: png file BoostFLVEMJ_OS_M_not_tight_E_not_tight_leading_lep_eta_plot.png has been created
Info in <TCanvas::Print>: png file BoostFLVEMJ_OS_M_not_tight_E_not_tight_subleading_lep_eta_plot.png has been created
Info in <TCanvas::Print>: png file BoostFLVEMJ_OS_M_not_tight_E_not_tight_fatjet_eta_plot.png has been created
Info in <TCanvas::Print>: png file BoostFLVEMJ_OS_M_not_tight_E_not_tight_fatjet_phi_plot.png has been created
Info in <TCanvas::Print>: png file BoostFLVEMJ_OS_M_not_tight_E_not_tight_deltaR_leadlep_fatjet_plot.png has been created
Info in <TCanvas::Print>: png file BoostFLVEMJ_OS_M_not_tight_E_not_tight_leadlep_lsf_plot.png has been created
Info in <TCanvas::Print>: png file BoostFLVEMJ_OS_M_not_tight_E_not_tight_mll_plot.png has been created
Info in <TCanvas::Print>: png file BoostFLVEMJ_OS_M_not_tight_E_not_tight_dilepton_mass_plot.png has been created
Info in <TCanvas::Print>: png file BoostFLVEMJ_OS_M_not_tight_E_not_tight_dilepton_eta_plot.png has been created
Info in <TCanvas::Print>: png file BoostFLVEMJ_OS_M_not_tight_E_not_tight_dilepton_phi_plot.png has been created
Info in <TCanvas::Print>: png file BoostFLVEMJ_OS_M_not_tight_E_not_tight_WR_pt_plot.png has been created
Info in <TCanvas::Print>: png file BoostFLVEMJ_OS_M_not_tight_E_not_tight_WR_eta_plot.png has been created
Info in <TCanvas::Print>: png file BoostFLVEMJ_OS_M_not_tight_E_not_tight_WR_phi_plot.png has been created
Info in <TCanvas::Print>: png file BoostFLVEMJ_OS_M_not_tight_E_not_tight_leading_lep_phi_plot.png has been created
Info in <TCanvas::Print>: png file BoostFLVEMJ_OS_M_not_tight_E_not_tight_subleading_lep_phi_plot.png has been created
Info in <TCanvas::Print>: png file BoostFLVEMJ_OS_M_not_tight_E_not_tight_fatjet_lsf3_plot.png has been created
Info in <TCanvas::Print>: png file BoostFLVEMJ_OS_M_not_tight_E_not_tight_dphi_leadlep_fatjet_plot.png has been created
Info in <TCanvas::Print>: png file BoostFLVEMJ_OS_M_not_tight_E_not_tight_punum_plot.png has been created
Info in <TCanvas::Print>: png file BoostFLVEMJ_OS_M_not_tight_E_not_tight_jetnum_plot.png has been created
THStack::BuildStack:0: RuntimeWarning: Histograms with a negative minimum may produce wrong plots
THStack::BuildStack:0: RuntimeWarning: Histograms with a negative minimum may produce wrong plots
Info in <TCanvas::Print>: png file BoostFLVEMJ_SS_tight_mlljj_plot.png has been created
THStack::BuildStack:0: RuntimeWarning: Histograms with a negative minimum may produce wrong plots
Info in <TCanvas::Print>: png file BoostFLVEMJ_SS_tight_dilepton_pt_plot.png has been created
Info in <TCanvas::Print>: png file BoostFLVEMJ_SS_tight_leading_fatjet_pt_plot.png has been created
THStack::BuildStack:0: RuntimeWarning: Histograms with a negative minimum may produce wrong plots
THStack::BuildStack:0: RuntimeWarning: Histograms with a negative minimum may produce wrong plots
THStack::BuildStack:0: RuntimeWarning: Histograms with a negative minimum may produce wrong plots
Info in <TCanvas::Print>: png file BoostFLVEMJ_SS_tight_leading_lep_pt_plot.png has been created
THStack::BuildStack:0: RuntimeWarning: Histograms with a negative minimum may produce wrong plots
THStack::BuildStack:0: RuntimeWarning: Histograms with a negative minimum may produce wrong plots
THStack::BuildStack:0: RuntimeWarning: Histograms with a negative minimum may produce wrong plots
Info in <TCanvas::Print>: png file BoostFLVEMJ_SS_tight_subleading_lep_pt_plot.png has been created
THStack::BuildStack:0: RuntimeWarning: Histograms with a negative minimum may produce wrong plots
Info in <TCanvas::Print>: png file BoostFLVEMJ_SS_tight_fatjet_SDMass_plot.png has been created
THStack::BuildStack:0: RuntimeWarning: Histograms with a negative minimum may produce wrong plots
THStack::BuildStack:0: RuntimeWarning: Histograms with a negative minimum may produce wrong plots
THStack::BuildStack:0: RuntimeWarning: Histograms with a negative minimum may produce wrong plots
Info in <TCanvas::Print>: png file BoostFLVEMJ_SS_tight_fatjet_pt_plot.png has been created
THStack::BuildStack:0: RuntimeWarning: Histograms with a negative minimum may produce wrong plots
Info in <TCanvas::Print>: png file BoostFLVEMJ_SS_tight_leading_lep_eta_plot.png has been created
THStack::BuildStack:0: RuntimeWarning: Histograms with a negative minimum may produce wrong plots
Info in <TCanvas::Print>: png file BoostFLVEMJ_SS_tight_subleading_lep_eta_plot.png has been created
THStack::BuildStack:0: RuntimeWarning: Histograms with a negative minimum may produce wrong plots
Info in <TCanvas::Print>: png file BoostFLVEMJ_SS_tight_fatjet_eta_plot.png has been created
THStack::BuildStack:0: RuntimeWarning: Histograms with a negative minimum may produce wrong plots
Info in <TCanvas::Print>: png file BoostFLVEMJ_SS_tight_fatjet_phi_plot.png has been created
THStack::BuildStack:0: RuntimeWarning: Histograms with a negative minimum may produce wrong plots
Info in <TCanvas::Print>: png file BoostFLVEMJ_SS_tight_deltaR_leadlep_fatjet_plot.png has been created
Info in <TCanvas::Print>: png file BoostFLVEMJ_SS_tight_leadlep_lsf_plot.png has been created
THStack::BuildStack:0: RuntimeWarning: Histograms with a negative minimum may produce wrong plots
THStack::BuildStack:0: RuntimeWarning: Histograms with a negative minimum may produce wrong plots
THStack::BuildStack:0: RuntimeWarning: Histograms with a negative minimum may produce wrong plots
Info in <TCanvas::Print>: png file BoostFLVEMJ_SS_tight_mll_plot.png has been created
THStack::BuildStack:0: RuntimeWarning: Histograms with a negative minimum may produce wrong plots
Info in <TCanvas::Print>: png file BoostFLVEMJ_SS_tight_dilepton_mass_plot.png has been created
THStack::BuildStack:0: RuntimeWarning: Histograms with a negative minimum may produce wrong plots
THStack::BuildStack:0: RuntimeWarning: Histograms with a negative minimum may produce wrong plots
Info in <TCanvas::Print>: png file BoostFLVEMJ_SS_tight_dilepton_eta_plot.png has been created
THStack::BuildStack:0: RuntimeWarning: Histograms with a negative minimum may produce wrong plots
Info in <TCanvas::Print>: png file BoostFLVEMJ_SS_tight_dilepton_phi_plot.png has been created
THStack::BuildStack:0: RuntimeWarning: Histograms with a negative minimum may produce wrong plots
THStack::BuildStack:0: RuntimeWarning: Histograms with a negative minimum may produce wrong plots
THStack::BuildStack:0: RuntimeWarning: Histograms with a negative minimum may produce wrong plots
Info in <TCanvas::Print>: png file BoostFLVEMJ_SS_tight_WR_pt_plot.png has been created
Info in <TCanvas::Print>: png file BoostFLVEMJ_SS_tight_WR_eta_plot.png has been created
THStack::BuildStack:0: RuntimeWarning: Histograms with a negative minimum may produce wrong plots
Info in <TCanvas::Print>: png file BoostFLVEMJ_SS_tight_WR_phi_plot.png has been created
THStack::BuildStack:0: RuntimeWarning: Histograms with a negative minimum may produce wrong plots
Info in <TCanvas::Print>: png file BoostFLVEMJ_SS_tight_leading_lep_phi_plot.png has been created
Info in <TCanvas::Print>: png file BoostFLVEMJ_SS_tight_subleading_lep_phi_plot.png has been created
Info in <TCanvas::Print>: png file BoostFLVEMJ_SS_tight_fatjet_lsf3_plot.png has been created
Info in <TCanvas::Print>: png file BoostFLVEMJ_SS_tight_dphi_leadlep_fatjet_plot.png has been created
THStack::BuildStack:0: RuntimeWarning: Histograms with a negative minimum may produce wrong plots
Info in <TCanvas::Print>: png file BoostFLVEMJ_SS_tight_punum_plot.png has been created
Info in <TCanvas::Print>: png file BoostFLVEMJ_SS_tight_jetnum_plot.png has been created
THStack::BuildStack:0: RuntimeWarning: Histograms with a negative minimum may produce wrong plots
Info in <TCanvas::Print>: png file BoostFLVMEJ_OS_M_tight_E_tight_mlljj_plot.png has been created
THStack::BuildStack:0: RuntimeWarning: Histograms with a negative minimum may produce wrong plots
Info in <TCanvas::Print>: png file BoostFLVMEJ_OS_M_tight_E_tight_dilepton_pt_plot.png has been created
Info in <TCanvas::Print>: png file BoostFLVMEJ_OS_M_tight_E_tight_leading_fatjet_pt_plot.png has been created
THStack::BuildStack:0: RuntimeWarning: Histograms with a negative minimum may produce wrong plots
THStack::BuildStack:0: RuntimeWarning: Histograms with a negative minimum may produce wrong plots
Info in <TCanvas::Print>: png file BoostFLVMEJ_OS_M_tight_E_tight_leading_lep_pt_plot.png has been created
THStack::BuildStack:0: RuntimeWarning: Histograms with a negative minimum may produce wrong plots
Info in <TCanvas::Print>: png file BoostFLVMEJ_OS_M_tight_E_tight_subleading_lep_pt_plot.png has been created
Info in <TCanvas::Print>: png file BoostFLVMEJ_OS_M_tight_E_tight_fatjet_SDMass_plot.png has been created
THStack::BuildStack:0: RuntimeWarning: Histograms with a negative minimum may produce wrong plots
THStack::BuildStack:0: RuntimeWarning: Histograms with a negative minimum may produce wrong plots
THStack::BuildStack:0: RuntimeWarning: Histograms with a negative minimum may produce wrong plots
Info in <TCanvas::Print>: png file BoostFLVMEJ_OS_M_tight_E_tight_fatjet_pt_plot.png has been created
Info in <TCanvas::Print>: png file BoostFLVMEJ_OS_M_tight_E_tight_leading_lep_eta_plot.png has been created
Info in <TCanvas::Print>: png file BoostFLVMEJ_OS_M_tight_E_tight_subleading_lep_eta_plot.png has been created
Info in <TCanvas::Print>: png file BoostFLVMEJ_OS_M_tight_E_tight_fatjet_eta_plot.png has been created
Info in <TCanvas::Print>: png file BoostFLVMEJ_OS_M_tight_E_tight_fatjet_phi_plot.png has been created
Info in <TCanvas::Print>: png file BoostFLVMEJ_OS_M_tight_E_tight_deltaR_leadlep_fatjet_plot.png has been created
Info in <TCanvas::Print>: png file BoostFLVMEJ_OS_M_tight_E_tight_leadlep_lsf_plot.png has been created
THStack::BuildStack:0: RuntimeWarning: Histograms with a negative minimum may produce wrong plots
THStack::BuildStack:0: RuntimeWarning: Histograms with a negative minimum may produce wrong plots
Info in <TCanvas::Print>: png file BoostFLVMEJ_OS_M_tight_E_tight_mll_plot.png has been created
Info in <TCanvas::Print>: png file BoostFLVMEJ_OS_M_tight_E_tight_dilepton_mass_plot.png has been created
Info in <TCanvas::Print>: png file BoostFLVMEJ_OS_M_tight_E_tight_dilepton_eta_plot.png has been created
Info in <TCanvas::Print>: png file BoostFLVMEJ_OS_M_tight_E_tight_dilepton_phi_plot.png has been created
THStack::BuildStack:0: RuntimeWarning: Histograms with a negative minimum may produce wrong plots
THStack::BuildStack:0: RuntimeWarning: Histograms with a negative minimum may produce wrong plots
THStack::BuildStack:0: RuntimeWarning: Histograms with a negative minimum may produce wrong plots
Info in <TCanvas::Print>: png file BoostFLVMEJ_OS_M_tight_E_tight_WR_pt_plot.png has been created
Info in <TCanvas::Print>: png file BoostFLVMEJ_OS_M_tight_E_tight_WR_eta_plot.png has been created
Info in <TCanvas::Print>: png file BoostFLVMEJ_OS_M_tight_E_tight_WR_phi_plot.png has been created
Info in <TCanvas::Print>: png file BoostFLVMEJ_OS_M_tight_E_tight_leading_lep_phi_plot.png has been created
Info in <TCanvas::Print>: png file BoostFLVMEJ_OS_M_tight_E_tight_subleading_lep_phi_plot.png has been created
Info in <TCanvas::Print>: png file BoostFLVMEJ_OS_M_tight_E_tight_fatjet_lsf3_plot.png has been created
Info in <TCanvas::Print>: png file BoostFLVMEJ_OS_M_tight_E_tight_dphi_leadlep_fatjet_plot.png has been created
Info in <TCanvas::Print>: png file BoostFLVMEJ_OS_M_tight_E_tight_punum_plot.png has been created
Info in <TCanvas::Print>: png file BoostFLVMEJ_OS_M_tight_E_tight_jetnum_plot.png has been created
THStack::BuildStack:0: RuntimeWarning: Histograms with a negative minimum may produce wrong plots
Info in <TCanvas::Print>: png file BoostFLVMEJ_OS_M_tight_E_not_tight_mlljj_plot.png has been created
Info in <TCanvas::Print>: png file BoostFLVMEJ_OS_M_tight_E_not_tight_dilepton_pt_plot.png has been created
Info in <TCanvas::Print>: png file BoostFLVMEJ_OS_M_tight_E_not_tight_leading_fatjet_pt_plot.png has been created
THStack::BuildStack:0: RuntimeWarning: Histograms with a negative minimum may produce wrong plots
THStack::BuildStack:0: RuntimeWarning: Histograms with a negative minimum may produce wrong plots
Info in <TCanvas::Print>: png file BoostFLVMEJ_OS_M_tight_E_not_tight_leading_lep_pt_plot.png has been created
THStack::BuildStack:0: RuntimeWarning: Histograms with a negative minimum may produce wrong plots
Info in <TCanvas::Print>: png file BoostFLVMEJ_OS_M_tight_E_not_tight_subleading_lep_pt_plot.png has been created
Info in <TCanvas::Print>: png file BoostFLVMEJ_OS_M_tight_E_not_tight_fatjet_SDMass_plot.png has been created
THStack::BuildStack:0: RuntimeWarning: Histograms with a negative minimum may produce wrong plots
THStack::BuildStack:0: RuntimeWarning: Histograms with a negative minimum may produce wrong plots
Info in <TCanvas::Print>: png file BoostFLVMEJ_OS_M_tight_E_not_tight_fatjet_pt_plot.png has been created
Info in <TCanvas::Print>: png file BoostFLVMEJ_OS_M_tight_E_not_tight_leading_lep_eta_plot.png has been created
Info in <TCanvas::Print>: png file BoostFLVMEJ_OS_M_tight_E_not_tight_subleading_lep_eta_plot.png has been created
Info in <TCanvas::Print>: png file BoostFLVMEJ_OS_M_tight_E_not_tight_fatjet_eta_plot.png has been created
Info in <TCanvas::Print>: png file BoostFLVMEJ_OS_M_tight_E_not_tight_fatjet_phi_plot.png has been created
Info in <TCanvas::Print>: png file BoostFLVMEJ_OS_M_tight_E_not_tight_deltaR_leadlep_fatjet_plot.png has been created
Info in <TCanvas::Print>: png file BoostFLVMEJ_OS_M_tight_E_not_tight_leadlep_lsf_plot.png has been created
THStack::BuildStack:0: RuntimeWarning: Histograms with a negative minimum may produce wrong plots
THStack::BuildStack:0: RuntimeWarning: Histograms with a negative minimum may produce wrong plots
Info in <TCanvas::Print>: png file BoostFLVMEJ_OS_M_tight_E_not_tight_mll_plot.png has been created
Info in <TCanvas::Print>: png file BoostFLVMEJ_OS_M_tight_E_not_tight_dilepton_mass_plot.png has been created
Info in <TCanvas::Print>: png file BoostFLVMEJ_OS_M_tight_E_not_tight_dilepton_eta_plot.png has been created
Info in <TCanvas::Print>: png file BoostFLVMEJ_OS_M_tight_E_not_tight_dilepton_phi_plot.png has been created
THStack::BuildStack:0: RuntimeWarning: Histograms with a negative minimum may produce wrong plots
THStack::BuildStack:0: RuntimeWarning: Histograms with a negative minimum may produce wrong plots
Info in <TCanvas::Print>: png file BoostFLVMEJ_OS_M_tight_E_not_tight_WR_pt_plot.png has been created
Info in <TCanvas::Print>: png file BoostFLVMEJ_OS_M_tight_E_not_tight_WR_eta_plot.png has been created
Info in <TCanvas::Print>: png file BoostFLVMEJ_OS_M_tight_E_not_tight_WR_phi_plot.png has been created
Info in <TCanvas::Print>: png file BoostFLVMEJ_OS_M_tight_E_not_tight_leading_lep_phi_plot.png has been created
Info in <TCanvas::Print>: png file BoostFLVMEJ_OS_M_tight_E_not_tight_subleading_lep_phi_plot.png has been created
Info in <TCanvas::Print>: png file BoostFLVMEJ_OS_M_tight_E_not_tight_fatjet_lsf3_plot.png has been created
Info in <TCanvas::Print>: png file BoostFLVMEJ_OS_M_tight_E_not_tight_dphi_leadlep_fatjet_plot.png has been created
Info in <TCanvas::Print>: png file BoostFLVMEJ_OS_M_tight_E_not_tight_punum_plot.png has been created
Info in <TCanvas::Print>: png file BoostFLVMEJ_OS_M_tight_E_not_tight_jetnum_plot.png has been created
Info in <TCanvas::Print>: png file BoostFLVMEJ_OS_M_not_tight_E_tight_mlljj_plot.png has been created
Info in <TCanvas::Print>: png file BoostFLVMEJ_OS_M_not_tight_E_tight_dilepton_pt_plot.png has been created
Info in <TCanvas::Print>: png file BoostFLVMEJ_OS_M_not_tight_E_tight_leading_fatjet_pt_plot.png has been created
Info in <TCanvas::Print>: png file BoostFLVMEJ_OS_M_not_tight_E_tight_leading_lep_pt_plot.png has been created
Info in <TCanvas::Print>: png file BoostFLVMEJ_OS_M_not_tight_E_tight_subleading_lep_pt_plot.png has been created
Info in <TCanvas::Print>: png file BoostFLVMEJ_OS_M_not_tight_E_tight_fatjet_SDMass_plot.png has been created
Info in <TCanvas::Print>: png file BoostFLVMEJ_OS_M_not_tight_E_tight_fatjet_pt_plot.png has been created
Info in <TCanvas::Print>: png file BoostFLVMEJ_OS_M_not_tight_E_tight_leading_lep_eta_plot.png has been created
Info in <TCanvas::Print>: png file BoostFLVMEJ_OS_M_not_tight_E_tight_subleading_lep_eta_plot.png has been created
Info in <TCanvas::Print>: png file BoostFLVMEJ_OS_M_not_tight_E_tight_fatjet_eta_plot.png has been created
Info in <TCanvas::Print>: png file BoostFLVMEJ_OS_M_not_tight_E_tight_fatjet_phi_plot.png has been created
Info in <TCanvas::Print>: png file BoostFLVMEJ_OS_M_not_tight_E_tight_deltaR_leadlep_fatjet_plot.png has been created
Info in <TCanvas::Print>: png file BoostFLVMEJ_OS_M_not_tight_E_tight_leadlep_lsf_plot.png has been created
Info in <TCanvas::Print>: png file BoostFLVMEJ_OS_M_not_tight_E_tight_mll_plot.png has been created
Info in <TCanvas::Print>: png file BoostFLVMEJ_OS_M_not_tight_E_tight_dilepton_mass_plot.png has been created
Info in <TCanvas::Print>: png file BoostFLVMEJ_OS_M_not_tight_E_tight_dilepton_eta_plot.png has been created
Info in <TCanvas::Print>: png file BoostFLVMEJ_OS_M_not_tight_E_tight_dilepton_phi_plot.png has been created
Info in <TCanvas::Print>: png file BoostFLVMEJ_OS_M_not_tight_E_tight_WR_pt_plot.png has been created
Info in <TCanvas::Print>: png file BoostFLVMEJ_OS_M_not_tight_E_tight_WR_eta_plot.png has been created
Info in <TCanvas::Print>: png file BoostFLVMEJ_OS_M_not_tight_E_tight_WR_phi_plot.png has been created
Info in <TCanvas::Print>: png file BoostFLVMEJ_OS_M_not_tight_E_tight_leading_lep_phi_plot.png has been created
Info in <TCanvas::Print>: png file BoostFLVMEJ_OS_M_not_tight_E_tight_subleading_lep_phi_plot.png has been created
Info in <TCanvas::Print>: png file BoostFLVMEJ_OS_M_not_tight_E_tight_fatjet_lsf3_plot.png has been created
Info in <TCanvas::Print>: png file BoostFLVMEJ_OS_M_not_tight_E_tight_dphi_leadlep_fatjet_plot.png has been created
Info in <TCanvas::Print>: png file BoostFLVMEJ_OS_M_not_tight_E_tight_punum_plot.png has been created
Info in <TCanvas::Print>: png file BoostFLVMEJ_OS_M_not_tight_E_tight_jetnum_plot.png has been created
Info in <TCanvas::Print>: png file BoostFLVMEJ_OS_M_not_tight_E_not_tight_mlljj_plot.png has been created
Info in <TCanvas::Print>: png file BoostFLVMEJ_OS_M_not_tight_E_not_tight_dilepton_pt_plot.png has been created
Info in <TCanvas::Print>: png file BoostFLVMEJ_OS_M_not_tight_E_not_tight_leading_fatjet_pt_plot.png has been created
Info in <TCanvas::Print>: png file BoostFLVMEJ_OS_M_not_tight_E_not_tight_leading_lep_pt_plot.png has been created
Info in <TCanvas::Print>: png file BoostFLVMEJ_OS_M_not_tight_E_not_tight_subleading_lep_pt_plot.png has been created
Info in <TCanvas::Print>: png file BoostFLVMEJ_OS_M_not_tight_E_not_tight_fatjet_SDMass_plot.png has been created
Info in <TCanvas::Print>: png file BoostFLVMEJ_OS_M_not_tight_E_not_tight_fatjet_pt_plot.png has been created
Info in <TCanvas::Print>: png file BoostFLVMEJ_OS_M_not_tight_E_not_tight_leading_lep_eta_plot.png has been created
Info in <TCanvas::Print>: png file BoostFLVMEJ_OS_M_not_tight_E_not_tight_subleading_lep_eta_plot.png has been created
Info in <TCanvas::Print>: png file BoostFLVMEJ_OS_M_not_tight_E_not_tight_fatjet_eta_plot.png has been created
Info in <TCanvas::Print>: png file BoostFLVMEJ_OS_M_not_tight_E_not_tight_fatjet_phi_plot.png has been created
Info in <TCanvas::Print>: png file BoostFLVMEJ_OS_M_not_tight_E_not_tight_deltaR_leadlep_fatjet_plot.png has been created
Info in <TCanvas::Print>: png file BoostFLVMEJ_OS_M_not_tight_E_not_tight_leadlep_lsf_plot.png has been created
Info in <TCanvas::Print>: png file BoostFLVMEJ_OS_M_not_tight_E_not_tight_mll_plot.png has been created
Info in <TCanvas::Print>: png file BoostFLVMEJ_OS_M_not_tight_E_not_tight_dilepton_mass_plot.png has been created
Info in <TCanvas::Print>: png file BoostFLVMEJ_OS_M_not_tight_E_not_tight_dilepton_eta_plot.png has been created
Info in <TCanvas::Print>: png file BoostFLVMEJ_OS_M_not_tight_E_not_tight_dilepton_phi_plot.png has been created
Info in <TCanvas::Print>: png file BoostFLVMEJ_OS_M_not_tight_E_not_tight_WR_pt_plot.png has been created
Info in <TCanvas::Print>: png file BoostFLVMEJ_OS_M_not_tight_E_not_tight_WR_eta_plot.png has been created
Info in <TCanvas::Print>: png file BoostFLVMEJ_OS_M_not_tight_E_not_tight_WR_phi_plot.png has been created
Info in <TCanvas::Print>: png file BoostFLVMEJ_OS_M_not_tight_E_not_tight_leading_lep_phi_plot.png has been created
Info in <TCanvas::Print>: png file BoostFLVMEJ_OS_M_not_tight_E_not_tight_subleading_lep_phi_plot.png has been created
Info in <TCanvas::Print>: png file BoostFLVMEJ_OS_M_not_tight_E_not_tight_fatjet_lsf3_plot.png has been created
Info in <TCanvas::Print>: png file BoostFLVMEJ_OS_M_not_tight_E_not_tight_dphi_leadlep_fatjet_plot.png has been created
Info in <TCanvas::Print>: png file BoostFLVMEJ_OS_M_not_tight_E_not_tight_punum_plot.png has been created
Info in <TCanvas::Print>: png file BoostFLVMEJ_OS_M_not_tight_E_not_tight_jetnum_plot.png has been created
THStack::BuildStack:0: RuntimeWarning: Histograms with a negative minimum may produce wrong plots
Info in <TCanvas::Print>: png file BoostFLVMEJ_SS_M_tight_E_tight_mlljj_plot.png has been created
THStack::BuildStack:0: RuntimeWarning: Histograms with a negative minimum may produce wrong plots
Info in <TCanvas::Print>: png file BoostFLVMEJ_SS_M_tight_E_tight_dilepton_pt_plot.png has been created
Info in <TCanvas::Print>: png file BoostFLVMEJ_SS_M_tight_E_tight_leading_fatjet_pt_plot.png has been created
THStack::BuildStack:0: RuntimeWarning: Histograms with a negative minimum may produce wrong plots
THStack::BuildStack:0: RuntimeWarning: Histograms with a negative minimum may produce wrong plots
Info in <TCanvas::Print>: png file BoostFLVMEJ_SS_M_tight_E_tight_leading_lep_pt_plot.png has been created
THStack::BuildStack:0: RuntimeWarning: Histograms with a negative minimum may produce wrong plots
THStack::BuildStack:0: RuntimeWarning: Histograms with a negative minimum may produce wrong plots
Info in <TCanvas::Print>: png file BoostFLVMEJ_SS_M_tight_E_tight_subleading_lep_pt_plot.png has been created
THStack::BuildStack:0: RuntimeWarning: Histograms with a negative minimum may produce wrong plots
Info in <TCanvas::Print>: png file BoostFLVMEJ_SS_M_tight_E_tight_fatjet_SDMass_plot.png has been created
THStack::BuildStack:0: RuntimeWarning: Histograms with a negative minimum may produce wrong plots
THStack::BuildStack:0: RuntimeWarning: Histograms with a negative minimum may produce wrong plots
THStack::BuildStack:0: RuntimeWarning: Histograms with a negative minimum may produce wrong plots
Info in <TCanvas::Print>: png file BoostFLVMEJ_SS_M_tight_E_tight_fatjet_pt_plot.png has been created
THStack::BuildStack:0: RuntimeWarning: Histograms with a negative minimum may produce wrong plots
Info in <TCanvas::Print>: png file BoostFLVMEJ_SS_M_tight_E_tight_leading_lep_eta_plot.png has been created
Info in <TCanvas::Print>: png file BoostFLVMEJ_SS_M_tight_E_tight_subleading_lep_eta_plot.png has been created
Info in <TCanvas::Print>: png file BoostFLVMEJ_SS_M_tight_E_tight_fatjet_eta_plot.png has been created
THStack::BuildStack:0: RuntimeWarning: Histograms with a negative minimum may produce wrong plots
Info in <TCanvas::Print>: png file BoostFLVMEJ_SS_M_tight_E_tight_fatjet_phi_plot.png has been created
Info in <TCanvas::Print>: png file BoostFLVMEJ_SS_M_tight_E_tight_deltaR_leadlep_fatjet_plot.png has been created
Info in <TCanvas::Print>: png file BoostFLVMEJ_SS_M_tight_E_tight_leadlep_lsf_plot.png has been created
THStack::BuildStack:0: RuntimeWarning: Histograms with a negative minimum may produce wrong plots
THStack::BuildStack:0: RuntimeWarning: Histograms with a negative minimum may produce wrong plots
THStack::BuildStack:0: RuntimeWarning: Histograms with a negative minimum may produce wrong plots
Info in <TCanvas::Print>: png file BoostFLVMEJ_SS_M_tight_E_tight_mll_plot.png has been created
THStack::BuildStack:0: RuntimeWarning: Histograms with a negative minimum may produce wrong plots
Info in <TCanvas::Print>: png file BoostFLVMEJ_SS_M_tight_E_tight_dilepton_mass_plot.png has been created
THStack::BuildStack:0: RuntimeWarning: Histograms with a negative minimum may produce wrong plots
Info in <TCanvas::Print>: png file BoostFLVMEJ_SS_M_tight_E_tight_dilepton_eta_plot.png has been created
Info in <TCanvas::Print>: png file BoostFLVMEJ_SS_M_tight_E_tight_dilepton_phi_plot.png has been created
THStack::BuildStack:0: RuntimeWarning: Histograms with a negative minimum may produce wrong plots
THStack::BuildStack:0: RuntimeWarning: Histograms with a negative minimum may produce wrong plots
THStack::BuildStack:0: RuntimeWarning: Histograms with a negative minimum may produce wrong plots
Info in <TCanvas::Print>: png file BoostFLVMEJ_SS_M_tight_E_tight_WR_pt_plot.png has been created
THStack::BuildStack:0: RuntimeWarning: Histograms with a negative minimum may produce wrong plots
Info in <TCanvas::Print>: png file BoostFLVMEJ_SS_M_tight_E_tight_WR_eta_plot.png has been created
Info in <TCanvas::Print>: png file BoostFLVMEJ_SS_M_tight_E_tight_WR_phi_plot.png has been created
Info in <TCanvas::Print>: png file BoostFLVMEJ_SS_M_tight_E_tight_leading_lep_phi_plot.png has been created
Info in <TCanvas::Print>: png file BoostFLVMEJ_SS_M_tight_E_tight_subleading_lep_phi_plot.png has been created
Info in <TCanvas::Print>: png file BoostFLVMEJ_SS_M_tight_E_tight_fatjet_lsf3_plot.png has been created
THStack::BuildStack:0: RuntimeWarning: Histograms with a negative minimum may produce wrong plots
Info in <TCanvas::Print>: png file BoostFLVMEJ_SS_M_tight_E_tight_dphi_leadlep_fatjet_plot.png has been created
Info in <TCanvas::Print>: png file BoostFLVMEJ_SS_M_tight_E_tight_punum_plot.png has been created
Info in <TCanvas::Print>: png file BoostFLVMEJ_SS_M_tight_E_tight_jetnum_plot.png has been created
Info in <TCanvas::Print>: png file BoostFLVMEJ_SS_M_tight_E_not_tight_mlljj_plot.png has been created
Info in <TCanvas::Print>: png file BoostFLVMEJ_SS_M_tight_E_not_tight_dilepton_pt_plot.png has been created
Info in <TCanvas::Print>: png file BoostFLVMEJ_SS_M_tight_E_not_tight_leading_fatjet_pt_plot.png has been created
THStack::BuildStack:0: RuntimeWarning: Histograms with a negative minimum may produce wrong plots
Info in <TCanvas::Print>: png file BoostFLVMEJ_SS_M_tight_E_not_tight_leading_lep_pt_plot.png has been created
THStack::BuildStack:0: RuntimeWarning: Histograms with a negative minimum may produce wrong plots
Info in <TCanvas::Print>: png file BoostFLVMEJ_SS_M_tight_E_not_tight_subleading_lep_pt_plot.png has been created
THStack::BuildStack:0: RuntimeWarning: Histograms with a negative minimum may produce wrong plots
Info in <TCanvas::Print>: png file BoostFLVMEJ_SS_M_tight_E_not_tight_fatjet_SDMass_plot.png has been created
THStack::BuildStack:0: RuntimeWarning: Histograms with a negative minimum may produce wrong plots
THStack::BuildStack:0: RuntimeWarning: Histograms with a negative minimum may produce wrong plots
Info in <TCanvas::Print>: png file BoostFLVMEJ_SS_M_tight_E_not_tight_fatjet_pt_plot.png has been created
THStack::BuildStack:0: RuntimeWarning: Histograms with a negative minimum may produce wrong plots
Info in <TCanvas::Print>: png file BoostFLVMEJ_SS_M_tight_E_not_tight_leading_lep_eta_plot.png has been created
Info in <TCanvas::Print>: png file BoostFLVMEJ_SS_M_tight_E_not_tight_subleading_lep_eta_plot.png has been created
Info in <TCanvas::Print>: png file BoostFLVMEJ_SS_M_tight_E_not_tight_fatjet_eta_plot.png has been created
Info in <TCanvas::Print>: png file BoostFLVMEJ_SS_M_tight_E_not_tight_fatjet_phi_plot.png has been created
Info in <TCanvas::Print>: png file BoostFLVMEJ_SS_M_tight_E_not_tight_deltaR_leadlep_fatjet_plot.png has been created
Info in <TCanvas::Print>: png file BoostFLVMEJ_SS_M_tight_E_not_tight_leadlep_lsf_plot.png has been created
THStack::BuildStack:0: RuntimeWarning: Histograms with a negative minimum may produce wrong plots
THStack::BuildStack:0: RuntimeWarning: Histograms with a negative minimum may produce wrong plots
Info in <TCanvas::Print>: png file BoostFLVMEJ_SS_M_tight_E_not_tight_mll_plot.png has been created
Info in <TCanvas::Print>: png file BoostFLVMEJ_SS_M_tight_E_not_tight_dilepton_mass_plot.png has been created
Info in <TCanvas::Print>: png file BoostFLVMEJ_SS_M_tight_E_not_tight_dilepton_eta_plot.png has been created
Info in <TCanvas::Print>: png file BoostFLVMEJ_SS_M_tight_E_not_tight_dilepton_phi_plot.png has been created
THStack::BuildStack:0: RuntimeWarning: Histograms with a negative minimum may produce wrong plots
Info in <TCanvas::Print>: png file BoostFLVMEJ_SS_M_tight_E_not_tight_WR_pt_plot.png has been created
THStack::BuildStack:0: RuntimeWarning: Histograms with a negative minimum may produce wrong plots
Info in <TCanvas::Print>: png file BoostFLVMEJ_SS_M_tight_E_not_tight_WR_eta_plot.png has been created
Info in <TCanvas::Print>: png file BoostFLVMEJ_SS_M_tight_E_not_tight_WR_phi_plot.png has been created
Info in <TCanvas::Print>: png file BoostFLVMEJ_SS_M_tight_E_not_tight_leading_lep_phi_plot.png has been created
Info in <TCanvas::Print>: png file BoostFLVMEJ_SS_M_tight_E_not_tight_subleading_lep_phi_plot.png has been created
Info in <TCanvas::Print>: png file BoostFLVMEJ_SS_M_tight_E_not_tight_fatjet_lsf3_plot.png has been created
Info in <TCanvas::Print>: png file BoostFLVMEJ_SS_M_tight_E_not_tight_dphi_leadlep_fatjet_plot.png has been created
Info in <TCanvas::Print>: png file BoostFLVMEJ_SS_M_tight_E_not_tight_punum_plot.png has been created
Info in <TCanvas::Print>: png file BoostFLVMEJ_SS_M_tight_E_not_tight_jetnum_plot.png has been created
Info in <TCanvas::Print>: png file BoostFLVMEJ_SS_M_not_tight_E_tight_mlljj_plot.png has been created
Info in <TCanvas::Print>: png file BoostFLVMEJ_SS_M_not_tight_E_tight_dilepton_pt_plot.png has been created
Info in <TCanvas::Print>: png file BoostFLVMEJ_SS_M_not_tight_E_tight_leading_fatjet_pt_plot.png has been created
Info in <TCanvas::Print>: png file BoostFLVMEJ_SS_M_not_tight_E_tight_leading_lep_pt_plot.png has been created
Info in <TCanvas::Print>: png file BoostFLVMEJ_SS_M_not_tight_E_tight_subleading_lep_pt_plot.png has been created
Info in <TCanvas::Print>: png file BoostFLVMEJ_SS_M_not_tight_E_tight_fatjet_SDMass_plot.png has been created
Info in <TCanvas::Print>: png file BoostFLVMEJ_SS_M_not_tight_E_tight_fatjet_pt_plot.png has been created
Info in <TCanvas::Print>: png file BoostFLVMEJ_SS_M_not_tight_E_tight_leading_lep_eta_plot.png has been created
Info in <TCanvas::Print>: png file BoostFLVMEJ_SS_M_not_tight_E_tight_subleading_lep_eta_plot.png has been created
Info in <TCanvas::Print>: png file BoostFLVMEJ_SS_M_not_tight_E_tight_fatjet_eta_plot.png has been created
Info in <TCanvas::Print>: png file BoostFLVMEJ_SS_M_not_tight_E_tight_fatjet_phi_plot.png has been created
Info in <TCanvas::Print>: png file BoostFLVMEJ_SS_M_not_tight_E_tight_deltaR_leadlep_fatjet_plot.png has been created
Info in <TCanvas::Print>: png file BoostFLVMEJ_SS_M_not_tight_E_tight_leadlep_lsf_plot.png has been created
Info in <TCanvas::Print>: png file BoostFLVMEJ_SS_M_not_tight_E_tight_mll_plot.png has been created
Info in <TCanvas::Print>: png file BoostFLVMEJ_SS_M_not_tight_E_tight_dilepton_mass_plot.png has been created
Info in <TCanvas::Print>: png file BoostFLVMEJ_SS_M_not_tight_E_tight_dilepton_eta_plot.png has been created
Info in <TCanvas::Print>: png file BoostFLVMEJ_SS_M_not_tight_E_tight_dilepton_phi_plot.png has been created
Info in <TCanvas::Print>: png file BoostFLVMEJ_SS_M_not_tight_E_tight_WR_pt_plot.png has been created
Info in <TCanvas::Print>: png file BoostFLVMEJ_SS_M_not_tight_E_tight_WR_eta_plot.png has been created
Info in <TCanvas::Print>: png file BoostFLVMEJ_SS_M_not_tight_E_tight_WR_phi_plot.png has been created
Info in <TCanvas::Print>: png file BoostFLVMEJ_SS_M_not_tight_E_tight_leading_lep_phi_plot.png has been created
Info in <TCanvas::Print>: png file BoostFLVMEJ_SS_M_not_tight_E_tight_subleading_lep_phi_plot.png has been created
Info in <TCanvas::Print>: png file BoostFLVMEJ_SS_M_not_tight_E_tight_fatjet_lsf3_plot.png has been created
Info in <TCanvas::Print>: png file BoostFLVMEJ_SS_M_not_tight_E_tight_dphi_leadlep_fatjet_plot.png has been created
Info in <TCanvas::Print>: png file BoostFLVMEJ_SS_M_not_tight_E_tight_punum_plot.png has been created
Info in <TCanvas::Print>: png file BoostFLVMEJ_SS_M_not_tight_E_tight_jetnum_plot.png has been created
Info in <TCanvas::Print>: png file BoostFLVMEJ_SS_M_not_tight_E_not_tight_mlljj_plot.png has been created
Info in <TCanvas::Print>: png file BoostFLVMEJ_SS_M_not_tight_E_not_tight_dilepton_pt_plot.png has been created
Info in <TCanvas::Print>: png file BoostFLVMEJ_SS_M_not_tight_E_not_tight_leading_fatjet_pt_plot.png has been created
Info in <TCanvas::Print>: png file BoostFLVMEJ_SS_M_not_tight_E_not_tight_leading_lep_pt_plot.png has been created
Info in <TCanvas::Print>: png file BoostFLVMEJ_SS_M_not_tight_E_not_tight_subleading_lep_pt_plot.png has been created
Info in <TCanvas::Print>: png file BoostFLVMEJ_SS_M_not_tight_E_not_tight_fatjet_SDMass_plot.png has been created
Info in <TCanvas::Print>: png file BoostFLVMEJ_SS_M_not_tight_E_not_tight_fatjet_pt_plot.png has been created
Info in <TCanvas::Print>: png file BoostFLVMEJ_SS_M_not_tight_E_not_tight_leading_lep_eta_plot.png has been created
Info in <TCanvas::Print>: png file BoostFLVMEJ_SS_M_not_tight_E_not_tight_subleading_lep_eta_plot.png has been created
Info in <TCanvas::Print>: png file BoostFLVMEJ_SS_M_not_tight_E_not_tight_fatjet_eta_plot.png has been created
Info in <TCanvas::Print>: png file BoostFLVMEJ_SS_M_not_tight_E_not_tight_fatjet_phi_plot.png has been created
Info in <TCanvas::Print>: png file BoostFLVMEJ_SS_M_not_tight_E_not_tight_deltaR_leadlep_fatjet_plot.png has been created
Info in <TCanvas::Print>: png file BoostFLVMEJ_SS_M_not_tight_E_not_tight_leadlep_lsf_plot.png has been created
Info in <TCanvas::Print>: png file BoostFLVMEJ_SS_M_not_tight_E_not_tight_mll_plot.png has been created
Info in <TCanvas::Print>: png file BoostFLVMEJ_SS_M_not_tight_E_not_tight_dilepton_mass_plot.png has been created
Info in <TCanvas::Print>: png file BoostFLVMEJ_SS_M_not_tight_E_not_tight_dilepton_eta_plot.png has been created
Info in <TCanvas::Print>: png file BoostFLVMEJ_SS_M_not_tight_E_not_tight_dilepton_phi_plot.png has been created
Info in <TCanvas::Print>: png file BoostFLVMEJ_SS_M_not_tight_E_not_tight_WR_pt_plot.png has been created
Info in <TCanvas::Print>: png file BoostFLVMEJ_SS_M_not_tight_E_not_tight_WR_eta_plot.png has been created
Info in <TCanvas::Print>: png file BoostFLVMEJ_SS_M_not_tight_E_not_tight_WR_phi_plot.png has been created
Info in <TCanvas::Print>: png file BoostFLVMEJ_SS_M_not_tight_E_not_tight_leading_lep_phi_plot.png has been created
Info in <TCanvas::Print>: png file BoostFLVMEJ_SS_M_not_tight_E_not_tight_subleading_lep_phi_plot.png has been created
Info in <TCanvas::Print>: png file BoostFLVMEJ_SS_M_not_tight_E_not_tight_fatjet_lsf3_plot.png has been created
Info in <TCanvas::Print>: png file BoostFLVMEJ_SS_M_not_tight_E_not_tight_dphi_leadlep_fatjet_plot.png has been created
Info in <TCanvas::Print>: png file BoostFLVMEJ_SS_M_not_tight_E_not_tight_punum_plot.png has been created
Info in <TCanvas::Print>: png file BoostFLVMEJ_SS_M_not_tight_E_not_tight_jetnum_plot.png has been created
